[0.102s] Invoking command in '/home/xplore/Desktop/AV_ws/BRoCo/build/RocoRos': CMAKE_PREFIX_PATH=${CMAKE_PREFIX_PATH}:/opt/ros/foxy /usr/bin/cmake --build /home/xplore/Desktop/AV_ws/BRoCo/build/RocoRos -- -j8 -l8
[0.269s] [35m[1mScanning dependencies of target cringe[0m
[0.353s] [ 14%] [32mBuilding CXX object CMakeFiles/cringe.dir/src/MessageBus.cpp.o[0m
[0.932s] [01m[K/home/xplore/Desktop/AV_ws/BRoCo/src/RocoRos/src/MessageBus.cpp:[m[K In member function ‘[01m[Kbool MessageBus::define(uint8_t)[m[K’:
[0.932s] [01m[K/home/xplore/Desktop/AV_ws/BRoCo/src/RocoRos/src/MessageBus.cpp:90:19:[m[K [01;31m[Kerror: [m[Kexpected ‘[01m[K;[m[K’ before ‘[01m[Kreturn[m[K’
[0.933s]    90 |  printf("success")
[0.933s]       |                   [01;31m[K^[m[K
[0.933s]       |                   [32m[K;[m[K
[0.934s]    91 |  [32m[Kreturn[m[K true;
[0.934s]       |  [32m[K~~~~~~[m[K            
[0.937s] [01m[K/home/xplore/Desktop/AV_ws/BRoCo/src/RocoRos/src/MessageBus.cpp:[m[K In member function ‘[01m[Kvoid MessageBus::receive(uint8_t, uint8_t*, uint32_t)[m[K’:
[0.937s] [01m[K/home/xplore/Desktop/AV_ws/BRoCo/src/RocoRos/src/MessageBus.cpp:249:21:[m[K [01;35m[Kwarning: [m[Kformat ‘[01m[K%d[m[K’ expects argument of type ‘[01m[Kint[m[K’, but argument 2 has type ‘[01m[Ksize_t[m[K’ {aka ‘[01m[Klong unsigned int[m[K’} [[01;35m[K-Wformat=[m[K]
[0.937s]   249 |    printf("Buffer: [01;35m[K%d[m[K\r\n", [32m[Kindexable_buffer->index[m[K);
[0.938s]       |                    [01;35m[K~^[m[K       [32m[K~~~~~~~~~~~~~~~~~~~~~~~[m[K
[0.939s]       |                     [01;35m[K|[m[K                         [32m[K|[m[K
[0.939s]       |                     [01;35m[Kint[m[K                       [32m[Ksize_t {aka long unsigned int}[m[K
[0.939s]       |                    [32m[K%ld[m[K
[0.940s] [01m[K/home/xplore/Desktop/AV_ws/BRoCo/src/RocoRos/src/MessageBus.cpp:259:17:[m[K [01;35m[Kwarning: [m[Kformat ‘[01m[K%d[m[K’ expects argument of type ‘[01m[Kint[m[K’, but argument 2 has type ‘[01m[Ksize_t[m[K’ {aka ‘[01m[Klong unsigned int[m[K’} [[01;35m[K-Wformat=[m[K]
[0.940s]   259 |    printf("Got [01;35m[K%d[m[K out of %d\r\n", [32m[Kcopy_length[m[K, remaining_size);
[0.940s]       |                [01;35m[K~^[m[K                 [32m[K~~~~~~~~~~~[m[K
[0.941s]       |                 [01;35m[K|[m[K                 [32m[K|[m[K
[0.941s]       |                 [01;35m[Kint[m[K               [32m[Ksize_t {aka long unsigned int}[m[K
[0.941s]       |                [32m[K%ld[m[K
[0.942s] [01m[K/home/xplore/Desktop/AV_ws/BRoCo/src/RocoRos/src/MessageBus.cpp:259:27:[m[K [01;35m[Kwarning: [m[Kformat ‘[01m[K%d[m[K’ expects argument of type ‘[01m[Kint[m[K’, but argument 3 has type ‘[01m[Ksize_t[m[K’ {aka ‘[01m[Klong unsigned int[m[K’} [[01;35m[K-Wformat=[m[K]
[0.942s]   259 |    printf("Got %d out of [01;35m[K%d[m[K\r\n", copy_length, [32m[Kremaining_size[m[K);
[0.942s]       |                          [01;35m[K~^[m[K                    [32m[K~~~~~~~~~~~~~~[m[K
[0.943s]       |                           [01;35m[K|[m[K                    [32m[K|[m[K
[0.943s]       |                           [01;35m[Kint[m[K                  [32m[Ksize_t {aka long unsigned int}[m[K
[0.943s]       |                          [32m[K%ld[m[K
[0.982s] /home/xplore/Desktop/AV_ws/BRoCo/src/RocoRos/src/MessageBus.cpp: In instantiation of ‘[01m[Kbool MessageBus::define(uint8_t) [with T = DataPacket; uint8_t = unsigned char][m[K’:
[0.982s] [01m[K/home/xplore/Desktop/AV_ws/BRoCo/src/RocoRos/src/../include/RocoRos/Protocol/ProtocolRegisters.h:88:1:[m[K   required from here
[0.983s] [01m[K/home/xplore/Desktop/AV_ws/BRoCo/src/RocoRos/src/MessageBus.cpp:58:23:[m[K [01;35m[Kwarning: [m[Kformat ‘[01m[K%d[m[K’ expects argument of type ‘[01m[Kint[m[K’, but argument 2 has type ‘[01m[Ksize_t[m[K’ {aka ‘[01m[Klong unsigned int[m[K’} [[01;35m[K-Wformat=[m[K]
[0.983s]    58 |    printf("hash is : [01;35m[K%d[m[K", definitions_by_id[identifier & 0b00111111].hash);
[0.983s]       |                      [01;35m[K~^[m[K
[0.983s]       |                       [01;35m[K|[m[K
[0.984s]       |                       [01;35m[Kint[m[K
[0.984s]       |                      [32m[K%ld[m[K
[0.984s] [01m[K/home/xplore/Desktop/AV_ws/BRoCo/src/RocoRos/src/MessageBus.cpp:64:24:[m[K [01;35m[Kwarning: [m[Kformat ‘[01m[K%d[m[K’ expects argument of type ‘[01m[Kint[m[K’, but argument 2 has type ‘[01m[Ksize_t[m[K’ {aka ‘[01m[Klong unsigned int[m[K’} [[01;35m[K-Wformat=[m[K]
[0.985s]    64 |    printf("hash2 is : [01;35m[K%d[m[K", [32m[Khash[m[K);
[0.985s]       |                       [01;35m[K~^[m[K   [32m[K~~~~[m[K
[0.985s]       |                        [01;35m[K|[m[K   [32m[K|[m[K
[0.985s]       |                        [01;35m[Kint[m[K [32m[Ksize_t {aka long unsigned int}[m[K
[0.986s]       |                       [32m[K%ld[m[K
[0.986s] [01m[K/home/xplore/Desktop/AV_ws/BRoCo/src/RocoRos/src/MessageBus.cpp:71:25:[m[K [01;35m[Kwarning: [m[Kformat ‘[01m[K%d[m[K’ expects argument of type ‘[01m[Kint[m[K’, but argument 2 has type ‘[01m[Ksize_t[m[K’ {aka ‘[01m[Klong unsigned int[m[K’} [[01;35m[K-Wformat=[m[K]
[0.986s]    71 |     printf("hash3 is : [01;35m[K%d[m[K", [32m[Khash[m[K);
[0.987s]       |                        [01;35m[K~^[m[K   [32m[K~~~~[m[K
[0.987s]       |                         [01;35m[K|[m[K   [32m[K|[m[K
[0.987s]       |                         [01;35m[Kint[m[K [32m[Ksize_t {aka long unsigned int}[m[K
[0.987s]       |                        [32m[K%ld[m[K
[0.991s] /home/xplore/Desktop/AV_ws/BRoCo/src/RocoRos/src/MessageBus.cpp: In instantiation of ‘[01m[Kbool MessageBus::define(uint8_t) [with T = PingPacket; uint8_t = unsigned char][m[K’:
[0.991s] [01m[K/home/xplore/Desktop/AV_ws/BRoCo/src/RocoRos/src/../include/RocoRos/Protocol/ProtocolRegisters.h:89:1:[m[K   required from here
[0.992s] [01m[K/home/xplore/Desktop/AV_ws/BRoCo/src/RocoRos/src/MessageBus.cpp:58:23:[m[K [01;35m[Kwarning: [m[Kformat ‘[01m[K%d[m[K’ expects argument of type ‘[01m[Kint[m[K’, but argument 2 has type ‘[01m[Ksize_t[m[K’ {aka ‘[01m[Klong unsigned int[m[K’} [[01;35m[K-Wformat=[m[K]
[0.992s]    58 |    printf("hash is : [01;35m[K%d[m[K", definitions_by_id[identifier & 0b00111111].hash);
[0.992s]       |                      [01;35m[K~^[m[K
[0.992s]       |                       [01;35m[K|[m[K
[0.993s]       |                       [01;35m[Kint[m[K
[0.993s]       |                      [32m[K%ld[m[K
[0.993s] [01m[K/home/xplore/Desktop/AV_ws/BRoCo/src/RocoRos/src/MessageBus.cpp:64:24:[m[K [01;35m[Kwarning: [m[Kformat ‘[01m[K%d[m[K’ expects argument of type ‘[01m[Kint[m[K’, but argument 2 has type ‘[01m[Ksize_t[m[K’ {aka ‘[01m[Klong unsigned int[m[K’} [[01;35m[K-Wformat=[m[K]
[0.994s]    64 |    printf("hash2 is : [01;35m[K%d[m[K", [32m[Khash[m[K);
[0.994s]       |                       [01;35m[K~^[m[K   [32m[K~~~~[m[K
[0.994s]       |                        [01;35m[K|[m[K   [32m[K|[m[K
[0.994s]       |                        [01;35m[Kint[m[K [32m[Ksize_t {aka long unsigned int}[m[K
[0.995s]       |                       [32m[K%ld[m[K
[0.995s] [01m[K/home/xplore/Desktop/AV_ws/BRoCo/src/RocoRos/src/MessageBus.cpp:71:25:[m[K [01;35m[Kwarning: [m[Kformat ‘[01m[K%d[m[K’ expects argument of type ‘[01m[Kint[m[K’, but argument 2 has type ‘[01m[Ksize_t[m[K’ {aka ‘[01m[Klong unsigned int[m[K’} [[01;35m[K-Wformat=[m[K]
[0.995s]    71 |     printf("hash3 is : [01;35m[K%d[m[K", [32m[Khash[m[K);
[0.995s]       |                        [01;35m[K~^[m[K   [32m[K~~~~[m[K
[0.996s]       |                         [01;35m[K|[m[K   [32m[K|[m[K
[0.996s]       |                         [01;35m[Kint[m[K [32m[Ksize_t {aka long unsigned int}[m[K
[0.996s]       |                        [32m[K%ld[m[K
[1.000s] /home/xplore/Desktop/AV_ws/BRoCo/src/RocoRos/src/MessageBus.cpp: In instantiation of ‘[01m[Kbool MessageBus::define(uint8_t) [with T = ErrorPacket; uint8_t = unsigned char][m[K’:
[1.001s] [01m[K/home/xplore/Desktop/AV_ws/BRoCo/src/RocoRos/src/../include/RocoRos/Protocol/ProtocolRegisters.h:90:1:[m[K   required from here
[1.001s] [01m[K/home/xplore/Desktop/AV_ws/BRoCo/src/RocoRos/src/MessageBus.cpp:58:23:[m[K [01;35m[Kwarning: [m[Kformat ‘[01m[K%d[m[K’ expects argument of type ‘[01m[Kint[m[K’, but argument 2 has type ‘[01m[Ksize_t[m[K’ {aka ‘[01m[Klong unsigned int[m[K’} [[01;35m[K-Wformat=[m[K]
[1.001s]    58 |    printf("hash is : [01;35m[K%d[m[K", definitions_by_id[identifier & 0b00111111].hash);
[1.001s]       |                      [01;35m[K~^[m[K
[1.002s]       |                       [01;35m[K|[m[K
[1.002s]       |                       [01;35m[Kint[m[K
[1.002s]       |                      [32m[K%ld[m[K
[1.003s] [01m[K/home/xplore/Desktop/AV_ws/BRoCo/src/RocoRos/src/MessageBus.cpp:64:24:[m[K [01;35m[Kwarning: [m[Kformat ‘[01m[K%d[m[K’ expects argument of type ‘[01m[Kint[m[K’, but argument 2 has type ‘[01m[Ksize_t[m[K’ {aka ‘[01m[Klong unsigned int[m[K’} [[01;35m[K-Wformat=[m[K]
[1.003s]    64 |    printf("hash2 is : [01;35m[K%d[m[K", [32m[Khash[m[K);
[1.003s]       |                       [01;35m[K~^[m[K   [32m[K~~~~[m[K
[1.004s]       |                        [01;35m[K|[m[K   [32m[K|[m[K
[1.004s]       |                        [01;35m[Kint[m[K [32m[Ksize_t {aka long unsigned int}[m[K
[1.004s]       |                       [32m[K%ld[m[K
[1.004s] [01m[K/home/xplore/Desktop/AV_ws/BRoCo/src/RocoRos/src/MessageBus.cpp:71:25:[m[K [01;35m[Kwarning: [m[Kformat ‘[01m[K%d[m[K’ expects argument of type ‘[01m[Kint[m[K’, but argument 2 has type ‘[01m[Ksize_t[m[K’ {aka ‘[01m[Klong unsigned int[m[K’} [[01;35m[K-Wformat=[m[K]
[1.005s]    71 |     printf("hash3 is : [01;35m[K%d[m[K", [32m[Khash[m[K);
[1.005s]       |                        [01;35m[K~^[m[K   [32m[K~~~~[m[K
[1.005s]       |                         [01;35m[K|[m[K   [32m[K|[m[K
[1.005s]       |                         [01;35m[Kint[m[K [32m[Ksize_t {aka long unsigned int}[m[K
[1.006s]       |                        [32m[K%ld[m[K
[1.009s] /home/xplore/Desktop/AV_ws/BRoCo/src/RocoRos/src/MessageBus.cpp: In instantiation of ‘[01m[Kbool MessageBus::define(uint8_t) [with T = RequestPacket; uint8_t = unsigned char][m[K’:
[1.010s] [01m[K/home/xplore/Desktop/AV_ws/BRoCo/src/RocoRos/src/../include/RocoRos/Protocol/ProtocolRegisters.h:91:1:[m[K   required from here
[1.010s] [01m[K/home/xplore/Desktop/AV_ws/BRoCo/src/RocoRos/src/MessageBus.cpp:58:23:[m[K [01;35m[Kwarning: [m[Kformat ‘[01m[K%d[m[K’ expects argument of type ‘[01m[Kint[m[K’, but argument 2 has type ‘[01m[Ksize_t[m[K’ {aka ‘[01m[Klong unsigned int[m[K’} [[01;35m[K-Wformat=[m[K]
[1.011s]    58 |    printf("hash is : [01;35m[K%d[m[K", definitions_by_id[identifier & 0b00111111].hash);
[1.011s]       |                      [01;35m[K~^[m[K
[1.011s]       |                       [01;35m[K|[m[K
[1.011s]       |                       [01;35m[Kint[m[K
[1.012s]       |                      [32m[K%ld[m[K
[1.012s] [01m[K/home/xplore/Desktop/AV_ws/BRoCo/src/RocoRos/src/MessageBus.cpp:64:24:[m[K [01;35m[Kwarning: [m[Kformat ‘[01m[K%d[m[K’ expects argument of type ‘[01m[Kint[m[K’, but argument 2 has type ‘[01m[Ksize_t[m[K’ {aka ‘[01m[Klong unsigned int[m[K’} [[01;35m[K-Wformat=[m[K]
[1.013s]    64 |    printf("hash2 is : [01;35m[K%d[m[K", [32m[Khash[m[K);
[1.013s]       |                       [01;35m[K~^[m[K   [32m[K~~~~[m[K
[1.014s]       |                        [01;35m[K|[m[K   [32m[K|[m[K
[1.014s]       |                        [01;35m[Kint[m[K [32m[Ksize_t {aka long unsigned int}[m[K
[1.014s]       |                       [32m[K%ld[m[K
[1.015s] [01m[K/home/xplore/Desktop/AV_ws/BRoCo/src/RocoRos/src/MessageBus.cpp:71:25:[m[K [01;35m[Kwarning: [m[Kformat ‘[01m[K%d[m[K’ expects argument of type ‘[01m[Kint[m[K’, but argument 2 has type ‘[01m[Ksize_t[m[K’ {aka ‘[01m[Klong unsigned int[m[K’} [[01;35m[K-Wformat=[m[K]
[1.015s]    71 |     printf("hash3 is : [01;35m[K%d[m[K", [32m[Khash[m[K);
[1.015s]       |                        [01;35m[K~^[m[K   [32m[K~~~~[m[K
[1.015s]       |                         [01;35m[K|[m[K   [32m[K|[m[K
[1.016s]       |                         [01;35m[Kint[m[K [32m[Ksize_t {aka long unsigned int}[m[K
[1.016s]       |                        [32m[K%ld[m[K
[1.020s] /home/xplore/Desktop/AV_ws/BRoCo/src/RocoRos/src/MessageBus.cpp: In instantiation of ‘[01m[Kbool MessageBus::define(uint8_t) [with T = ResponsePacket; uint8_t = unsigned char][m[K’:
[1.021s] [01m[K/home/xplore/Desktop/AV_ws/BRoCo/src/RocoRos/src/../include/RocoRos/Protocol/ProtocolRegisters.h:92:1:[m[K   required from here
[1.021s] [01m[K/home/xplore/Desktop/AV_ws/BRoCo/src/RocoRos/src/MessageBus.cpp:58:23:[m[K [01;35m[Kwarning: [m[Kformat ‘[01m[K%d[m[K’ expects argument of type ‘[01m[Kint[m[K’, but argument 2 has type ‘[01m[Ksize_t[m[K’ {aka ‘[01m[Klong unsigned int[m[K’} [[01;35m[K-Wformat=[m[K]
[1.021s]    58 |    printf("hash is : [01;35m[K%d[m[K", definitions_by_id[identifier & 0b00111111].hash);
[1.022s]       |                      [01;35m[K~^[m[K
[1.022s]       |                       [01;35m[K|[m[K
[1.022s]       |                       [01;35m[Kint[m[K
[1.022s]       |                      [32m[K%ld[m[K
[1.023s] [01m[K/home/xplore/Desktop/AV_ws/BRoCo/src/RocoRos/src/MessageBus.cpp:64:24:[m[K [01;35m[Kwarning: [m[Kformat ‘[01m[K%d[m[K’ expects argument of type ‘[01m[Kint[m[K’, but argument 2 has type ‘[01m[Ksize_t[m[K’ {aka ‘[01m[Klong unsigned int[m[K’} [[01;35m[K-Wformat=[m[K]
[1.023s]    64 |    printf("hash2 is : [01;35m[K%d[m[K", [32m[Khash[m[K);
[1.023s]       |                       [01;35m[K~^[m[K   [32m[K~~~~[m[K
[1.023s]       |                        [01;35m[K|[m[K   [32m[K|[m[K
[1.024s]       |                        [01;35m[Kint[m[K [32m[Ksize_t {aka long unsigned int}[m[K
[1.024s]       |                       [32m[K%ld[m[K
[1.024s] [01m[K/home/xplore/Desktop/AV_ws/BRoCo/src/RocoRos/src/MessageBus.cpp:71:25:[m[K [01;35m[Kwarning: [m[Kformat ‘[01m[K%d[m[K’ expects argument of type ‘[01m[Kint[m[K’, but argument 2 has type ‘[01m[Ksize_t[m[K’ {aka ‘[01m[Klong unsigned int[m[K’} [[01;35m[K-Wformat=[m[K]
[1.024s]    71 |     printf("hash3 is : [01;35m[K%d[m[K", [32m[Khash[m[K);
[1.025s]       |                        [01;35m[K~^[m[K   [32m[K~~~~[m[K
[1.025s]       |                         [01;35m[K|[m[K   [32m[K|[m[K
[1.025s]       |                         [01;35m[Kint[m[K [32m[Ksize_t {aka long unsigned int}[m[K
[1.025s]       |                        [32m[K%ld[m[K
[1.029s] /home/xplore/Desktop/AV_ws/BRoCo/src/RocoRos/src/MessageBus.cpp: In instantiation of ‘[01m[Kbool MessageBus::define(uint8_t) [with T = ProgressPacket; uint8_t = unsigned char][m[K’:
[1.029s] [01m[K/home/xplore/Desktop/AV_ws/BRoCo/src/RocoRos/src/../include/RocoRos/Protocol/ProtocolRegisters.h:93:1:[m[K   required from here
[1.029s] [01m[K/home/xplore/Desktop/AV_ws/BRoCo/src/RocoRos/src/MessageBus.cpp:58:23:[m[K [01;35m[Kwarning: [m[Kformat ‘[01m[K%d[m[K’ expects argument of type ‘[01m[Kint[m[K’, but argument 2 has type ‘[01m[Ksize_t[m[K’ {aka ‘[01m[Klong unsigned int[m[K’} [[01;35m[K-Wformat=[m[K]
[1.030s]    58 |    printf("hash is : [01;35m[K%d[m[K", definitions_by_id[identifier & 0b00111111].hash);
[1.030s]       |                      [01;35m[K~^[m[K
[1.030s]       |                       [01;35m[K|[m[K
[1.031s]       |                       [01;35m[Kint[m[K
[1.031s]       |                      [32m[K%ld[m[K
[1.031s] [01m[K/home/xplore/Desktop/AV_ws/BRoCo/src/RocoRos/src/MessageBus.cpp:64:24:[m[K [01;35m[Kwarning: [m[Kformat ‘[01m[K%d[m[K’ expects argument of type ‘[01m[Kint[m[K’, but argument 2 has type ‘[01m[Ksize_t[m[K’ {aka ‘[01m[Klong unsigned int[m[K’} [[01;35m[K-Wformat=[m[K]
[1.031s]    64 |    printf("hash2 is : [01;35m[K%d[m[K", [32m[Khash[m[K);
[1.032s]       |                       [01;35m[K~^[m[K   [32m[K~~~~[m[K
[1.032s]       |                        [01;35m[K|[m[K   [32m[K|[m[K
[1.032s]       |                        [01;35m[Kint[m[K [32m[Ksize_t {aka long unsigned int}[m[K
[1.032s]       |                       [32m[K%ld[m[K
[1.033s] [01m[K/home/xplore/Desktop/AV_ws/BRoCo/src/RocoRos/src/MessageBus.cpp:71:25:[m[K [01;35m[Kwarning: [m[Kformat ‘[01m[K%d[m[K’ expects argument of type ‘[01m[Kint[m[K’, but argument 2 has type ‘[01m[Ksize_t[m[K’ {aka ‘[01m[Klong unsigned int[m[K’} [[01;35m[K-Wformat=[m[K]
[1.033s]    71 |     printf("hash3 is : [01;35m[K%d[m[K", [32m[Khash[m[K);
[1.033s]       |                        [01;35m[K~^[m[K   [32m[K~~~~[m[K
[1.033s]       |                         [01;35m[K|[m[K   [32m[K|[m[K
[1.034s]       |                         [01;35m[Kint[m[K [32m[Ksize_t {aka long unsigned int}[m[K
[1.034s]       |                        [32m[K%ld[m[K
[1.038s] /home/xplore/Desktop/AV_ws/BRoCo/src/RocoRos/src/MessageBus.cpp: In instantiation of ‘[01m[Kbool MessageBus::define(uint8_t) [with T = DummySystem_DummyPacket; uint8_t = unsigned char][m[K’:
[1.038s] [01m[K/home/xplore/Desktop/AV_ws/BRoCo/src/RocoRos/src/../include/RocoRos/Protocol/ProtocolRegisters.h:94:1:[m[K   required from here
[1.039s] [01m[K/home/xplore/Desktop/AV_ws/BRoCo/src/RocoRos/src/MessageBus.cpp:58:23:[m[K [01;35m[Kwarning: [m[Kformat ‘[01m[K%d[m[K’ expects argument of type ‘[01m[Kint[m[K’, but argument 2 has type ‘[01m[Ksize_t[m[K’ {aka ‘[01m[Klong unsigned int[m[K’} [[01;35m[K-Wformat=[m[K]
[1.039s]    58 |    printf("hash is : [01;35m[K%d[m[K", definitions_by_id[identifier & 0b00111111].hash);
[1.039s]       |                      [01;35m[K~^[m[K
[1.039s]       |                       [01;35m[K|[m[K
[1.040s]       |                       [01;35m[Kint[m[K
[1.040s]       |                      [32m[K%ld[m[K
[1.040s] [01m[K/home/xplore/Desktop/AV_ws/BRoCo/src/RocoRos/src/MessageBus.cpp:64:24:[m[K [01;35m[Kwarning: [m[Kformat ‘[01m[K%d[m[K’ expects argument of type ‘[01m[Kint[m[K’, but argument 2 has type ‘[01m[Ksize_t[m[K’ {aka ‘[01m[Klong unsigned int[m[K’} [[01;35m[K-Wformat=[m[K]
[1.040s]    64 |    printf("hash2 is : [01;35m[K%d[m[K", [32m[Khash[m[K);
[1.041s]       |                       [01;35m[K~^[m[K   [32m[K~~~~[m[K
[1.041s]       |                        [01;35m[K|[m[K   [32m[K|[m[K
[1.041s]       |                        [01;35m[Kint[m[K [32m[Ksize_t {aka long unsigned int}[m[K
[1.042s]       |                       [32m[K%ld[m[K
[1.042s] [01m[K/home/xplore/Desktop/AV_ws/BRoCo/src/RocoRos/src/MessageBus.cpp:71:25:[m[K [01;35m[Kwarning: [m[Kformat ‘[01m[K%d[m[K’ expects argument of type ‘[01m[Kint[m[K’, but argument 2 has type ‘[01m[Ksize_t[m[K’ {aka ‘[01m[Klong unsigned int[m[K’} [[01;35m[K-Wformat=[m[K]
[1.042s]    71 |     printf("hash3 is : [01;35m[K%d[m[K", [32m[Khash[m[K);
[1.042s]       |                        [01;35m[K~^[m[K   [32m[K~~~~[m[K
[1.043s]       |                         [01;35m[K|[m[K   [32m[K|[m[K
[1.043s]       |                         [01;35m[Kint[m[K [32m[Ksize_t {aka long unsigned int}[m[K
[1.043s]       |                        [32m[K%ld[m[K
[1.208s] [01m[K/home/xplore/Desktop/AV_ws/BRoCo/src/RocoRos/src/MessageBus.cpp:[m[K In member function ‘[01m[Kbool MessageBus::define(uint8_t) [with T = DataPacket][m[K’:
[1.208s] [01m[K/home/xplore/Desktop/AV_ws/BRoCo/src/RocoRos/src/MessageBus.cpp:92:1:[m[K [01;35m[Kwarning: [m[Kcontrol reaches end of non-void function [[01;35m[K-Wreturn-type[m[K]
[1.208s]    92 | [01;35m[K}[m[K
[1.209s]       | [01;35m[K^[m[K
[1.216s] [01m[K/home/xplore/Desktop/AV_ws/BRoCo/src/RocoRos/src/MessageBus.cpp:[m[K In member function ‘[01m[Kbool MessageBus::define(uint8_t) [with T = PingPacket][m[K’:
[1.216s] [01m[K/home/xplore/Desktop/AV_ws/BRoCo/src/RocoRos/src/MessageBus.cpp:92:1:[m[K [01;35m[Kwarning: [m[Kcontrol reaches end of non-void function [[01;35m[K-Wreturn-type[m[K]
[1.216s]    92 | [01;35m[K}[m[K
[1.217s]       | [01;35m[K^[m[K
[1.221s] [01m[K/home/xplore/Desktop/AV_ws/BRoCo/src/RocoRos/src/MessageBus.cpp:[m[K In member function ‘[01m[Kbool MessageBus::define(uint8_t) [with T = ErrorPacket][m[K’:
[1.221s] [01m[K/home/xplore/Desktop/AV_ws/BRoCo/src/RocoRos/src/MessageBus.cpp:92:1:[m[K [01;35m[Kwarning: [m[Kcontrol reaches end of non-void function [[01;35m[K-Wreturn-type[m[K]
[1.221s]    92 | [01;35m[K}[m[K
[1.222s]       | [01;35m[K^[m[K
[1.226s] [01m[K/home/xplore/Desktop/AV_ws/BRoCo/src/RocoRos/src/MessageBus.cpp:[m[K In member function ‘[01m[Kbool MessageBus::define(uint8_t) [with T = RequestPacket][m[K’:
[1.226s] [01m[K/home/xplore/Desktop/AV_ws/BRoCo/src/RocoRos/src/MessageBus.cpp:92:1:[m[K [01;35m[Kwarning: [m[Kcontrol reaches end of non-void function [[01;35m[K-Wreturn-type[m[K]
[1.227s]    92 | [01;35m[K}[m[K
[1.227s]       | [01;35m[K^[m[K
[1.231s] [01m[K/home/xplore/Desktop/AV_ws/BRoCo/src/RocoRos/src/MessageBus.cpp:[m[K In member function ‘[01m[Kbool MessageBus::define(uint8_t) [with T = ResponsePacket][m[K’:
[1.231s] [01m[K/home/xplore/Desktop/AV_ws/BRoCo/src/RocoRos/src/MessageBus.cpp:92:1:[m[K [01;35m[Kwarning: [m[Kcontrol reaches end of non-void function [[01;35m[K-Wreturn-type[m[K]
[1.231s]    92 | [01;35m[K}[m[K
[1.232s]       | [01;35m[K^[m[K
[1.236s] [01m[K/home/xplore/Desktop/AV_ws/BRoCo/src/RocoRos/src/MessageBus.cpp:[m[K In member function ‘[01m[Kbool MessageBus::define(uint8_t) [with T = ProgressPacket][m[K’:
[1.237s] [01m[K/home/xplore/Desktop/AV_ws/BRoCo/src/RocoRos/src/MessageBus.cpp:92:1:[m[K [01;35m[Kwarning: [m[Kcontrol reaches end of non-void function [[01;35m[K-Wreturn-type[m[K]
[1.237s]    92 | [01;35m[K}[m[K
[1.237s]       | [01;35m[K^[m[K
[1.242s] [01m[K/home/xplore/Desktop/AV_ws/BRoCo/src/RocoRos/src/MessageBus.cpp:[m[K In member function ‘[01m[Kbool MessageBus::define(uint8_t) [with T = DummySystem_DummyPacket][m[K’:
[1.242s] [01m[K/home/xplore/Desktop/AV_ws/BRoCo/src/RocoRos/src/MessageBus.cpp:92:1:[m[K [01;35m[Kwarning: [m[Kcontrol reaches end of non-void function [[01;35m[K-Wreturn-type[m[K]
[1.243s]    92 | [01;35m[K}[m[K
[1.243s]       | [01;35m[K^[m[K
[1.251s] In file included from [01m[K/home/xplore/Desktop/AV_ws/BRoCo/src/RocoRos/src/../include/RocoRos/Protocol/Protocol23.h:13[m[K,
[1.251s]                  from [01m[K/home/xplore/Desktop/AV_ws/BRoCo/src/RocoRos/src/../include/RocoRos/Protocol/Protocol.h:31[m[K,
[1.251s]                  from [01m[K/home/xplore/Desktop/AV_ws/BRoCo/src/RocoRos/src/../include/RocoRos/Protocol/ProtocolRegisters.h:13[m[K,
[1.251s]                  from [01m[K/home/xplore/Desktop/AV_ws/BRoCo/src/RocoRos/src/MessageBus.cpp:25[m[K:
[1.252s] [01m[K/home/xplore/Desktop/AV_ws/BRoCo/src/RocoRos/src/../include/RocoRos/Protocol/ProtocolMacros.h:[m[K At global scope:
[1.252s] [01m[K/home/xplore/Desktop/AV_ws/BRoCo/src/RocoRos/src/../include/RocoRos/Protocol/ProtocolMacros.h:10:17:[m[K [01;35m[Kwarning: [m[K‘[01m[Kuint16_t __gen_crc16(const uint8_t*, uint16_t)[m[K’ defined but not used [[01;35m[K-Wunused-function[m[K]
[1.252s]    10 | static uint16_t [01;35m[K__gen_crc16[m[K(const uint8_t *data, uint16_t size) {
[1.253s]       |                 [01;35m[K^~~~~~~~~~~[m[K
[1.268s] make[2]: *** [CMakeFiles/cringe.dir/build.make:76: CMakeFiles/cringe.dir/src/MessageBus.cpp.o] Error 1
[1.269s] make[1]: *** [CMakeFiles/Makefile2:78: CMakeFiles/cringe.dir/all] Error 2
[1.270s] make: *** [Makefile:141: all] Error 2
[1.280s] Invoked command in '/home/xplore/Desktop/AV_ws/BRoCo/build/RocoRos' returned '2': CMAKE_PREFIX_PATH=${CMAKE_PREFIX_PATH}:/opt/ros/foxy /usr/bin/cmake --build /home/xplore/Desktop/AV_ws/BRoCo/build/RocoRos -- -j8 -l8
