[0.102s] Invoking command in '/home/xplore/Desktop/AV_ws/BRoCo/build/RocoRos': CMAKE_PREFIX_PATH=${CMAKE_PREFIX_PATH}:/opt/ros/foxy /usr/bin/cmake --build /home/xplore/Desktop/AV_ws/BRoCo/build/RocoRos -- -j8 -l8
[0.271s] [35m[1mScanning dependencies of target cringe[0m
[0.414s] [ 14%] [32mBuilding CXX object CMakeFiles/cringe.dir/src/MessageBus.cpp.o[0m
[0.415s] [ 28%] [32mBuilding CXX object CMakeFiles/cringe.dir/src/RocoRos.cpp.o[0m
[0.994s] In file included from [01m[K/home/xplore/Desktop/AV_ws/BRoCo/src/RocoRos/src/MessageBus.cpp:12[m[K:
[0.995s] [01m[K/home/xplore/Desktop/AV_ws/BRoCo/src/RocoRos/src/../include/RocoRos/MessageBus.h:51:45:[m[K [01;35m[Kwarning: [m[Kmissing initializer for member ‘[01m[KPacketDefinition::size[m[K’ [[01;35m[K-Wmissing-field-initializers[m[K]
[0.996s]    51 |  PacketDefinition definitions_by_id[64] = {0[01;35m[K}[m[K;
[0.996s]       |                                             [01;35m[K^[m[K
[0.996s] [01m[K/home/xplore/Desktop/AV_ws/BRoCo/src/RocoRos/src/../include/RocoRos/MessageBus.h:51:45:[m[K [01;35m[Kwarning: [m[Kmissing initializer for member ‘[01m[KPacketDefinition::hash[m[K’ [[01;35m[K-Wmissing-field-initializers[m[K]
[1.009s] [01m[K/home/xplore/Desktop/AV_ws/BRoCo/src/RocoRos/src/MessageBus.cpp:[m[K In member function ‘[01m[Kvoid MessageBus::receive(uint8_t, uint8_t*, uint32_t)[m[K’:
[1.010s] [01m[K/home/xplore/Desktop/AV_ws/BRoCo/src/RocoRos/src/MessageBus.cpp:245:21:[m[K [01;35m[Kwarning: [m[Kformat ‘[01m[K%d[m[K’ expects argument of type ‘[01m[Kint[m[K’, but argument 2 has type ‘[01m[Ksize_t[m[K’ {aka ‘[01m[Klong unsigned int[m[K’} [[01;35m[K-Wformat=[m[K]
[1.010s]   245 |    printf("Buffer: [01;35m[K%d[m[K\r\n", [32m[Kindexable_buffer->index[m[K);
[1.010s]       |                    [01;35m[K~^[m[K       [32m[K~~~~~~~~~~~~~~~~~~~~~~~[m[K
[1.011s]       |                     [01;35m[K|[m[K                         [32m[K|[m[K
[1.011s]       |                     [01;35m[Kint[m[K                       [32m[Ksize_t {aka long unsigned int}[m[K
[1.011s]       |                    [32m[K%ld[m[K
[1.012s] [01m[K/home/xplore/Desktop/AV_ws/BRoCo/src/RocoRos/src/MessageBus.cpp:255:17:[m[K [01;35m[Kwarning: [m[Kformat ‘[01m[K%d[m[K’ expects argument of type ‘[01m[Kint[m[K’, but argument 2 has type ‘[01m[Ksize_t[m[K’ {aka ‘[01m[Klong unsigned int[m[K’} [[01;35m[K-Wformat=[m[K]
[1.012s]   255 |    printf("Got [01;35m[K%d[m[K out of %d\r\n", [32m[Kcopy_length[m[K, remaining_size);
[1.012s]       |                [01;35m[K~^[m[K                 [32m[K~~~~~~~~~~~[m[K
[1.013s]       |                 [01;35m[K|[m[K                 [32m[K|[m[K
[1.013s]       |                 [01;35m[Kint[m[K               [32m[Ksize_t {aka long unsigned int}[m[K
[1.013s]       |                [32m[K%ld[m[K
[1.014s] [01m[K/home/xplore/Desktop/AV_ws/BRoCo/src/RocoRos/src/MessageBus.cpp:255:27:[m[K [01;35m[Kwarning: [m[Kformat ‘[01m[K%d[m[K’ expects argument of type ‘[01m[Kint[m[K’, but argument 3 has type ‘[01m[Ksize_t[m[K’ {aka ‘[01m[Klong unsigned int[m[K’} [[01;35m[K-Wformat=[m[K]
[1.014s]   255 |    printf("Got %d out of [01;35m[K%d[m[K\r\n", copy_length, [32m[Kremaining_size[m[K);
[1.015s]       |                          [01;35m[K~^[m[K                    [32m[K~~~~~~~~~~~~~~[m[K
[1.015s]       |                           [01;35m[K|[m[K                    [32m[K|[m[K
[1.015s]       |                           [01;35m[Kint[m[K                  [32m[Ksize_t {aka long unsigned int}[m[K
[1.016s]       |                          [32m[K%ld[m[K
[1.337s] In file included from [01m[K/home/xplore/Desktop/AV_ws/BRoCo/src/RocoRos/src/../include/RocoRos/Protocol/Protocol23.h:13[m[K,
[1.337s]                  from [01m[K/home/xplore/Desktop/AV_ws/BRoCo/src/RocoRos/src/../include/RocoRos/Protocol/Protocol.h:31[m[K,
[1.338s]                  from [01m[K/home/xplore/Desktop/AV_ws/BRoCo/src/RocoRos/src/../include/RocoRos/Protocol/ProtocolRegisters.h:13[m[K,
[1.338s]                  from [01m[K/home/xplore/Desktop/AV_ws/BRoCo/src/RocoRos/src/MessageBus.cpp:25[m[K:
[1.339s] [01m[K/home/xplore/Desktop/AV_ws/BRoCo/src/RocoRos/src/../include/RocoRos/Protocol/ProtocolMacros.h:[m[K At global scope:
[1.339s] [01m[K/home/xplore/Desktop/AV_ws/BRoCo/src/RocoRos/src/../include/RocoRos/Protocol/ProtocolMacros.h:10:17:[m[K [01;35m[Kwarning: [m[K‘[01m[Kuint16_t __gen_crc16(const uint8_t*, uint16_t)[m[K’ defined but not used [[01;35m[K-Wunused-function[m[K]
[1.339s]    10 | static uint16_t [01;35m[K__gen_crc16[m[K(const uint8_t *data, uint16_t size) {
[1.340s]       |                 [01;35m[K^~~~~~~~~~~[m[K
[1.722s] In file included from [01m[K/home/xplore/Desktop/AV_ws/BRoCo/src/RocoRos/src/../include/RocoRos/RoCo.h:15[m[K,
[1.722s]                  from [01m[K/home/xplore/Desktop/AV_ws/BRoCo/src/RocoRos/src/RocoRos.cpp:13[m[K:
[1.723s] [01m[K/home/xplore/Desktop/AV_ws/BRoCo/src/RocoRos/src/../include/RocoRos/MessageBus.h:51:45:[m[K [01;35m[Kwarning: [m[Kmissing initializer for member ‘[01m[KPacketDefinition::size[m[K’ [[01;35m[K-Wmissing-field-initializers[m[K]
[1.723s]    51 |  PacketDefinition definitions_by_id[64] = {0[01;35m[K}[m[K;
[1.723s]       |                                             [01;35m[K^[m[K
[1.724s] [01m[K/home/xplore/Desktop/AV_ws/BRoCo/src/RocoRos/src/../include/RocoRos/MessageBus.h:51:45:[m[K [01;35m[Kwarning: [m[Kmissing initializer for member ‘[01m[KPacketDefinition::hash[m[K’ [[01;35m[K-Wmissing-field-initializers[m[K]
[5.048s] In file included from [01m[K/home/xplore/Desktop/AV_ws/BRoCo/src/RocoRos/src/RocoRos.cpp:15[m[K:
[5.049s] [01m[K/home/xplore/Desktop/AV_ws/BRoCo/src/RocoRos/src/../include/RocoRos/handlers_cs.h:[m[K In function ‘[01m[Kvoid handle_dummy(uint8_t, DummySystem_DummyPacket*, void*)[m[K’:
[5.049s] [01m[K/home/xplore/Desktop/AV_ws/BRoCo/src/RocoRos/src/../include/RocoRos/handlers_cs.h:174:27:[m[K [01;35m[Kwarning: [m[Kunused parameter ‘[01m[Ksender_id[m[K’ [[01;35m[K-Wunused-parameter[m[K]
[5.050s]   174 | void handle_dummy([01;35m[Kuint8_t sender_id[m[K, DummySystem_DummyPacket* packet, void* ros_publisher)
[5.050s]       |                   [01;35m[K~~~~~~~~^~~~~~~~~[m[K
[9.779s] In file included from [01m[K/home/xplore/Desktop/AV_ws/BRoCo/src/RocoRos/src/../include/RocoRos/Protocol/Protocol23.h:13[m[K,
[9.779s]                  from [01m[K/home/xplore/Desktop/AV_ws/BRoCo/src/RocoRos/src/../include/RocoRos/Protocol/Protocol.h:31[m[K,
[9.780s]                  from [01m[K/home/xplore/Desktop/AV_ws/BRoCo/src/RocoRos/src/../include/RocoRos/RoCo.h:12[m[K,
[9.780s]                  from [01m[K/home/xplore/Desktop/AV_ws/BRoCo/src/RocoRos/src/RocoRos.cpp:13[m[K:
[9.780s] [01m[K/home/xplore/Desktop/AV_ws/BRoCo/src/RocoRos/src/../include/RocoRos/Protocol/ProtocolMacros.h:[m[K At global scope:
[9.781s] [01m[K/home/xplore/Desktop/AV_ws/BRoCo/src/RocoRos/src/../include/RocoRos/Protocol/ProtocolMacros.h:10:17:[m[K [01;35m[Kwarning: [m[K‘[01m[Kuint16_t __gen_crc16(const uint8_t*, uint16_t)[m[K’ defined but not used [[01;35m[K-Wunused-function[m[K]
[9.781s]    10 | static uint16_t [01;35m[K__gen_crc16[m[K(const uint8_t *data, uint16_t size) {
[9.781s]       |                 [01;35m[K^~~~~~~~~~~[m[K
[16.238s] [ 42%] [32m[1mLinking CXX executable cringe[0m
[17.130s] [100%] Built target cringe
[17.179s] Invoked command in '/home/xplore/Desktop/AV_ws/BRoCo/build/RocoRos' returned '0': CMAKE_PREFIX_PATH=${CMAKE_PREFIX_PATH}:/opt/ros/foxy /usr/bin/cmake --build /home/xplore/Desktop/AV_ws/BRoCo/build/RocoRos -- -j8 -l8
[17.376s] Invoking command in '/home/xplore/Desktop/AV_ws/BRoCo/build/RocoRos': CMAKE_PREFIX_PATH=${CMAKE_PREFIX_PATH}:/opt/ros/foxy /usr/bin/cmake --install /home/xplore/Desktop/AV_ws/BRoCo/build/RocoRos
[17.408s] -- Install configuration: ""
[17.409s] -- Installing: /home/xplore/Desktop/AV_ws/BRoCo/install/RocoRos/lib/RocoRos/cringe
[17.424s] -- Set runtime path of "/home/xplore/Desktop/AV_ws/BRoCo/install/RocoRos/lib/RocoRos/cringe" to ""
[17.425s] -- Up-to-date: /home/xplore/Desktop/AV_ws/BRoCo/install/RocoRos/share/ament_index/resource_index/package_run_dependencies/RocoRos
[17.428s] -- Up-to-date: /home/xplore/Desktop/AV_ws/BRoCo/install/RocoRos/share/ament_index/resource_index/parent_prefix_path/RocoRos
[17.429s] -- Up-to-date: /home/xplore/Desktop/AV_ws/BRoCo/install/RocoRos/share/RocoRos/environment/ament_prefix_path.sh
[17.430s] -- Up-to-date: /home/xplore/Desktop/AV_ws/BRoCo/install/RocoRos/share/RocoRos/environment/ament_prefix_path.dsv
[17.430s] -- Up-to-date: /home/xplore/Desktop/AV_ws/BRoCo/install/RocoRos/share/RocoRos/environment/path.sh
[17.431s] -- Up-to-date: /home/xplore/Desktop/AV_ws/BRoCo/install/RocoRos/share/RocoRos/environment/path.dsv
[17.431s] -- Up-to-date: /home/xplore/Desktop/AV_ws/BRoCo/install/RocoRos/share/RocoRos/local_setup.bash
[17.431s] -- Up-to-date: /home/xplore/Desktop/AV_ws/BRoCo/install/RocoRos/share/RocoRos/local_setup.sh
[17.431s] -- Up-to-date: /home/xplore/Desktop/AV_ws/BRoCo/install/RocoRos/share/RocoRos/local_setup.zsh
[17.432s] -- Up-to-date: /home/xplore/Desktop/AV_ws/BRoCo/install/RocoRos/share/RocoRos/local_setup.dsv
[17.432s] -- Installing: /home/xplore/Desktop/AV_ws/BRoCo/install/RocoRos/share/RocoRos/package.dsv
[17.432s] -- Up-to-date: /home/xplore/Desktop/AV_ws/BRoCo/install/RocoRos/share/ament_index/resource_index/packages/RocoRos
[17.433s] -- Up-to-date: /home/xplore/Desktop/AV_ws/BRoCo/install/RocoRos/share/RocoRos/cmake/RocoRosConfig.cmake
[17.433s] -- Up-to-date: /home/xplore/Desktop/AV_ws/BRoCo/install/RocoRos/share/RocoRos/cmake/RocoRosConfig-version.cmake
[17.433s] -- Up-to-date: /home/xplore/Desktop/AV_ws/BRoCo/install/RocoRos/share/RocoRos/package.xml
[17.441s] Invoked command in '/home/xplore/Desktop/AV_ws/BRoCo/build/RocoRos' returned '0': CMAKE_PREFIX_PATH=${CMAKE_PREFIX_PATH}:/opt/ros/foxy /usr/bin/cmake --install /home/xplore/Desktop/AV_ws/BRoCo/build/RocoRos
