[0.095s] Invoking command in '/home/xplore/Desktop/AV_ws/BRoCo/build/RocoRos': CMAKE_PREFIX_PATH=${CMAKE_PREFIX_PATH}:/opt/ros/foxy /usr/bin/cmake --build /home/xplore/Desktop/AV_ws/BRoCo/build/RocoRos -- -j8 -l8
[0.274s] [35m[1mScanning dependencies of target cringe[0m
[0.357s] [ 14%] [32mBuilding CXX object CMakeFiles/cringe.dir/src/MessageBus.cpp.o[0m
[0.980s] [01m[K/home/xplore/Desktop/AV_ws/BRoCo/src/RocoRos/src/MessageBus.cpp:[m[K In member function ‘[01m[Kvoid MessageBus::receive(uint8_t, uint8_t*, uint32_t)[m[K’:
[0.981s] [01m[K/home/xplore/Desktop/AV_ws/BRoCo/src/RocoRos/src/MessageBus.cpp:249:21:[m[K [01;35m[Kwarning: [m[Kformat ‘[01m[K%d[m[K’ expects argument of type ‘[01m[Kint[m[K’, but argument 2 has type ‘[01m[Ksize_t[m[K’ {aka ‘[01m[Klong unsigned int[m[K’} [[01;35m[K-Wformat=[m[K]
[0.982s]   249 |    printf("Buffer: [01;35m[K%d[m[K\r\n", [32m[Kindexable_buffer->index[m[K);
[0.982s]       |                    [01;35m[K~^[m[K       [32m[K~~~~~~~~~~~~~~~~~~~~~~~[m[K
[0.982s]       |                     [01;35m[K|[m[K                         [32m[K|[m[K
[0.983s]       |                     [01;35m[Kint[m[K                       [32m[Ksize_t {aka long unsigned int}[m[K
[0.983s]       |                    [32m[K%ld[m[K
[0.983s] [01m[K/home/xplore/Desktop/AV_ws/BRoCo/src/RocoRos/src/MessageBus.cpp:259:17:[m[K [01;35m[Kwarning: [m[Kformat ‘[01m[K%d[m[K’ expects argument of type ‘[01m[Kint[m[K’, but argument 2 has type ‘[01m[Ksize_t[m[K’ {aka ‘[01m[Klong unsigned int[m[K’} [[01;35m[K-Wformat=[m[K]
[0.984s]   259 |    printf("Got [01;35m[K%d[m[K out of %d\r\n", [32m[Kcopy_length[m[K, remaining_size);
[0.984s]       |                [01;35m[K~^[m[K                 [32m[K~~~~~~~~~~~[m[K
[0.984s]       |                 [01;35m[K|[m[K                 [32m[K|[m[K
[0.985s]       |                 [01;35m[Kint[m[K               [32m[Ksize_t {aka long unsigned int}[m[K
[0.985s]       |                [32m[K%ld[m[K
[0.985s] [01m[K/home/xplore/Desktop/AV_ws/BRoCo/src/RocoRos/src/MessageBus.cpp:259:27:[m[K [01;35m[Kwarning: [m[Kformat ‘[01m[K%d[m[K’ expects argument of type ‘[01m[Kint[m[K’, but argument 3 has type ‘[01m[Ksize_t[m[K’ {aka ‘[01m[Klong unsigned int[m[K’} [[01;35m[K-Wformat=[m[K]
[0.986s]   259 |    printf("Got %d out of [01;35m[K%d[m[K\r\n", copy_length, [32m[Kremaining_size[m[K);
[0.986s]       |                          [01;35m[K~^[m[K                    [32m[K~~~~~~~~~~~~~~[m[K
[0.986s]       |                           [01;35m[K|[m[K                    [32m[K|[m[K
[0.986s]       |                           [01;35m[Kint[m[K                  [32m[Ksize_t {aka long unsigned int}[m[K
[0.987s]       |                          [32m[K%ld[m[K
[1.024s] /home/xplore/Desktop/AV_ws/BRoCo/src/RocoRos/src/MessageBus.cpp: In instantiation of ‘[01m[Kbool MessageBus::define(uint8_t) [with T = DataPacket; uint8_t = unsigned char][m[K’:
[1.025s] [01m[K/home/xplore/Desktop/AV_ws/BRoCo/src/RocoRos/src/../include/RocoRos/Protocol/ProtocolRegisters.h:88:1:[m[K   required from here
[1.025s] [01m[K/home/xplore/Desktop/AV_ws/BRoCo/src/RocoRos/src/MessageBus.cpp:58:23:[m[K [01;35m[Kwarning: [m[Kformat ‘[01m[K%d[m[K’ expects argument of type ‘[01m[Kint[m[K’, but argument 2 has type ‘[01m[Ksize_t[m[K’ {aka ‘[01m[Klong unsigned int[m[K’} [[01;35m[K-Wformat=[m[K]
[1.025s]    58 |    printf("hash is : [01;35m[K%d[m[K", definitions_by_id[identifier & 0b00111111].hash);
[1.025s]       |                      [01;35m[K~^[m[K
[1.026s]       |                       [01;35m[K|[m[K
[1.026s]       |                       [01;35m[Kint[m[K
[1.026s]       |                      [32m[K%ld[m[K
[1.027s] [01m[K/home/xplore/Desktop/AV_ws/BRoCo/src/RocoRos/src/MessageBus.cpp:64:24:[m[K [01;35m[Kwarning: [m[Kformat ‘[01m[K%d[m[K’ expects argument of type ‘[01m[Kint[m[K’, but argument 2 has type ‘[01m[Ksize_t[m[K’ {aka ‘[01m[Klong unsigned int[m[K’} [[01;35m[K-Wformat=[m[K]
[1.027s]    64 |    printf("hash2 is : [01;35m[K%d[m[K", [32m[Khash[m[K);
[1.027s]       |                       [01;35m[K~^[m[K   [32m[K~~~~[m[K
[1.027s]       |                        [01;35m[K|[m[K   [32m[K|[m[K
[1.028s]       |                        [01;35m[Kint[m[K [32m[Ksize_t {aka long unsigned int}[m[K
[1.028s]       |                       [32m[K%ld[m[K
[1.028s] [01m[K/home/xplore/Desktop/AV_ws/BRoCo/src/RocoRos/src/MessageBus.cpp:71:25:[m[K [01;35m[Kwarning: [m[Kformat ‘[01m[K%d[m[K’ expects argument of type ‘[01m[Kint[m[K’, but argument 2 has type ‘[01m[Ksize_t[m[K’ {aka ‘[01m[Klong unsigned int[m[K’} [[01;35m[K-Wformat=[m[K]
[1.029s]    71 |     printf("hash3 is : [01;35m[K%d[m[K", [32m[Khash[m[K);
[1.029s]       |                        [01;35m[K~^[m[K   [32m[K~~~~[m[K
[1.029s]       |                         [01;35m[K|[m[K   [32m[K|[m[K
[1.029s]       |                         [01;35m[Kint[m[K [32m[Ksize_t {aka long unsigned int}[m[K
[1.030s]       |                        [32m[K%ld[m[K
[1.034s] /home/xplore/Desktop/AV_ws/BRoCo/src/RocoRos/src/MessageBus.cpp: In instantiation of ‘[01m[Kbool MessageBus::define(uint8_t) [with T = PingPacket; uint8_t = unsigned char][m[K’:
[1.034s] [01m[K/home/xplore/Desktop/AV_ws/BRoCo/src/RocoRos/src/../include/RocoRos/Protocol/ProtocolRegisters.h:89:1:[m[K   required from here
[1.035s] [01m[K/home/xplore/Desktop/AV_ws/BRoCo/src/RocoRos/src/MessageBus.cpp:58:23:[m[K [01;35m[Kwarning: [m[Kformat ‘[01m[K%d[m[K’ expects argument of type ‘[01m[Kint[m[K’, but argument 2 has type ‘[01m[Ksize_t[m[K’ {aka ‘[01m[Klong unsigned int[m[K’} [[01;35m[K-Wformat=[m[K]
[1.035s]    58 |    printf("hash is : [01;35m[K%d[m[K", definitions_by_id[identifier & 0b00111111].hash);
[1.035s]       |                      [01;35m[K~^[m[K
[1.035s]       |                       [01;35m[K|[m[K
[1.036s]       |                       [01;35m[Kint[m[K
[1.036s]       |                      [32m[K%ld[m[K
[1.036s] [01m[K/home/xplore/Desktop/AV_ws/BRoCo/src/RocoRos/src/MessageBus.cpp:64:24:[m[K [01;35m[Kwarning: [m[Kformat ‘[01m[K%d[m[K’ expects argument of type ‘[01m[Kint[m[K’, but argument 2 has type ‘[01m[Ksize_t[m[K’ {aka ‘[01m[Klong unsigned int[m[K’} [[01;35m[K-Wformat=[m[K]
[1.036s]    64 |    printf("hash2 is : [01;35m[K%d[m[K", [32m[Khash[m[K);
[1.037s]       |                       [01;35m[K~^[m[K   [32m[K~~~~[m[K
[1.037s]       |                        [01;35m[K|[m[K   [32m[K|[m[K
[1.037s]       |                        [01;35m[Kint[m[K [32m[Ksize_t {aka long unsigned int}[m[K
[1.037s]       |                       [32m[K%ld[m[K
[1.038s] [01m[K/home/xplore/Desktop/AV_ws/BRoCo/src/RocoRos/src/MessageBus.cpp:71:25:[m[K [01;35m[Kwarning: [m[Kformat ‘[01m[K%d[m[K’ expects argument of type ‘[01m[Kint[m[K’, but argument 2 has type ‘[01m[Ksize_t[m[K’ {aka ‘[01m[Klong unsigned int[m[K’} [[01;35m[K-Wformat=[m[K]
[1.038s]    71 |     printf("hash3 is : [01;35m[K%d[m[K", [32m[Khash[m[K);
[1.038s]       |                        [01;35m[K~^[m[K   [32m[K~~~~[m[K
[1.038s]       |                         [01;35m[K|[m[K   [32m[K|[m[K
[1.039s]       |                         [01;35m[Kint[m[K [32m[Ksize_t {aka long unsigned int}[m[K
[1.039s]       |                        [32m[K%ld[m[K
[1.044s] /home/xplore/Desktop/AV_ws/BRoCo/src/RocoRos/src/MessageBus.cpp: In instantiation of ‘[01m[Kbool MessageBus::define(uint8_t) [with T = ErrorPacket; uint8_t = unsigned char][m[K’:
[1.044s] [01m[K/home/xplore/Desktop/AV_ws/BRoCo/src/RocoRos/src/../include/RocoRos/Protocol/ProtocolRegisters.h:90:1:[m[K   required from here
[1.044s] [01m[K/home/xplore/Desktop/AV_ws/BRoCo/src/RocoRos/src/MessageBus.cpp:58:23:[m[K [01;35m[Kwarning: [m[Kformat ‘[01m[K%d[m[K’ expects argument of type ‘[01m[Kint[m[K’, but argument 2 has type ‘[01m[Ksize_t[m[K’ {aka ‘[01m[Klong unsigned int[m[K’} [[01;35m[K-Wformat=[m[K]
[1.045s]    58 |    printf("hash is : [01;35m[K%d[m[K", definitions_by_id[identifier & 0b00111111].hash);
[1.045s]       |                      [01;35m[K~^[m[K
[1.045s]       |                       [01;35m[K|[m[K
[1.045s]       |                       [01;35m[Kint[m[K
[1.046s]       |                      [32m[K%ld[m[K
[1.046s] [01m[K/home/xplore/Desktop/AV_ws/BRoCo/src/RocoRos/src/MessageBus.cpp:64:24:[m[K [01;35m[Kwarning: [m[Kformat ‘[01m[K%d[m[K’ expects argument of type ‘[01m[Kint[m[K’, but argument 2 has type ‘[01m[Ksize_t[m[K’ {aka ‘[01m[Klong unsigned int[m[K’} [[01;35m[K-Wformat=[m[K]
[1.046s]    64 |    printf("hash2 is : [01;35m[K%d[m[K", [32m[Khash[m[K);
[1.047s]       |                       [01;35m[K~^[m[K   [32m[K~~~~[m[K
[1.047s]       |                        [01;35m[K|[m[K   [32m[K|[m[K
[1.047s]       |                        [01;35m[Kint[m[K [32m[Ksize_t {aka long unsigned int}[m[K
[1.047s]       |                       [32m[K%ld[m[K
[1.048s] [01m[K/home/xplore/Desktop/AV_ws/BRoCo/src/RocoRos/src/MessageBus.cpp:71:25:[m[K [01;35m[Kwarning: [m[Kformat ‘[01m[K%d[m[K’ expects argument of type ‘[01m[Kint[m[K’, but argument 2 has type ‘[01m[Ksize_t[m[K’ {aka ‘[01m[Klong unsigned int[m[K’} [[01;35m[K-Wformat=[m[K]
[1.048s]    71 |     printf("hash3 is : [01;35m[K%d[m[K", [32m[Khash[m[K);
[1.048s]       |                        [01;35m[K~^[m[K   [32m[K~~~~[m[K
[1.049s]       |                         [01;35m[K|[m[K   [32m[K|[m[K
[1.049s]       |                         [01;35m[Kint[m[K [32m[Ksize_t {aka long unsigned int}[m[K
[1.049s]       |                        [32m[K%ld[m[K
[1.053s] /home/xplore/Desktop/AV_ws/BRoCo/src/RocoRos/src/MessageBus.cpp: In instantiation of ‘[01m[Kbool MessageBus::define(uint8_t) [with T = RequestPacket; uint8_t = unsigned char][m[K’:
[1.053s] [01m[K/home/xplore/Desktop/AV_ws/BRoCo/src/RocoRos/src/../include/RocoRos/Protocol/ProtocolRegisters.h:91:1:[m[K   required from here
[1.054s] [01m[K/home/xplore/Desktop/AV_ws/BRoCo/src/RocoRos/src/MessageBus.cpp:58:23:[m[K [01;35m[Kwarning: [m[Kformat ‘[01m[K%d[m[K’ expects argument of type ‘[01m[Kint[m[K’, but argument 2 has type ‘[01m[Ksize_t[m[K’ {aka ‘[01m[Klong unsigned int[m[K’} [[01;35m[K-Wformat=[m[K]
[1.054s]    58 |    printf("hash is : [01;35m[K%d[m[K", definitions_by_id[identifier & 0b00111111].hash);
[1.054s]       |                      [01;35m[K~^[m[K
[1.055s]       |                       [01;35m[K|[m[K
[1.055s]       |                       [01;35m[Kint[m[K
[1.055s]       |                      [32m[K%ld[m[K
[1.055s] [01m[K/home/xplore/Desktop/AV_ws/BRoCo/src/RocoRos/src/MessageBus.cpp:64:24:[m[K [01;35m[Kwarning: [m[Kformat ‘[01m[K%d[m[K’ expects argument of type ‘[01m[Kint[m[K’, but argument 2 has type ‘[01m[Ksize_t[m[K’ {aka ‘[01m[Klong unsigned int[m[K’} [[01;35m[K-Wformat=[m[K]
[1.056s]    64 |    printf("hash2 is : [01;35m[K%d[m[K", [32m[Khash[m[K);
[1.056s]       |                       [01;35m[K~^[m[K   [32m[K~~~~[m[K
[1.056s]       |                        [01;35m[K|[m[K   [32m[K|[m[K
[1.057s]       |                        [01;35m[Kint[m[K [32m[Ksize_t {aka long unsigned int}[m[K
[1.057s]       |                       [32m[K%ld[m[K
[1.057s] [01m[K/home/xplore/Desktop/AV_ws/BRoCo/src/RocoRos/src/MessageBus.cpp:71:25:[m[K [01;35m[Kwarning: [m[Kformat ‘[01m[K%d[m[K’ expects argument of type ‘[01m[Kint[m[K’, but argument 2 has type ‘[01m[Ksize_t[m[K’ {aka ‘[01m[Klong unsigned int[m[K’} [[01;35m[K-Wformat=[m[K]
[1.057s]    71 |     printf("hash3 is : [01;35m[K%d[m[K", [32m[Khash[m[K);
[1.058s]       |                        [01;35m[K~^[m[K   [32m[K~~~~[m[K
[1.058s]       |                         [01;35m[K|[m[K   [32m[K|[m[K
[1.058s]       |                         [01;35m[Kint[m[K [32m[Ksize_t {aka long unsigned int}[m[K
[1.059s]       |                        [32m[K%ld[m[K
[1.063s] /home/xplore/Desktop/AV_ws/BRoCo/src/RocoRos/src/MessageBus.cpp: In instantiation of ‘[01m[Kbool MessageBus::define(uint8_t) [with T = ResponsePacket; uint8_t = unsigned char][m[K’:
[1.063s] [01m[K/home/xplore/Desktop/AV_ws/BRoCo/src/RocoRos/src/../include/RocoRos/Protocol/ProtocolRegisters.h:92:1:[m[K   required from here
[1.064s] [01m[K/home/xplore/Desktop/AV_ws/BRoCo/src/RocoRos/src/MessageBus.cpp:58:23:[m[K [01;35m[Kwarning: [m[Kformat ‘[01m[K%d[m[K’ expects argument of type ‘[01m[Kint[m[K’, but argument 2 has type ‘[01m[Ksize_t[m[K’ {aka ‘[01m[Klong unsigned int[m[K’} [[01;35m[K-Wformat=[m[K]
[1.064s]    58 |    printf("hash is : [01;35m[K%d[m[K", definitions_by_id[identifier & 0b00111111].hash);
[1.064s]       |                      [01;35m[K~^[m[K
[1.065s]       |                       [01;35m[K|[m[K
[1.065s]       |                       [01;35m[Kint[m[K
[1.065s]       |                      [32m[K%ld[m[K
[1.065s] [01m[K/home/xplore/Desktop/AV_ws/BRoCo/src/RocoRos/src/MessageBus.cpp:64:24:[m[K [01;35m[Kwarning: [m[Kformat ‘[01m[K%d[m[K’ expects argument of type ‘[01m[Kint[m[K’, but argument 2 has type ‘[01m[Ksize_t[m[K’ {aka ‘[01m[Klong unsigned int[m[K’} [[01;35m[K-Wformat=[m[K]
[1.066s]    64 |    printf("hash2 is : [01;35m[K%d[m[K", [32m[Khash[m[K);
[1.066s]       |                       [01;35m[K~^[m[K   [32m[K~~~~[m[K
[1.066s]       |                        [01;35m[K|[m[K   [32m[K|[m[K
[1.066s]       |                        [01;35m[Kint[m[K [32m[Ksize_t {aka long unsigned int}[m[K
[1.067s]       |                       [32m[K%ld[m[K
[1.067s] [01m[K/home/xplore/Desktop/AV_ws/BRoCo/src/RocoRos/src/MessageBus.cpp:71:25:[m[K [01;35m[Kwarning: [m[Kformat ‘[01m[K%d[m[K’ expects argument of type ‘[01m[Kint[m[K’, but argument 2 has type ‘[01m[Ksize_t[m[K’ {aka ‘[01m[Klong unsigned int[m[K’} [[01;35m[K-Wformat=[m[K]
[1.067s]    71 |     printf("hash3 is : [01;35m[K%d[m[K", [32m[Khash[m[K);
[1.067s]       |                        [01;35m[K~^[m[K   [32m[K~~~~[m[K
[1.068s]       |                         [01;35m[K|[m[K   [32m[K|[m[K
[1.068s]       |                         [01;35m[Kint[m[K [32m[Ksize_t {aka long unsigned int}[m[K
[1.068s]       |                        [32m[K%ld[m[K
[1.072s] /home/xplore/Desktop/AV_ws/BRoCo/src/RocoRos/src/MessageBus.cpp: In instantiation of ‘[01m[Kbool MessageBus::define(uint8_t) [with T = ProgressPacket; uint8_t = unsigned char][m[K’:
[1.072s] [01m[K/home/xplore/Desktop/AV_ws/BRoCo/src/RocoRos/src/../include/RocoRos/Protocol/ProtocolRegisters.h:93:1:[m[K   required from here
[1.073s] [01m[K/home/xplore/Desktop/AV_ws/BRoCo/src/RocoRos/src/MessageBus.cpp:58:23:[m[K [01;35m[Kwarning: [m[Kformat ‘[01m[K%d[m[K’ expects argument of type ‘[01m[Kint[m[K’, but argument 2 has type ‘[01m[Ksize_t[m[K’ {aka ‘[01m[Klong unsigned int[m[K’} [[01;35m[K-Wformat=[m[K]
[1.073s]    58 |    printf("hash is : [01;35m[K%d[m[K", definitions_by_id[identifier & 0b00111111].hash);
[1.073s]       |                      [01;35m[K~^[m[K
[1.074s]       |                       [01;35m[K|[m[K
[1.074s]       |                       [01;35m[Kint[m[K
[1.075s]       |                      [32m[K%ld[m[K
[1.075s] [01m[K/home/xplore/Desktop/AV_ws/BRoCo/src/RocoRos/src/MessageBus.cpp:64:24:[m[K [01;35m[Kwarning: [m[Kformat ‘[01m[K%d[m[K’ expects argument of type ‘[01m[Kint[m[K’, but argument 2 has type ‘[01m[Ksize_t[m[K’ {aka ‘[01m[Klong unsigned int[m[K’} [[01;35m[K-Wformat=[m[K]
[1.075s]    64 |    printf("hash2 is : [01;35m[K%d[m[K", [32m[Khash[m[K);
[1.075s]       |                       [01;35m[K~^[m[K   [32m[K~~~~[m[K
[1.076s]       |                        [01;35m[K|[m[K   [32m[K|[m[K
[1.076s]       |                        [01;35m[Kint[m[K [32m[Ksize_t {aka long unsigned int}[m[K
[1.076s]       |                       [32m[K%ld[m[K
[1.076s] [01m[K/home/xplore/Desktop/AV_ws/BRoCo/src/RocoRos/src/MessageBus.cpp:71:25:[m[K [01;35m[Kwarning: [m[Kformat ‘[01m[K%d[m[K’ expects argument of type ‘[01m[Kint[m[K’, but argument 2 has type ‘[01m[Ksize_t[m[K’ {aka ‘[01m[Klong unsigned int[m[K’} [[01;35m[K-Wformat=[m[K]
[1.077s]    71 |     printf("hash3 is : [01;35m[K%d[m[K", [32m[Khash[m[K);
[1.077s]       |                        [01;35m[K~^[m[K   [32m[K~~~~[m[K
[1.077s]       |                         [01;35m[K|[m[K   [32m[K|[m[K
[1.077s]       |                         [01;35m[Kint[m[K [32m[Ksize_t {aka long unsigned int}[m[K
[1.078s]       |                        [32m[K%ld[m[K
[1.081s] /home/xplore/Desktop/AV_ws/BRoCo/src/RocoRos/src/MessageBus.cpp: In instantiation of ‘[01m[Kbool MessageBus::define(uint8_t) [with T = DummySystem_DummyPacket; uint8_t = unsigned char][m[K’:
[1.082s] [01m[K/home/xplore/Desktop/AV_ws/BRoCo/src/RocoRos/src/../include/RocoRos/Protocol/ProtocolRegisters.h:94:1:[m[K   required from here
[1.082s] [01m[K/home/xplore/Desktop/AV_ws/BRoCo/src/RocoRos/src/MessageBus.cpp:58:23:[m[K [01;35m[Kwarning: [m[Kformat ‘[01m[K%d[m[K’ expects argument of type ‘[01m[Kint[m[K’, but argument 2 has type ‘[01m[Ksize_t[m[K’ {aka ‘[01m[Klong unsigned int[m[K’} [[01;35m[K-Wformat=[m[K]
[1.083s]    58 |    printf("hash is : [01;35m[K%d[m[K", definitions_by_id[identifier & 0b00111111].hash);
[1.083s]       |                      [01;35m[K~^[m[K
[1.083s]       |                       [01;35m[K|[m[K
[1.083s]       |                       [01;35m[Kint[m[K
[1.084s]       |                      [32m[K%ld[m[K
[1.084s] [01m[K/home/xplore/Desktop/AV_ws/BRoCo/src/RocoRos/src/MessageBus.cpp:64:24:[m[K [01;35m[Kwarning: [m[Kformat ‘[01m[K%d[m[K’ expects argument of type ‘[01m[Kint[m[K’, but argument 2 has type ‘[01m[Ksize_t[m[K’ {aka ‘[01m[Klong unsigned int[m[K’} [[01;35m[K-Wformat=[m[K]
[1.084s]    64 |    printf("hash2 is : [01;35m[K%d[m[K", [32m[Khash[m[K);
[1.084s]       |                       [01;35m[K~^[m[K   [32m[K~~~~[m[K
[1.085s]       |                        [01;35m[K|[m[K   [32m[K|[m[K
[1.085s]       |                        [01;35m[Kint[m[K [32m[Ksize_t {aka long unsigned int}[m[K
[1.085s]       |                       [32m[K%ld[m[K
[1.085s] [01m[K/home/xplore/Desktop/AV_ws/BRoCo/src/RocoRos/src/MessageBus.cpp:71:25:[m[K [01;35m[Kwarning: [m[Kformat ‘[01m[K%d[m[K’ expects argument of type ‘[01m[Kint[m[K’, but argument 2 has type ‘[01m[Ksize_t[m[K’ {aka ‘[01m[Klong unsigned int[m[K’} [[01;35m[K-Wformat=[m[K]
[1.086s]    71 |     printf("hash3 is : [01;35m[K%d[m[K", [32m[Khash[m[K);
[1.086s]       |                        [01;35m[K~^[m[K   [32m[K~~~~[m[K
[1.086s]       |                         [01;35m[K|[m[K   [32m[K|[m[K
[1.086s]       |                         [01;35m[Kint[m[K [32m[Ksize_t {aka long unsigned int}[m[K
[1.087s]       |                        [32m[K%ld[m[K
[1.287s] In file included from [01m[K/home/xplore/Desktop/AV_ws/BRoCo/src/RocoRos/src/../include/RocoRos/Protocol/Protocol23.h:13[m[K,
[1.288s]                  from [01m[K/home/xplore/Desktop/AV_ws/BRoCo/src/RocoRos/src/../include/RocoRos/Protocol/Protocol.h:31[m[K,
[1.288s]                  from [01m[K/home/xplore/Desktop/AV_ws/BRoCo/src/RocoRos/src/../include/RocoRos/Protocol/ProtocolRegisters.h:13[m[K,
[1.288s]                  from [01m[K/home/xplore/Desktop/AV_ws/BRoCo/src/RocoRos/src/MessageBus.cpp:25[m[K:
[1.289s] [01m[K/home/xplore/Desktop/AV_ws/BRoCo/src/RocoRos/src/../include/RocoRos/Protocol/ProtocolMacros.h:[m[K At global scope:
[1.289s] [01m[K/home/xplore/Desktop/AV_ws/BRoCo/src/RocoRos/src/../include/RocoRos/Protocol/ProtocolMacros.h:10:17:[m[K [01;35m[Kwarning: [m[K‘[01m[Kuint16_t __gen_crc16(const uint8_t*, uint16_t)[m[K’ defined but not used [[01;35m[K-Wunused-function[m[K]
[1.289s]    10 | static uint16_t [01;35m[K__gen_crc16[m[K(const uint8_t *data, uint16_t size) {
[1.289s]       |                 [01;35m[K^~~~~~~~~~~[m[K
[2.004s] [ 28%] [32m[1mLinking CXX executable cringe[0m
[2.865s] [100%] Built target cringe
[2.914s] Invoked command in '/home/xplore/Desktop/AV_ws/BRoCo/build/RocoRos' returned '0': CMAKE_PREFIX_PATH=${CMAKE_PREFIX_PATH}:/opt/ros/foxy /usr/bin/cmake --build /home/xplore/Desktop/AV_ws/BRoCo/build/RocoRos -- -j8 -l8
[3.120s] Invoking command in '/home/xplore/Desktop/AV_ws/BRoCo/build/RocoRos': CMAKE_PREFIX_PATH=${CMAKE_PREFIX_PATH}:/opt/ros/foxy /usr/bin/cmake --install /home/xplore/Desktop/AV_ws/BRoCo/build/RocoRos
[3.153s] -- Install configuration: ""
[3.153s] -- Installing: /home/xplore/Desktop/AV_ws/BRoCo/install/RocoRos/lib/RocoRos/cringe
[3.170s] -- Set runtime path of "/home/xplore/Desktop/AV_ws/BRoCo/install/RocoRos/lib/RocoRos/cringe" to ""
[3.171s] -- Up-to-date: /home/xplore/Desktop/AV_ws/BRoCo/install/RocoRos/share/ament_index/resource_index/package_run_dependencies/RocoRos
[3.171s] -- Up-to-date: /home/xplore/Desktop/AV_ws/BRoCo/install/RocoRos/share/ament_index/resource_index/parent_prefix_path/RocoRos
[3.172s] -- Up-to-date: /home/xplore/Desktop/AV_ws/BRoCo/install/RocoRos/share/RocoRos/environment/ament_prefix_path.sh
[3.172s] -- Up-to-date: /home/xplore/Desktop/AV_ws/BRoCo/install/RocoRos/share/RocoRos/environment/ament_prefix_path.dsv
[3.172s] -- Up-to-date: /home/xplore/Desktop/AV_ws/BRoCo/install/RocoRos/share/RocoRos/environment/path.sh
[3.173s] -- Up-to-date: /home/xplore/Desktop/AV_ws/BRoCo/install/RocoRos/share/RocoRos/environment/path.dsv
[3.173s] -- Up-to-date: /home/xplore/Desktop/AV_ws/BRoCo/install/RocoRos/share/RocoRos/local_setup.bash
[3.173s] -- Up-to-date: /home/xplore/Desktop/AV_ws/BRoCo/install/RocoRos/share/RocoRos/local_setup.sh
[3.174s] -- Up-to-date: /home/xplore/Desktop/AV_ws/BRoCo/install/RocoRos/share/RocoRos/local_setup.zsh
[3.175s] -- Up-to-date: /home/xplore/Desktop/AV_ws/BRoCo/install/RocoRos/share/RocoRos/local_setup.dsv
[3.175s] -- Installing: /home/xplore/Desktop/AV_ws/BRoCo/install/RocoRos/share/RocoRos/package.dsv
[3.175s] -- Up-to-date: /home/xplore/Desktop/AV_ws/BRoCo/install/RocoRos/share/ament_index/resource_index/packages/RocoRos
[3.175s] -- Up-to-date: /home/xplore/Desktop/AV_ws/BRoCo/install/RocoRos/share/RocoRos/cmake/RocoRosConfig.cmake
[3.176s] -- Up-to-date: /home/xplore/Desktop/AV_ws/BRoCo/install/RocoRos/share/RocoRos/cmake/RocoRosConfig-version.cmake
[3.176s] -- Up-to-date: /home/xplore/Desktop/AV_ws/BRoCo/install/RocoRos/share/RocoRos/package.xml
[3.186s] Invoked command in '/home/xplore/Desktop/AV_ws/BRoCo/build/RocoRos' returned '0': CMAKE_PREFIX_PATH=${CMAKE_PREFIX_PATH}:/opt/ros/foxy /usr/bin/cmake --install /home/xplore/Desktop/AV_ws/BRoCo/build/RocoRos
