[0.081s] Invoking command in '/home/xplore/Desktop/AV_ws/BRoCo/build/RocoRos': CMAKE_PREFIX_PATH=${CMAKE_PREFIX_PATH}:/opt/ros/foxy /usr/bin/cmake --build /home/xplore/Desktop/AV_ws/BRoCo/build/RocoRos -- -j8 -l8
[0.264s] [35m[1mScanning dependencies of target cringe[0m
[0.352s] [ 14%] [32mBuilding CXX object CMakeFiles/cringe.dir/src/UDevDriver.cpp.o[0m
[2.013s] [ 28%] [32m[1mLinking CXX executable cringe[0m
[3.012s] [100%] Built target cringe
[3.056s] Invoked command in '/home/xplore/Desktop/AV_ws/BRoCo/build/RocoRos' returned '0': CMAKE_PREFIX_PATH=${CMAKE_PREFIX_PATH}:/opt/ros/foxy /usr/bin/cmake --build /home/xplore/Desktop/AV_ws/BRoCo/build/RocoRos -- -j8 -l8
[3.265s] Invoking command in '/home/xplore/Desktop/AV_ws/BRoCo/build/RocoRos': CMAKE_PREFIX_PATH=${CMAKE_PREFIX_PATH}:/opt/ros/foxy /usr/bin/cmake --install /home/xplore/Desktop/AV_ws/BRoCo/build/RocoRos
[3.296s] -- Install configuration: ""
[3.297s] -- Installing: /home/xplore/Desktop/AV_ws/BRoCo/install/RocoRos/lib/RocoRos/cringe
[3.319s] -- Set runtime path of "/home/xplore/Desktop/AV_ws/BRoCo/install/RocoRos/lib/RocoRos/cringe" to ""
[3.319s] -- Up-to-date: /home/xplore/Desktop/AV_ws/BRoCo/install/RocoRos/share/ament_index/resource_index/package_run_dependencies/RocoRos
[3.320s] -- Up-to-date: /home/xplore/Desktop/AV_ws/BRoCo/install/RocoRos/share/ament_index/resource_index/parent_prefix_path/RocoRos
[3.321s] -- Up-to-date: /home/xplore/Desktop/AV_ws/BRoCo/install/RocoRos/share/RocoRos/environment/ament_prefix_path.sh
[3.322s] -- Up-to-date: /home/xplore/Desktop/AV_ws/BRoCo/install/RocoRos/share/RocoRos/environment/ament_prefix_path.dsv
[3.322s] -- Up-to-date: /home/xplore/Desktop/AV_ws/BRoCo/install/RocoRos/share/RocoRos/environment/path.sh
[3.322s] -- Up-to-date: /home/xplore/Desktop/AV_ws/BRoCo/install/RocoRos/share/RocoRos/environment/path.dsv
[3.323s] -- Up-to-date: /home/xplore/Desktop/AV_ws/BRoCo/install/RocoRos/share/RocoRos/local_setup.bash
[3.323s] -- Up-to-date: /home/xplore/Desktop/AV_ws/BRoCo/install/RocoRos/share/RocoRos/local_setup.sh
[3.323s] -- Up-to-date: /home/xplore/Desktop/AV_ws/BRoCo/install/RocoRos/share/RocoRos/local_setup.zsh
[3.324s] -- Up-to-date: /home/xplore/Desktop/AV_ws/BRoCo/install/RocoRos/share/RocoRos/local_setup.dsv
[3.324s] -- Installing: /home/xplore/Desktop/AV_ws/BRoCo/install/RocoRos/share/RocoRos/package.dsv
[3.324s] -- Up-to-date: /home/xplore/Desktop/AV_ws/BRoCo/install/RocoRos/share/ament_index/resource_index/packages/RocoRos
[3.324s] -- Up-to-date: /home/xplore/Desktop/AV_ws/BRoCo/install/RocoRos/share/RocoRos/cmake/RocoRosConfig.cmake
[3.325s] -- Up-to-date: /home/xplore/Desktop/AV_ws/BRoCo/install/RocoRos/share/RocoRos/cmake/RocoRosConfig-version.cmake
[3.325s] -- Up-to-date: /home/xplore/Desktop/AV_ws/BRoCo/install/RocoRos/share/RocoRos/package.xml
[3.334s] Invoked command in '/home/xplore/Desktop/AV_ws/BRoCo/build/RocoRos' returned '0': CMAKE_PREFIX_PATH=${CMAKE_PREFIX_PATH}:/opt/ros/foxy /usr/bin/cmake --install /home/xplore/Desktop/AV_ws/BRoCo/build/RocoRos
