[0.084s] Invoking command in '/home/xplore/Desktop/AV_ws/BRoCo/build/RocoRos': CMAKE_PREFIX_PATH=${CMAKE_PREFIX_PATH}:/opt/ros/foxy /usr/bin/cmake --build /home/xplore/Desktop/AV_ws/BRoCo/build/RocoRos -- -j8 -l8
[0.193s] -- Found ament_cmake: 0.9.11 (/opt/ros/foxy/share/ament_cmake/cmake)
[0.290s] -- Using PYTHON_EXECUTABLE: /usr/bin/python3
[0.975s] -- Found rclcpp: 2.4.2 (/opt/ros/foxy/share/rclcpp/cmake)
[1.106s] -- Using all available rosidl_typesupport_c: rosidl_typesupport_fastrtps_c;rosidl_typesupport_introspection_c
[1.119s] -- Found rosidl_adapter: 1.3.0 (/opt/ros/foxy/share/rosidl_adapter/cmake)
[1.530s] -- Using all available rosidl_typesupport_cpp: rosidl_typesupport_fastrtps_cpp;rosidl_typesupport_introspection_cpp
[1.698s] -- Found rmw_implementation_cmake: 1.0.4 (/opt/ros/foxy/share/rmw_implementation_cmake/cmake)
[1.699s] -- Using RMW implementation 'rmw_fastrtps_cpp' as default
[2.109s] -- Found sensor_msgs: 2.0.5 (/opt/ros/foxy/share/sensor_msgs/cmake)
[2.420s] -- Found ament_lint_auto: 0.9.8 (/opt/ros/foxy/share/ament_lint_auto/cmake)
[2.579s] WARNING: Package name "RocoRos" does not follow the naming conventions. It should start with a lower case letter and only contain lower case letters, digits, underscores, and dashes.
[2.629s] -- Added test 'copyright' to check source files copyright and LICENSE
[2.641s] -- Added test 'cppcheck' to perform static code analysis on C / C++ code
[2.642s] -- Configured cppcheck include dirs: 
[2.642s] -- Configured cppcheck exclude dirs and/or files: 
[2.652s] -- Added test 'cpplint' to check C / C++ code against the Google style
[2.653s] -- Configured cpplint exclude dirs and/or files: 
[2.657s] -- Added test 'lint_cmake' to check CMake code style
[2.670s] -- Added test 'uncrustify' to check C / C++ code style
[2.670s] -- Configured uncrustify additional arguments: 
[2.672s] -- Added test 'xmllint' to check XML markup files
[2.684s] -- Configuring done
[2.724s] -- Generating done
[2.731s] -- Build files have been written to: /home/xplore/Desktop/AV_ws/BRoCo/build/RocoRos
[2.833s] [35m[1mScanning dependencies of target cringe[0m
[2.980s] [ 14%] [32mBuilding CXX object CMakeFiles/cringe.dir/src/RocoRos.cpp.o[0m
[4.211s] In file included from [01m[K/home/xplore/Desktop/AV_ws/BRoCo/src/RocoRos/src/../include/RocoRos/RoCo.h:15[m[K,
[4.211s]                  from [01m[K/home/xplore/Desktop/AV_ws/BRoCo/src/RocoRos/src/RocoRos.cpp:13[m[K:
[4.211s] [01m[K/home/xplore/Desktop/AV_ws/BRoCo/src/RocoRos/src/../include/RocoRos/MessageBus.h:51:45:[m[K [01;35m[Kwarning: [m[Kmissing initializer for member ‘[01m[KPacketDefinition::size[m[K’ [[01;35m[K-Wmissing-field-initializers[m[K]
[4.212s]    51 |  PacketDefinition definitions_by_id[64] = {0[01;35m[K}[m[K;
[4.212s]       |                                             [01;35m[K^[m[K
[4.212s] [01m[K/home/xplore/Desktop/AV_ws/BRoCo/src/RocoRos/src/../include/RocoRos/MessageBus.h:51:45:[m[K [01;35m[Kwarning: [m[Kmissing initializer for member ‘[01m[KPacketDefinition::hash[m[K’ [[01;35m[K-Wmissing-field-initializers[m[K]
[7.340s] In file included from [01m[K/home/xplore/Desktop/AV_ws/BRoCo/src/RocoRos/src/RocoRos.cpp:15[m[K:
[7.340s] [01m[K/home/xplore/Desktop/AV_ws/BRoCo/src/RocoRos/src/../include/RocoRos/handlers_cs.h:[m[K In function ‘[01m[Kvoid handle_IMU(uint8_t, IMU_Packet*, void*)[m[K’:
[7.341s] [01m[K/home/xplore/Desktop/AV_ws/BRoCo/src/RocoRos/src/../include/RocoRos/handlers_cs.h:142:25:[m[K [01;35m[Kwarning: [m[Kunused parameter ‘[01m[Ksender_id[m[K’ [[01;35m[K-Wunused-parameter[m[K]
[7.341s]   142 | void handle_IMU([01;35m[Kuint8_t sender_id[m[K, IMU_Packet* packet, void* ros_publisher)
[7.341s]       |                 [01;35m[K~~~~~~~~^~~~~~~~~[m[K
[7.396s] [01m[K/home/xplore/Desktop/AV_ws/BRoCo/src/RocoRos/src/../include/RocoRos/handlers_cs.h:[m[K In function ‘[01m[Kvoid handle_dummy(uint8_t, DummySystem_DummyPacket*, void*)[m[K’:
[7.396s] [01m[K/home/xplore/Desktop/AV_ws/BRoCo/src/RocoRos/src/../include/RocoRos/handlers_cs.h:172:27:[m[K [01;35m[Kwarning: [m[Kunused parameter ‘[01m[Ksender_id[m[K’ [[01;35m[K-Wunused-parameter[m[K]
[7.396s]   172 | void handle_dummy([01;35m[Kuint8_t sender_id[m[K, DummySystem_DummyPacket* packet, void* ros_publisher)
[7.397s]       |                   [01;35m[K~~~~~~~~^~~~~~~~~[m[K
[12.124s] In file included from [01m[K/home/xplore/Desktop/AV_ws/BRoCo/src/RocoRos/src/../include/RocoRos/Protocol/Protocol23.h:13[m[K,
[12.124s]                  from [01m[K/home/xplore/Desktop/AV_ws/BRoCo/src/RocoRos/src/../include/RocoRos/Protocol/Protocol.h:31[m[K,
[12.124s]                  from [01m[K/home/xplore/Desktop/AV_ws/BRoCo/src/RocoRos/src/../include/RocoRos/RoCo.h:12[m[K,
[12.125s]                  from [01m[K/home/xplore/Desktop/AV_ws/BRoCo/src/RocoRos/src/RocoRos.cpp:13[m[K:
[12.125s] [01m[K/home/xplore/Desktop/AV_ws/BRoCo/src/RocoRos/src/../include/RocoRos/Protocol/ProtocolMacros.h:[m[K At global scope:
[12.125s] [01m[K/home/xplore/Desktop/AV_ws/BRoCo/src/RocoRos/src/../include/RocoRos/Protocol/ProtocolMacros.h:10:17:[m[K [01;35m[Kwarning: [m[K‘[01m[Kuint16_t __gen_crc16(const uint8_t*, uint16_t)[m[K’ defined but not used [[01;35m[K-Wunused-function[m[K]
[12.126s]    10 | static uint16_t [01;35m[K__gen_crc16[m[K(const uint8_t *data, uint16_t size) {
[12.126s]       |                 [01;35m[K^~~~~~~~~~~[m[K
[19.348s] [ 28%] [32m[1mLinking CXX executable cringe[0m
[20.328s] [100%] Built target cringe
[20.373s] Invoked command in '/home/xplore/Desktop/AV_ws/BRoCo/build/RocoRos' returned '0': CMAKE_PREFIX_PATH=${CMAKE_PREFIX_PATH}:/opt/ros/foxy /usr/bin/cmake --build /home/xplore/Desktop/AV_ws/BRoCo/build/RocoRos -- -j8 -l8
[20.573s] Invoking command in '/home/xplore/Desktop/AV_ws/BRoCo/build/RocoRos': CMAKE_PREFIX_PATH=${CMAKE_PREFIX_PATH}:/opt/ros/foxy /usr/bin/cmake --install /home/xplore/Desktop/AV_ws/BRoCo/build/RocoRos
[20.602s] -- Install configuration: ""
[20.603s] -- Installing: /home/xplore/Desktop/AV_ws/BRoCo/install/RocoRos/lib/RocoRos/cringe
[20.623s] -- Set runtime path of "/home/xplore/Desktop/AV_ws/BRoCo/install/RocoRos/lib/RocoRos/cringe" to ""
[20.623s] -- Installing: /home/xplore/Desktop/AV_ws/BRoCo/install/RocoRos/share/ament_index/resource_index/package_run_dependencies/RocoRos
[20.624s] -- Up-to-date: /home/xplore/Desktop/AV_ws/BRoCo/install/RocoRos/share/ament_index/resource_index/parent_prefix_path/RocoRos
[20.624s] -- Up-to-date: /home/xplore/Desktop/AV_ws/BRoCo/install/RocoRos/share/RocoRos/environment/ament_prefix_path.sh
[20.625s] -- Installing: /home/xplore/Desktop/AV_ws/BRoCo/install/RocoRos/share/RocoRos/environment/ament_prefix_path.dsv
[20.625s] -- Up-to-date: /home/xplore/Desktop/AV_ws/BRoCo/install/RocoRos/share/RocoRos/environment/path.sh
[20.626s] -- Installing: /home/xplore/Desktop/AV_ws/BRoCo/install/RocoRos/share/RocoRos/environment/path.dsv
[20.626s] -- Up-to-date: /home/xplore/Desktop/AV_ws/BRoCo/install/RocoRos/share/RocoRos/local_setup.bash
[20.627s] -- Up-to-date: /home/xplore/Desktop/AV_ws/BRoCo/install/RocoRos/share/RocoRos/local_setup.sh
[20.627s] -- Up-to-date: /home/xplore/Desktop/AV_ws/BRoCo/install/RocoRos/share/RocoRos/local_setup.zsh
[20.627s] -- Installing: /home/xplore/Desktop/AV_ws/BRoCo/install/RocoRos/share/RocoRos/local_setup.dsv
[20.628s] -- Installing: /home/xplore/Desktop/AV_ws/BRoCo/install/RocoRos/share/RocoRos/package.dsv
[20.629s] -- Up-to-date: /home/xplore/Desktop/AV_ws/BRoCo/install/RocoRos/share/ament_index/resource_index/packages/RocoRos
[20.629s] -- Up-to-date: /home/xplore/Desktop/AV_ws/BRoCo/install/RocoRos/share/RocoRos/cmake/RocoRosConfig.cmake
[20.629s] -- Up-to-date: /home/xplore/Desktop/AV_ws/BRoCo/install/RocoRos/share/RocoRos/cmake/RocoRosConfig-version.cmake
[20.630s] -- Installing: /home/xplore/Desktop/AV_ws/BRoCo/install/RocoRos/share/RocoRos/package.xml
[20.640s] Invoked command in '/home/xplore/Desktop/AV_ws/BRoCo/build/RocoRos' returned '0': CMAKE_PREFIX_PATH=${CMAKE_PREFIX_PATH}:/opt/ros/foxy /usr/bin/cmake --install /home/xplore/Desktop/AV_ws/BRoCo/build/RocoRos
