[1.248s] DEBUG:colcon:Command line arguments: ['/usr/bin/colcon', 'build']
[1.248s] DEBUG:colcon:Parsed command line arguments: Namespace(allow_overriding=[], ament_cmake_args=None, base_paths=['.'], build_base='build', catkin_cmake_args=None, catkin_skip_building_tests=False, cmake_args=None, cmake_clean_cache=False, cmake_clean_first=False, cmake_force_configure=False, cmake_target=None, cmake_target_skip_unavailable=False, continue_on_error=False, event_handlers=None, executor='parallel', ignore_user_meta=False, install_base='install', log_base=None, log_level=None, main=<bound method BuildVerb.main of <colcon_core.verb.build.BuildVerb object at 0xffff84416dc0>>, merge_install=False, metas=['./colcon.meta'], mixin=None, mixin_files=None, mixin_verb=('build',), packages_above=None, packages_above_and_dependencies=None, packages_above_depth=None, packages_end=None, packages_ignore=None, packages_ignore_regex=None, packages_select=None, packages_select_build_failed=False, packages_select_by_dep=None, packages_select_regex=None, packages_select_test_failures=False, packages_skip=None, packages_skip_build_finished=False, packages_skip_by_dep=None, packages_skip_regex=None, packages_skip_test_passed=False, packages_skip_up_to=None, packages_start=None, packages_up_to=None, packages_up_to_regex=None, parallel_workers=8, paths=None, symlink_install=False, test_result_base=None, verb_extension=<colcon_core.verb.build.BuildVerb object at 0xffff84416dc0>, verb_name='build', verb_parser=<colcon_mixin.mixin.mixin_argument.MixinArgumentDecorator object at 0xffff844263d0>)
[1.366s] Level 1:colcon.colcon_core.package_discovery:discover_packages(colcon_meta) check parameters
[1.367s] Level 1:colcon.colcon_core.package_discovery:discover_packages(recursive) check parameters
[1.367s] Level 1:colcon.colcon_core.package_discovery:discover_packages(ignore) check parameters
[1.367s] Level 1:colcon.colcon_core.package_discovery:discover_packages(path) check parameters
[1.367s] Level 1:colcon.colcon_core.package_discovery:discover_packages(colcon_meta) discover
[1.368s] Level 1:colcon.colcon_core.package_discovery:discover_packages(recursive) discover
[1.368s] INFO:colcon.colcon_core.package_discovery:Crawling recursively for packages in '/home/xplore/Desktop/AV_ws/BRoCo'
[1.368s] Level 1:colcon.colcon_core.package_identification:_identify(.) by extensions ['ignore', 'ignore_ament_install']
[1.369s] Level 1:colcon.colcon_core.package_identification:_identify(.) by extension 'ignore'
[1.369s] Level 1:colcon.colcon_core.package_identification:_identify(.) by extension 'ignore_ament_install'
[1.369s] Level 1:colcon.colcon_core.package_identification:_identify(.) by extensions ['colcon_pkg']
[1.369s] Level 1:colcon.colcon_core.package_identification:_identify(.) by extension 'colcon_pkg'
[1.369s] Level 1:colcon.colcon_core.package_identification:_identify(.) by extensions ['colcon_meta']
[1.369s] Level 1:colcon.colcon_core.package_identification:_identify(.) by extension 'colcon_meta'
[1.370s] Level 1:colcon.colcon_core.package_identification:_identify(.) by extensions ['ros']
[1.370s] Level 1:colcon.colcon_core.package_identification:_identify(.) by extension 'ros'
[1.410s] Level 1:colcon.colcon_core.package_identification:_identify(.) by extensions ['cmake', 'python']
[1.411s] Level 1:colcon.colcon_core.package_identification:_identify(.) by extension 'cmake'
[1.411s] Level 1:colcon.colcon_core.package_identification:_identify(.) by extension 'python'
[1.411s] Level 1:colcon.colcon_core.package_identification:_identify(.) by extensions ['python_setup_py']
[1.411s] Level 1:colcon.colcon_core.package_identification:_identify(.) by extension 'python_setup_py'
[1.412s] Level 1:colcon.colcon_core.package_identification:_identify(build) by extensions ['ignore', 'ignore_ament_install']
[1.412s] Level 1:colcon.colcon_core.package_identification:_identify(build) by extension 'ignore'
[1.412s] Level 1:colcon.colcon_core.package_identification:_identify(build) ignored
[1.413s] Level 1:colcon.colcon_core.package_identification:_identify(install) by extensions ['ignore', 'ignore_ament_install']
[1.413s] Level 1:colcon.colcon_core.package_identification:_identify(install) by extension 'ignore'
[1.413s] Level 1:colcon.colcon_core.package_identification:_identify(install) ignored
[1.414s] Level 1:colcon.colcon_core.package_identification:_identify(log) by extensions ['ignore', 'ignore_ament_install']
[1.414s] Level 1:colcon.colcon_core.package_identification:_identify(log) by extension 'ignore'
[1.414s] Level 1:colcon.colcon_core.package_identification:_identify(log) ignored
[1.414s] Level 1:colcon.colcon_core.package_identification:_identify(src) by extensions ['ignore', 'ignore_ament_install']
[1.415s] Level 1:colcon.colcon_core.package_identification:_identify(src) by extension 'ignore'
[1.415s] Level 1:colcon.colcon_core.package_identification:_identify(src) by extension 'ignore_ament_install'
[1.415s] Level 1:colcon.colcon_core.package_identification:_identify(src) by extensions ['colcon_pkg']
[1.415s] Level 1:colcon.colcon_core.package_identification:_identify(src) by extension 'colcon_pkg'
[1.415s] Level 1:colcon.colcon_core.package_identification:_identify(src) by extensions ['colcon_meta']
[1.415s] Level 1:colcon.colcon_core.package_identification:_identify(src) by extension 'colcon_meta'
[1.416s] Level 1:colcon.colcon_core.package_identification:_identify(src) by extensions ['ros']
[1.416s] Level 1:colcon.colcon_core.package_identification:_identify(src) by extension 'ros'
[1.416s] Level 1:colcon.colcon_core.package_identification:_identify(src) by extensions ['cmake', 'python']
[1.416s] Level 1:colcon.colcon_core.package_identification:_identify(src) by extension 'cmake'
[1.416s] Level 1:colcon.colcon_core.package_identification:_identify(src) by extension 'python'
[1.416s] Level 1:colcon.colcon_core.package_identification:_identify(src) by extensions ['python_setup_py']
[1.417s] Level 1:colcon.colcon_core.package_identification:_identify(src) by extension 'python_setup_py'
[1.417s] Level 1:colcon.colcon_core.package_identification:_identify(src/RocoRos) by extensions ['ignore', 'ignore_ament_install']
[1.417s] Level 1:colcon.colcon_core.package_identification:_identify(src/RocoRos) by extension 'ignore'
[1.418s] Level 1:colcon.colcon_core.package_identification:_identify(src/RocoRos) by extension 'ignore_ament_install'
[1.418s] Level 1:colcon.colcon_core.package_identification:_identify(src/RocoRos) by extensions ['colcon_pkg']
[1.418s] Level 1:colcon.colcon_core.package_identification:_identify(src/RocoRos) by extension 'colcon_pkg'
[1.418s] Level 1:colcon.colcon_core.package_identification:_identify(src/RocoRos) by extensions ['colcon_meta']
[1.418s] Level 1:colcon.colcon_core.package_identification:_identify(src/RocoRos) by extension 'colcon_meta'
[1.418s] Level 1:colcon.colcon_core.package_identification:_identify(src/RocoRos) by extensions ['ros']
[1.419s] Level 1:colcon.colcon_core.package_identification:_identify(src/RocoRos) by extension 'ros'
[1.428s] DEBUG:colcon.colcon_core.package_identification:Package 'src/RocoRos' with type 'ros.ament_cmake' and name 'RocoRos'
[1.428s] Level 1:colcon.colcon_core.package_discovery:discover_packages(recursive) using defaults
[1.429s] Level 1:colcon.colcon_core.package_discovery:discover_packages(ignore) discover
[1.429s] Level 1:colcon.colcon_core.package_discovery:discover_packages(ignore) using defaults
[1.429s] Level 1:colcon.colcon_core.package_discovery:discover_packages(path) discover
[1.429s] Level 1:colcon.colcon_core.package_discovery:discover_packages(path) using defaults
[1.505s] Level 1:colcon.colcon_core.package_discovery:discover_packages(prefix_path) check parameters
[1.505s] Level 1:colcon.colcon_core.package_discovery:discover_packages(prefix_path) discover
[1.517s] DEBUG:colcon.colcon_installed_package_information.package_discovery:Found 1 installed packages in /home/xplore/Desktop/AV_ws/BRoCo/install
[1.528s] DEBUG:colcon.colcon_installed_package_information.package_discovery:Found 379 installed packages in /opt/ros/foxy
[1.536s] Level 1:colcon.colcon_core.package_discovery:discover_packages(prefix_path) using defaults
[1.797s] Level 5:colcon.colcon_core.verb:set package 'RocoRos' build argument 'cmake_args' from command line to 'None'
[1.798s] Level 5:colcon.colcon_core.verb:set package 'RocoRos' build argument 'cmake_target' from command line to 'None'
[1.798s] Level 5:colcon.colcon_core.verb:set package 'RocoRos' build argument 'cmake_target_skip_unavailable' from command line to 'False'
[1.798s] Level 5:colcon.colcon_core.verb:set package 'RocoRos' build argument 'cmake_clean_cache' from command line to 'False'
[1.798s] Level 5:colcon.colcon_core.verb:set package 'RocoRos' build argument 'cmake_clean_first' from command line to 'False'
[1.798s] Level 5:colcon.colcon_core.verb:set package 'RocoRos' build argument 'cmake_force_configure' from command line to 'False'
[1.798s] Level 5:colcon.colcon_core.verb:set package 'RocoRos' build argument 'ament_cmake_args' from command line to 'None'
[1.798s] Level 5:colcon.colcon_core.verb:set package 'RocoRos' build argument 'catkin_cmake_args' from command line to 'None'
[1.798s] Level 5:colcon.colcon_core.verb:set package 'RocoRos' build argument 'catkin_skip_building_tests' from command line to 'False'
[1.799s] DEBUG:colcon.colcon_core.verb:Building package 'RocoRos' with the following arguments: {'ament_cmake_args': None, 'build_base': '/home/xplore/Desktop/AV_ws/BRoCo/build/RocoRos', 'catkin_cmake_args': None, 'catkin_skip_building_tests': False, 'cmake_args': None, 'cmake_clean_cache': False, 'cmake_clean_first': False, 'cmake_force_configure': False, 'cmake_target': None, 'cmake_target_skip_unavailable': False, 'install_base': '/home/xplore/Desktop/AV_ws/BRoCo/install/RocoRos', 'merge_install': False, 'path': '/home/xplore/Desktop/AV_ws/BRoCo/src/RocoRos', 'symlink_install': False, 'test_result_base': None}
[1.803s] INFO:colcon.colcon_core.executor:Executing jobs using 'parallel' executor
[1.823s] DEBUG:colcon.colcon_parallel_executor.executor.parallel:run_until_complete
[1.824s] INFO:colcon.colcon_ros.task.ament_cmake.build:Building ROS package in '/home/xplore/Desktop/AV_ws/BRoCo/src/RocoRos' with build type 'ament_cmake'
[1.825s] INFO:colcon.colcon_cmake.task.cmake.build:Building CMake package in '/home/xplore/Desktop/AV_ws/BRoCo/src/RocoRos'
[1.847s] INFO:colcon.colcon_core.plugin_system:Skipping extension 'colcon_core.shell.bat': Not used on non-Windows systems
[1.847s] INFO:colcon.colcon_core.shell:Skip shell extension 'powershell' for command environment: Not usable outside of PowerShell
[1.848s] DEBUG:colcon.colcon_core.shell:Skip shell extension 'dsv' for command environment
[1.922s] DEBUG:colcon.colcon_core.event_handler.log_command:Invoking command in '/home/xplore/Desktop/AV_ws/BRoCo/build/RocoRos': CMAKE_PREFIX_PATH=${CMAKE_PREFIX_PATH}:/opt/ros/foxy /usr/bin/cmake --build /home/xplore/Desktop/AV_ws/BRoCo/build/RocoRos -- -j8 -l8
[19.104s] DEBUG:colcon.colcon_core.event_handler.log_command:Invoked command in '/home/xplore/Desktop/AV_ws/BRoCo/build/RocoRos' returned '0': CMAKE_PREFIX_PATH=${CMAKE_PREFIX_PATH}:/opt/ros/foxy /usr/bin/cmake --build /home/xplore/Desktop/AV_ws/BRoCo/build/RocoRos -- -j8 -l8
[19.299s] DEBUG:colcon.colcon_core.event_handler.log_command:Invoking command in '/home/xplore/Desktop/AV_ws/BRoCo/build/RocoRos': CMAKE_PREFIX_PATH=${CMAKE_PREFIX_PATH}:/opt/ros/foxy /usr/bin/cmake --install /home/xplore/Desktop/AV_ws/BRoCo/build/RocoRos
[19.360s] Level 1:colcon.colcon_core.environment:create_environment_scripts_only(RocoRos)
[19.364s] DEBUG:colcon.colcon_core.event_handler.log_command:Invoked command in '/home/xplore/Desktop/AV_ws/BRoCo/build/RocoRos' returned '0': CMAKE_PREFIX_PATH=${CMAKE_PREFIX_PATH}:/opt/ros/foxy /usr/bin/cmake --install /home/xplore/Desktop/AV_ws/BRoCo/build/RocoRos
[19.398s] Level 1:colcon.colcon_core.environment:checking '/home/xplore/Desktop/AV_ws/BRoCo/install/RocoRos' for CMake module files
[19.400s] Level 1:colcon.colcon_core.environment:checking '/home/xplore/Desktop/AV_ws/BRoCo/install/RocoRos' for CMake config files
[19.401s] Level 1:colcon.colcon_core.shell:create_environment_hook('RocoRos', 'cmake_prefix_path')
[19.410s] INFO:colcon.colcon_core.shell:Creating environment hook '/home/xplore/Desktop/AV_ws/BRoCo/install/RocoRos/share/RocoRos/hook/cmake_prefix_path.ps1'
[19.413s] INFO:colcon.colcon_core.shell:Creating environment descriptor '/home/xplore/Desktop/AV_ws/BRoCo/install/RocoRos/share/RocoRos/hook/cmake_prefix_path.dsv'
[19.415s] INFO:colcon.colcon_core.shell:Creating environment hook '/home/xplore/Desktop/AV_ws/BRoCo/install/RocoRos/share/RocoRos/hook/cmake_prefix_path.sh'
[19.418s] Level 1:colcon.colcon_core.environment:checking '/home/xplore/Desktop/AV_ws/BRoCo/install/RocoRos/lib'
[19.419s] Level 1:colcon.colcon_core.environment:checking '/home/xplore/Desktop/AV_ws/BRoCo/install/RocoRos/bin'
[19.419s] Level 1:colcon.colcon_core.environment:checking '/home/xplore/Desktop/AV_ws/BRoCo/install/RocoRos/lib/pkgconfig/RocoRos.pc'
[19.420s] Level 1:colcon.colcon_core.environment:checking '/home/xplore/Desktop/AV_ws/BRoCo/install/RocoRos/lib/python3.8/site-packages'
[19.420s] Level 1:colcon.colcon_core.environment:checking '/home/xplore/Desktop/AV_ws/BRoCo/install/RocoRos/bin'
[19.429s] INFO:colcon.colcon_core.shell:Creating package script '/home/xplore/Desktop/AV_ws/BRoCo/install/RocoRos/share/RocoRos/package.ps1'
[19.432s] INFO:colcon.colcon_core.shell:Creating package descriptor '/home/xplore/Desktop/AV_ws/BRoCo/install/RocoRos/share/RocoRos/package.dsv'
[19.434s] INFO:colcon.colcon_core.shell:Creating package script '/home/xplore/Desktop/AV_ws/BRoCo/install/RocoRos/share/RocoRos/package.sh'
[19.437s] INFO:colcon.colcon_core.shell:Creating package script '/home/xplore/Desktop/AV_ws/BRoCo/install/RocoRos/share/RocoRos/package.bash'
[19.440s] INFO:colcon.colcon_core.shell:Creating package script '/home/xplore/Desktop/AV_ws/BRoCo/install/RocoRos/share/RocoRos/package.zsh'
[19.443s] Level 1:colcon.colcon_core.environment:create_file_with_runtime_dependencies(/home/xplore/Desktop/AV_ws/BRoCo/install/RocoRos/share/colcon-core/packages/RocoRos)
[19.599s] Level 1:colcon.colcon_core.environment:create_environment_scripts_only(RocoRos)
[19.614s] Level 1:colcon.colcon_core.environment:checking '/home/xplore/Desktop/AV_ws/BRoCo/install/RocoRos' for CMake module files
[19.617s] Level 1:colcon.colcon_core.environment:checking '/home/xplore/Desktop/AV_ws/BRoCo/install/RocoRos' for CMake config files
[19.618s] Level 1:colcon.colcon_core.shell:create_environment_hook('RocoRos', 'cmake_prefix_path')
[19.627s] INFO:colcon.colcon_core.shell:Creating environment hook '/home/xplore/Desktop/AV_ws/BRoCo/install/RocoRos/share/RocoRos/hook/cmake_prefix_path.ps1'
[19.630s] INFO:colcon.colcon_core.shell:Creating environment descriptor '/home/xplore/Desktop/AV_ws/BRoCo/install/RocoRos/share/RocoRos/hook/cmake_prefix_path.dsv'
[19.631s] INFO:colcon.colcon_core.shell:Creating environment hook '/home/xplore/Desktop/AV_ws/BRoCo/install/RocoRos/share/RocoRos/hook/cmake_prefix_path.sh'
[19.634s] Level 1:colcon.colcon_core.environment:checking '/home/xplore/Desktop/AV_ws/BRoCo/install/RocoRos/lib'
[19.634s] Level 1:colcon.colcon_core.environment:checking '/home/xplore/Desktop/AV_ws/BRoCo/install/RocoRos/bin'
[19.635s] Level 1:colcon.colcon_core.environment:checking '/home/xplore/Desktop/AV_ws/BRoCo/install/RocoRos/lib/pkgconfig/RocoRos.pc'
[19.636s] Level 1:colcon.colcon_core.environment:checking '/home/xplore/Desktop/AV_ws/BRoCo/install/RocoRos/lib/python3.8/site-packages'
[19.637s] Level 1:colcon.colcon_core.environment:checking '/home/xplore/Desktop/AV_ws/BRoCo/install/RocoRos/bin'
[19.648s] INFO:colcon.colcon_core.shell:Creating package script '/home/xplore/Desktop/AV_ws/BRoCo/install/RocoRos/share/RocoRos/package.ps1'
[19.651s] INFO:colcon.colcon_core.shell:Creating package descriptor '/home/xplore/Desktop/AV_ws/BRoCo/install/RocoRos/share/RocoRos/package.dsv'
[19.653s] INFO:colcon.colcon_core.shell:Creating package script '/home/xplore/Desktop/AV_ws/BRoCo/install/RocoRos/share/RocoRos/package.sh'
[19.654s] INFO:colcon.colcon_core.shell:Creating package script '/home/xplore/Desktop/AV_ws/BRoCo/install/RocoRos/share/RocoRos/package.bash'
[19.656s] INFO:colcon.colcon_core.shell:Creating package script '/home/xplore/Desktop/AV_ws/BRoCo/install/RocoRos/share/RocoRos/package.zsh'
[19.657s] Level 1:colcon.colcon_core.environment:create_file_with_runtime_dependencies(/home/xplore/Desktop/AV_ws/BRoCo/install/RocoRos/share/colcon-core/packages/RocoRos)
[19.659s] DEBUG:colcon.colcon_parallel_executor.executor.parallel:closing loop
[19.662s] DEBUG:colcon.colcon_parallel_executor.executor.parallel:loop closed
[19.662s] DEBUG:colcon.colcon_parallel_executor.executor.parallel:run_until_complete finished with '0'
[19.662s] DEBUG:colcon.colcon_core.event_reactor:joining thread
[19.692s] INFO:colcon.colcon_core.plugin_system:Skipping extension 'colcon_notification.desktop_notification.terminal_notifier': Not used on non-Darwin systems
[19.693s] INFO:colcon.colcon_core.plugin_system:Skipping extension 'colcon_notification.desktop_notification.win32': Not used on non-Windows systems
[19.693s] INFO:colcon.colcon_notification.desktop_notification:Sending desktop notification using 'notify2'
[19.757s] DEBUG:colcon.colcon_core.event_reactor:joined thread
[19.768s] INFO:colcon.colcon_core.shell:Creating prefix script '/home/xplore/Desktop/AV_ws/BRoCo/install/local_setup.ps1'
[19.771s] INFO:colcon.colcon_core.shell:Creating prefix util module '/home/xplore/Desktop/AV_ws/BRoCo/install/_local_setup_util_ps1.py'
[19.775s] INFO:colcon.colcon_core.shell:Creating prefix chain script '/home/xplore/Desktop/AV_ws/BRoCo/install/setup.ps1'
[19.781s] INFO:colcon.colcon_core.shell:Creating prefix script '/home/xplore/Desktop/AV_ws/BRoCo/install/local_setup.sh'
[19.784s] INFO:colcon.colcon_core.shell:Creating prefix util module '/home/xplore/Desktop/AV_ws/BRoCo/install/_local_setup_util_sh.py'
[19.786s] INFO:colcon.colcon_core.shell:Creating prefix chain script '/home/xplore/Desktop/AV_ws/BRoCo/install/setup.sh'
[19.792s] INFO:colcon.colcon_core.shell:Creating prefix script '/home/xplore/Desktop/AV_ws/BRoCo/install/local_setup.bash'
[19.794s] INFO:colcon.colcon_core.shell:Creating prefix chain script '/home/xplore/Desktop/AV_ws/BRoCo/install/setup.bash'
[19.800s] INFO:colcon.colcon_core.shell:Creating prefix script '/home/xplore/Desktop/AV_ws/BRoCo/install/local_setup.zsh'
[19.802s] INFO:colcon.colcon_core.shell:Creating prefix chain script '/home/xplore/Desktop/AV_ws/BRoCo/install/setup.zsh'
