[0.075s] Invoking command in '/home/xplore/Desktop/AV_ws/BRoCo/build/RocoRos': CMAKE_PREFIX_PATH=${CMAKE_PREFIX_PATH}:/opt/ros/foxy /usr/bin/cmake /home/xplore/Desktop/AV_ws/BRoCo/src/RocoRos -DCMAKE_INSTALL_PREFIX=/home/xplore/Desktop/AV_ws/BRoCo/install/RocoRos
[0.385s] -- The C compiler identification is GNU 9.4.0
[0.623s] -- The CXX compiler identification is GNU 9.4.0
[0.642s] -- Check for working C compiler: /usr/bin/cc
[0.967s] -- Check for working C compiler: /usr/bin/cc -- works
[0.970s] -- Detecting C compiler ABI info
[1.287s] -- Detecting C compiler ABI info - done
[1.330s] -- Detecting C compile features
[1.331s] -- Detecting C compile features - done
[1.342s] -- Check for working CXX compiler: /usr/bin/c++
[1.687s] -- Check for working CXX compiler: /usr/bin/c++ -- works
[1.691s] -- Detecting CXX compiler ABI info
[2.036s] -- Detecting CXX compiler ABI info - done
[2.080s] -- Detecting CXX compile features
[2.082s] -- Detecting CXX compile features - done
[2.093s] -- Found ament_cmake: 0.9.11 (/opt/ros/foxy/share/ament_cmake/cmake)
[2.189s] -- Found PythonInterp: /usr/bin/python3 (found suitable version "3.8.10", minimum required is "3") 
[2.189s] -- Using PYTHON_EXECUTABLE: /usr/bin/python3
[2.938s] -- Found rclcpp: 2.4.2 (/opt/ros/foxy/share/rclcpp/cmake)
[3.113s] -- Using all available rosidl_typesupport_c: rosidl_typesupport_fastrtps_c;rosidl_typesupport_introspection_c
[3.139s] -- Found rosidl_adapter: 1.3.0 (/opt/ros/foxy/share/rosidl_adapter/cmake)
[3.515s] -- Found OpenSSL: /usr/lib/aarch64-linux-gnu/libcrypto.so (found version "1.1.1f")  
[3.614s] -- Found FastRTPS: /opt/ros/foxy/include  
[3.893s] -- Using all available rosidl_typesupport_cpp: rosidl_typesupport_fastrtps_cpp;rosidl_typesupport_introspection_cpp
[4.088s] -- Found rmw_implementation_cmake: 1.0.4 (/opt/ros/foxy/share/rmw_implementation_cmake/cmake)
[4.093s] -- Using RMW implementation 'rmw_cyclonedds_cpp' as default
[4.096s] -- Looking for pthread.h
[4.423s] -- Looking for pthread.h - found
[4.425s] -- Performing Test CMAKE_HAVE_LIBC_PTHREAD
[4.762s] -- Performing Test CMAKE_HAVE_LIBC_PTHREAD - Failed
[4.763s] -- Looking for pthread_create in pthreads
[5.035s] -- Looking for pthread_create in pthreads - not found
[5.036s] -- Looking for pthread_create in pthread
[5.350s] -- Looking for pthread_create in pthread - found
[5.354s] -- Found Threads: TRUE  
[5.881s] -- Found ament_lint_auto: 0.9.8 (/opt/ros/foxy/share/ament_lint_auto/cmake)
[6.057s] WARNING: Package name "RocoRos" does not follow the naming conventions. It should start with a lower case letter and only contain lower case letters, digits, underscores, and dashes.
[6.149s] -- Added test 'copyright' to check source files copyright and LICENSE
[6.162s] -- Added test 'cppcheck' to perform static code analysis on C / C++ code
[6.163s] -- Configured cppcheck include dirs: 
[6.163s] -- Configured cppcheck exclude dirs and/or files: 
[6.175s] -- Added test 'cpplint' to check C / C++ code against the Google style
[6.175s] -- Configured cpplint exclude dirs and/or files: 
[6.181s] -- Added test 'lint_cmake' to check CMake code style
[6.194s] -- Added test 'uncrustify' to check C / C++ code style
[6.195s] -- Configured uncrustify additional arguments: 
[6.197s] -- Added test 'xmllint' to check XML markup files
[6.214s] -- Configuring done
[6.248s] -- Generating done
[6.254s] -- Build files have been written to: /home/xplore/Desktop/AV_ws/BRoCo/build/RocoRos
[6.282s] Invoked command in '/home/xplore/Desktop/AV_ws/BRoCo/build/RocoRos' returned '0': CMAKE_PREFIX_PATH=${CMAKE_PREFIX_PATH}:/opt/ros/foxy /usr/bin/cmake /home/xplore/Desktop/AV_ws/BRoCo/src/RocoRos -DCMAKE_INSTALL_PREFIX=/home/xplore/Desktop/AV_ws/BRoCo/install/RocoRos
[6.294s] Invoking command in '/home/xplore/Desktop/AV_ws/BRoCo/build/RocoRos': CMAKE_PREFIX_PATH=${CMAKE_PREFIX_PATH}:/opt/ros/foxy /usr/bin/cmake --build /home/xplore/Desktop/AV_ws/BRoCo/build/RocoRos -- -j8 -l8
[6.471s] [35m[1mScanning dependencies of target cringe[0m
[6.663s] [ 14%] [32mBuilding CXX object CMakeFiles/cringe.dir/src/RocoRos.cpp.o[0m
[6.674s] [ 28%] [32mBuilding CXX object CMakeFiles/cringe.dir/src/IOBus.cpp.o[0m
[6.679s] [ 42%] [32mBuilding CXX object CMakeFiles/cringe.dir/src/MessageBus.cpp.o[0m
[6.683s] [ 57%] [32mBuilding CXX object CMakeFiles/cringe.dir/src/CanSocketDriver.cpp.o[0m
[6.686s] [ 71%] [32mBuilding CXX object CMakeFiles/cringe.dir/src/UDevDriver.cpp.o[0m
[6.687s] [ 85%] [32mBuilding CXX object CMakeFiles/cringe.dir/src/NetworkBus.cpp.o[0m
[7.382s] [01m[K/home/xplore/Desktop/AV_ws/BRoCo/src/RocoRos/src/MessageBus.cpp:[m[K In member function ‘[01m[Kvoid MessageBus::receive(uint8_t, uint8_t*, uint32_t)[m[K’:
[7.383s] [01m[K/home/xplore/Desktop/AV_ws/BRoCo/src/RocoRos/src/MessageBus.cpp:243:21:[m[K [01;35m[Kwarning: [m[Kformat ‘[01m[K%d[m[K’ expects argument of type ‘[01m[Kint[m[K’, but argument 2 has type ‘[01m[Ksize_t[m[K’ {aka ‘[01m[Klong unsigned int[m[K’} [[01;35m[K-Wformat=[m[K]
[7.383s]   243 |    printf("Buffer: [01;35m[K%d[m[K\r\n", [32m[Kindexable_buffer->index[m[K);
[7.384s]       |                    [01;35m[K~^[m[K       [32m[K~~~~~~~~~~~~~~~~~~~~~~~[m[K
[7.384s]       |                     [01;35m[K|[m[K                         [32m[K|[m[K
[7.385s]       |                     [01;35m[Kint[m[K                       [32m[Ksize_t {aka long unsigned int}[m[K
[7.385s]       |                    [32m[K%ld[m[K
[7.386s] [01m[K/home/xplore/Desktop/AV_ws/BRoCo/src/RocoRos/src/MessageBus.cpp:253:17:[m[K [01;35m[Kwarning: [m[Kformat ‘[01m[K%d[m[K’ expects argument of type ‘[01m[Kint[m[K’, but argument 2 has type ‘[01m[Ksize_t[m[K’ {aka ‘[01m[Klong unsigned int[m[K’} [[01;35m[K-Wformat=[m[K]
[7.386s]   253 |    printf("Got [01;35m[K%d[m[K out of %d\r\n", [32m[Kcopy_length[m[K, remaining_size);
[7.387s]       |                [01;35m[K~^[m[K                 [32m[K~~~~~~~~~~~[m[K
[7.387s]       |                 [01;35m[K|[m[K                 [32m[K|[m[K
[7.387s]       |                 [01;35m[Kint[m[K               [32m[Ksize_t {aka long unsigned int}[m[K
[7.388s]       |                [32m[K%ld[m[K
[7.388s] [01m[K/home/xplore/Desktop/AV_ws/BRoCo/src/RocoRos/src/MessageBus.cpp:253:27:[m[K [01;35m[Kwarning: [m[Kformat ‘[01m[K%d[m[K’ expects argument of type ‘[01m[Kint[m[K’, but argument 3 has type ‘[01m[Ksize_t[m[K’ {aka ‘[01m[Klong unsigned int[m[K’} [[01;35m[K-Wformat=[m[K]
[7.388s]   253 |    printf("Got %d out of [01;35m[K%d[m[K\r\n", copy_length, [32m[Kremaining_size[m[K);
[7.389s]       |                          [01;35m[K~^[m[K                    [32m[K~~~~~~~~~~~~~~[m[K
[7.389s]       |                           [01;35m[K|[m[K                    [32m[K|[m[K
[7.389s]       |                           [01;35m[Kint[m[K                  [32m[Ksize_t {aka long unsigned int}[m[K
[7.389s]       |                          [32m[K%ld[m[K
[7.600s] In file included from [01m[K/home/xplore/Desktop/AV_ws/BRoCo/src/RocoRos/src/../include/RocoRos/Protocol/Protocol23.h:13[m[K,
[7.601s]                  from [01m[K/home/xplore/Desktop/AV_ws/BRoCo/src/RocoRos/src/../include/RocoRos/Protocol/Protocol.h:31[m[K,
[7.601s]                  from [01m[K/home/xplore/Desktop/AV_ws/BRoCo/src/RocoRos/src/NetworkBus.cpp:15[m[K:
[7.601s] [01m[K/home/xplore/Desktop/AV_ws/BRoCo/src/RocoRos/src/../include/RocoRos/Protocol/ProtocolMacros.h:10:17:[m[K [01;35m[Kwarning: [m[K‘[01m[Kuint16_t __gen_crc16(const uint8_t*, uint16_t)[m[K’ defined but not used [[01;35m[K-Wunused-function[m[K]
[7.602s]    10 | static uint16_t [01;35m[K__gen_crc16[m[K(const uint8_t *data, uint16_t size) {
[7.602s]       |                 [01;35m[K^~~~~~~~~~~[m[K
[7.778s] In file included from [01m[K/home/xplore/Desktop/AV_ws/BRoCo/src/RocoRos/src/../include/RocoRos/Protocol/Protocol23.h:13[m[K,
[7.779s]                  from [01m[K/home/xplore/Desktop/AV_ws/BRoCo/src/RocoRos/src/../include/RocoRos/Protocol/Protocol.h:31[m[K,
[7.779s]                  from [01m[K/home/xplore/Desktop/AV_ws/BRoCo/src/RocoRos/src/../include/RocoRos/Protocol/ProtocolRegisters.h:13[m[K,
[7.779s]                  from [01m[K/home/xplore/Desktop/AV_ws/BRoCo/src/RocoRos/src/MessageBus.cpp:25[m[K:
[7.780s] [01m[K/home/xplore/Desktop/AV_ws/BRoCo/src/RocoRos/src/../include/RocoRos/Protocol/ProtocolMacros.h:[m[K At global scope:
[7.780s] [01m[K/home/xplore/Desktop/AV_ws/BRoCo/src/RocoRos/src/../include/RocoRos/Protocol/ProtocolMacros.h:10:17:[m[K [01;35m[Kwarning: [m[K‘[01m[Kuint16_t __gen_crc16(const uint8_t*, uint16_t)[m[K’ defined but not used [[01;35m[K-Wunused-function[m[K]
[7.781s]    10 | static uint16_t [01;35m[K__gen_crc16[m[K(const uint8_t *data, uint16_t size) {
[7.781s]       |                 [01;35m[K^~~~~~~~~~~[m[K
[8.155s] [01m[K/home/xplore/Desktop/AV_ws/BRoCo/src/RocoRos/src/CanSocketDriver.cpp:[m[K In member function ‘[01m[Kvoid CanSocketDriver::TxFrameConfig(uint32_t, int, uint8_t*)[m[K’:
[8.155s] [01m[K/home/xplore/Desktop/AV_ws/BRoCo/src/RocoRos/src/CanSocketDriver.cpp:93:58:[m[K [01;35m[Kwarning: [m[Kunused parameter ‘[01m[Klen[m[K’ [[01;35m[K-Wunused-parameter[m[K]
[8.156s]    93 | void CanSocketDriver::TxFrameConfig(uint32_t can_id, [01;35m[Kint len[m[K, uint8_t buffer[64])
[8.156s]       |                                                      [01;35m[K~~~~^~~[m[K
[8.158s] [01m[K/home/xplore/Desktop/AV_ws/BRoCo/src/RocoRos/src/CanSocketDriver.cpp:93:71:[m[K [01;35m[Kwarning: [m[Kunused parameter ‘[01m[Kbuffer[m[K’ [[01;35m[K-Wunused-parameter[m[K]
[8.158s]    93 | void CanSocketDriver::TxFrameConfig(uint32_t can_id, int len, [01;35m[Kuint8_t buffer[64][m[K)
[8.159s]       |                                                               [01;35m[K~~~~~~~~^~~~~~~~~~[m[K
[8.159s] [01m[K/home/xplore/Desktop/AV_ws/BRoCo/src/RocoRos/src/CanSocketDriver.cpp:[m[K In member function ‘[01m[Kvirtual void CanSocketDriver::transmit(uint8_t*, uint32_t)[m[K’:
[8.159s] [01m[K/home/xplore/Desktop/AV_ws/BRoCo/src/RocoRos/src/CanSocketDriver.cpp:107:26:[m[K [01;35m[Kwarning: [m[Kcomparison of integer expressions of different signedness: ‘[01m[Kint[m[K’ and ‘[01m[Kuint32_t[m[K’ {aka ‘[01m[Kunsigned int[m[K’} [[01;35m[K-Wsign-compare[m[K]
[8.160s]   107 |         for(int i = 0; [01;35m[Ki < length[m[K; ++i)
[8.160s]       |                        [01;35m[K~~^~~~~~~~[m[K
[8.161s] [01m[K/home/xplore/Desktop/AV_ws/BRoCo/src/RocoRos/src/CanSocketDriver.cpp:107:9:[m[K [01;35m[Kwarning: [m[Kthis ‘[01m[Kfor[m[K’ clause does not guard... [[01;35m[K-Wmisleading-indentation[m[K]
[8.161s]   107 |         [01;35m[Kfor[m[K(int i = 0; i < length; ++i)
[8.161s]       |         [01;35m[K^~~[m[K
[8.161s] [01m[K/home/xplore/Desktop/AV_ws/BRoCo/src/RocoRos/src/CanSocketDriver.cpp:109:3:[m[K [01;36m[Knote: [m[K...this statement, but the latter is misleadingly indented as if it were guarded by the ‘[01m[Kfor[m[K’
[8.162s]   109 |   [01;36m[Kwhile[m[K((result = write(s, &txframe, sizeof(struct can_frame))) > 0) {
[8.162s]       |   [01;36m[K^~~~~[m[K
[11.663s] In file included from [01m[K/home/xplore/Desktop/AV_ws/BRoCo/src/RocoRos/src/RocoRos.cpp:15[m[K:
[11.663s] [01m[K/home/xplore/Desktop/AV_ws/BRoCo/src/RocoRos/src/../include/RocoRos/handlers_cs.h:[m[K In function ‘[01m[Kvoid handle_dummy(uint8_t, DummySystem_DummyPacket*, void*)[m[K’:
[11.663s] [01m[K/home/xplore/Desktop/AV_ws/BRoCo/src/RocoRos/src/../include/RocoRos/handlers_cs.h:174:27:[m[K [01;35m[Kwarning: [m[Kunused parameter ‘[01m[Ksender_id[m[K’ [[01;35m[K-Wunused-parameter[m[K]
[11.664s]   174 | void handle_dummy([01;35m[Kuint8_t sender_id[m[K, DummySystem_DummyPacket* packet, void* ros_publisher)
[11.664s]       |                   [01;35m[K~~~~~~~~^~~~~~~~~[m[K
[16.182s] In file included from [01m[K/home/xplore/Desktop/AV_ws/BRoCo/src/RocoRos/src/../include/RocoRos/Protocol/Protocol23.h:13[m[K,
[16.182s]                  from [01m[K/home/xplore/Desktop/AV_ws/BRoCo/src/RocoRos/src/../include/RocoRos/Protocol/Protocol.h:31[m[K,
[16.183s]                  from [01m[K/home/xplore/Desktop/AV_ws/BRoCo/src/RocoRos/src/../include/RocoRos/RoCo.h:12[m[K,
[16.183s]                  from [01m[K/home/xplore/Desktop/AV_ws/BRoCo/src/RocoRos/src/RocoRos.cpp:13[m[K:
[16.183s] [01m[K/home/xplore/Desktop/AV_ws/BRoCo/src/RocoRos/src/../include/RocoRos/Protocol/ProtocolMacros.h:[m[K At global scope:
[16.183s] [01m[K/home/xplore/Desktop/AV_ws/BRoCo/src/RocoRos/src/../include/RocoRos/Protocol/ProtocolMacros.h:10:17:[m[K [01;35m[Kwarning: [m[K‘[01m[Kuint16_t __gen_crc16(const uint8_t*, uint16_t)[m[K’ defined but not used [[01;35m[K-Wunused-function[m[K]
[16.184s]    10 | static uint16_t [01;35m[K__gen_crc16[m[K(const uint8_t *data, uint16_t size) {
[16.184s]       |                 [01;35m[K^~~~~~~~~~~[m[K
[22.728s] [100%] [32m[1mLinking CXX executable cringe[0m
[23.613s] [100%] Built target cringe
[23.658s] Invoked command in '/home/xplore/Desktop/AV_ws/BRoCo/build/RocoRos' returned '0': CMAKE_PREFIX_PATH=${CMAKE_PREFIX_PATH}:/opt/ros/foxy /usr/bin/cmake --build /home/xplore/Desktop/AV_ws/BRoCo/build/RocoRos -- -j8 -l8
[23.887s] Invoking command in '/home/xplore/Desktop/AV_ws/BRoCo/build/RocoRos': CMAKE_PREFIX_PATH=${CMAKE_PREFIX_PATH}:/opt/ros/foxy /usr/bin/cmake --install /home/xplore/Desktop/AV_ws/BRoCo/build/RocoRos
[23.923s] -- Install configuration: ""
[23.924s] -- Installing: /home/xplore/Desktop/AV_ws/BRoCo/install/RocoRos/lib/RocoRos/cringe
[23.938s] -- Set runtime path of "/home/xplore/Desktop/AV_ws/BRoCo/install/RocoRos/lib/RocoRos/cringe" to ""
[23.938s] -- Installing: /home/xplore/Desktop/AV_ws/BRoCo/install/RocoRos/share/ament_index/resource_index/package_run_dependencies/RocoRos
[23.939s] -- Installing: /home/xplore/Desktop/AV_ws/BRoCo/install/RocoRos/share/ament_index/resource_index/parent_prefix_path/RocoRos
[23.940s] -- Installing: /home/xplore/Desktop/AV_ws/BRoCo/install/RocoRos/share/RocoRos/environment/ament_prefix_path.sh
[23.941s] -- Installing: /home/xplore/Desktop/AV_ws/BRoCo/install/RocoRos/share/RocoRos/environment/ament_prefix_path.dsv
[23.941s] -- Installing: /home/xplore/Desktop/AV_ws/BRoCo/install/RocoRos/share/RocoRos/environment/path.sh
[23.942s] -- Installing: /home/xplore/Desktop/AV_ws/BRoCo/install/RocoRos/share/RocoRos/environment/path.dsv
[23.943s] -- Installing: /home/xplore/Desktop/AV_ws/BRoCo/install/RocoRos/share/RocoRos/local_setup.bash
[23.944s] -- Installing: /home/xplore/Desktop/AV_ws/BRoCo/install/RocoRos/share/RocoRos/local_setup.sh
[23.944s] -- Installing: /home/xplore/Desktop/AV_ws/BRoCo/install/RocoRos/share/RocoRos/local_setup.zsh
[23.945s] -- Installing: /home/xplore/Desktop/AV_ws/BRoCo/install/RocoRos/share/RocoRos/local_setup.dsv
[23.946s] -- Installing: /home/xplore/Desktop/AV_ws/BRoCo/install/RocoRos/share/RocoRos/package.dsv
[23.947s] -- Installing: /home/xplore/Desktop/AV_ws/BRoCo/install/RocoRos/share/ament_index/resource_index/packages/RocoRos
[23.948s] -- Installing: /home/xplore/Desktop/AV_ws/BRoCo/install/RocoRos/share/RocoRos/cmake/RocoRosConfig.cmake
[23.948s] -- Installing: /home/xplore/Desktop/AV_ws/BRoCo/install/RocoRos/share/RocoRos/cmake/RocoRosConfig-version.cmake
[23.949s] -- Installing: /home/xplore/Desktop/AV_ws/BRoCo/install/RocoRos/share/RocoRos/package.xml
[23.961s] Invoked command in '/home/xplore/Desktop/AV_ws/BRoCo/build/RocoRos' returned '0': CMAKE_PREFIX_PATH=${CMAKE_PREFIX_PATH}:/opt/ros/foxy /usr/bin/cmake --install /home/xplore/Desktop/AV_ws/BRoCo/build/RocoRos
