[1.326s] DEBUG:colcon:Command line arguments: ['/usr/bin/colcon', 'build']
[1.327s] DEBUG:colcon:Parsed command line arguments: Namespace(allow_overriding=[], ament_cmake_args=None, base_paths=['.'], build_base='build', catkin_cmake_args=None, catkin_skip_building_tests=False, cmake_args=None, cmake_clean_cache=False, cmake_clean_first=False, cmake_force_configure=False, cmake_target=None, cmake_target_skip_unavailable=False, continue_on_error=False, event_handlers=None, executor='parallel', ignore_user_meta=False, install_base='install', log_base=None, log_level=None, main=<bound method BuildVerb.main of <colcon_core.verb.build.BuildVerb object at 0xffffa21ccbe0>>, merge_install=False, metas=['./colcon.meta'], mixin=None, mixin_files=None, mixin_verb=('build',), packages_above=None, packages_above_and_dependencies=None, packages_above_depth=None, packages_end=None, packages_ignore=None, packages_ignore_regex=None, packages_select=None, packages_select_build_failed=False, packages_select_by_dep=None, packages_select_regex=None, packages_select_test_failures=False, packages_skip=None, packages_skip_build_finished=False, packages_skip_by_dep=None, packages_skip_regex=None, packages_skip_test_passed=False, packages_skip_up_to=None, packages_start=None, packages_up_to=None, packages_up_to_regex=None, parallel_workers=8, paths=None, symlink_install=False, test_result_base=None, verb_extension=<colcon_core.verb.build.BuildVerb object at 0xffffa21ccbe0>, verb_name='build', verb_parser=<colcon_mixin.mixin.mixin_argument.MixinArgumentDecorator object at 0xffffa21db1f0>)
[1.463s] Level 1:colcon.colcon_core.package_discovery:discover_packages(colcon_meta) check parameters
[1.463s] Level 1:colcon.colcon_core.package_discovery:discover_packages(recursive) check parameters
[1.463s] Level 1:colcon.colcon_core.package_discovery:discover_packages(ignore) check parameters
[1.464s] Level 1:colcon.colcon_core.package_discovery:discover_packages(path) check parameters
[1.464s] Level 1:colcon.colcon_core.package_discovery:discover_packages(colcon_meta) discover
[1.464s] Level 1:colcon.colcon_core.package_discovery:discover_packages(recursive) discover
[1.464s] INFO:colcon.colcon_core.package_discovery:Crawling recursively for packages in '/home/xplore/Desktop/AV_ws/BRoCo'
[1.464s] Level 1:colcon.colcon_core.package_identification:_identify(.) by extensions ['ignore', 'ignore_ament_install']
[1.465s] Level 1:colcon.colcon_core.package_identification:_identify(.) by extension 'ignore'
[1.465s] Level 1:colcon.colcon_core.package_identification:_identify(.) by extension 'ignore_ament_install'
[1.465s] Level 1:colcon.colcon_core.package_identification:_identify(.) by extensions ['colcon_pkg']
[1.465s] Level 1:colcon.colcon_core.package_identification:_identify(.) by extension 'colcon_pkg'
[1.466s] Level 1:colcon.colcon_core.package_identification:_identify(.) by extensions ['colcon_meta']
[1.466s] Level 1:colcon.colcon_core.package_identification:_identify(.) by extension 'colcon_meta'
[1.466s] Level 1:colcon.colcon_core.package_identification:_identify(.) by extensions ['ros']
[1.466s] Level 1:colcon.colcon_core.package_identification:_identify(.) by extension 'ros'
[1.508s] Level 1:colcon.colcon_core.package_identification:_identify(.) by extensions ['cmake', 'python']
[1.508s] Level 1:colcon.colcon_core.package_identification:_identify(.) by extension 'cmake'
[1.509s] Level 1:colcon.colcon_core.package_identification:_identify(.) by extension 'python'
[1.509s] Level 1:colcon.colcon_core.package_identification:_identify(.) by extensions ['python_setup_py']
[1.509s] Level 1:colcon.colcon_core.package_identification:_identify(.) by extension 'python_setup_py'
[1.509s] Level 1:colcon.colcon_core.package_identification:_identify(build) by extensions ['ignore', 'ignore_ament_install']
[1.510s] Level 1:colcon.colcon_core.package_identification:_identify(build) by extension 'ignore'
[1.510s] Level 1:colcon.colcon_core.package_identification:_identify(build) ignored
[1.510s] Level 1:colcon.colcon_core.package_identification:_identify(install) by extensions ['ignore', 'ignore_ament_install']
[1.511s] Level 1:colcon.colcon_core.package_identification:_identify(install) by extension 'ignore'
[1.511s] Level 1:colcon.colcon_core.package_identification:_identify(install) ignored
[1.511s] Level 1:colcon.colcon_core.package_identification:_identify(log) by extensions ['ignore', 'ignore_ament_install']
[1.512s] Level 1:colcon.colcon_core.package_identification:_identify(log) by extension 'ignore'
[1.512s] Level 1:colcon.colcon_core.package_identification:_identify(log) ignored
[1.512s] Level 1:colcon.colcon_core.package_identification:_identify(src) by extensions ['ignore', 'ignore_ament_install']
[1.512s] Level 1:colcon.colcon_core.package_identification:_identify(src) by extension 'ignore'
[1.513s] Level 1:colcon.colcon_core.package_identification:_identify(src) by extension 'ignore_ament_install'
[1.513s] Level 1:colcon.colcon_core.package_identification:_identify(src) by extensions ['colcon_pkg']
[1.513s] Level 1:colcon.colcon_core.package_identification:_identify(src) by extension 'colcon_pkg'
[1.513s] Level 1:colcon.colcon_core.package_identification:_identify(src) by extensions ['colcon_meta']
[1.513s] Level 1:colcon.colcon_core.package_identification:_identify(src) by extension 'colcon_meta'
[1.513s] Level 1:colcon.colcon_core.package_identification:_identify(src) by extensions ['ros']
[1.514s] Level 1:colcon.colcon_core.package_identification:_identify(src) by extension 'ros'
[1.514s] Level 1:colcon.colcon_core.package_identification:_identify(src) by extensions ['cmake', 'python']
[1.514s] Level 1:colcon.colcon_core.package_identification:_identify(src) by extension 'cmake'
[1.514s] Level 1:colcon.colcon_core.package_identification:_identify(src) by extension 'python'
[1.515s] Level 1:colcon.colcon_core.package_identification:_identify(src) by extensions ['python_setup_py']
[1.515s] Level 1:colcon.colcon_core.package_identification:_identify(src) by extension 'python_setup_py'
[1.515s] Level 1:colcon.colcon_core.package_identification:_identify(src/RocoRos) by extensions ['ignore', 'ignore_ament_install']
[1.515s] Level 1:colcon.colcon_core.package_identification:_identify(src/RocoRos) by extension 'ignore'
[1.515s] Level 1:colcon.colcon_core.package_identification:_identify(src/RocoRos) by extension 'ignore_ament_install'
[1.516s] Level 1:colcon.colcon_core.package_identification:_identify(src/RocoRos) by extensions ['colcon_pkg']
[1.516s] Level 1:colcon.colcon_core.package_identification:_identify(src/RocoRos) by extension 'colcon_pkg'
[1.516s] Level 1:colcon.colcon_core.package_identification:_identify(src/RocoRos) by extensions ['colcon_meta']
[1.516s] Level 1:colcon.colcon_core.package_identification:_identify(src/RocoRos) by extension 'colcon_meta'
[1.516s] Level 1:colcon.colcon_core.package_identification:_identify(src/RocoRos) by extensions ['ros']
[1.516s] Level 1:colcon.colcon_core.package_identification:_identify(src/RocoRos) by extension 'ros'
[1.526s] DEBUG:colcon.colcon_core.package_identification:Package 'src/RocoRos' with type 'ros.ament_cmake' and name 'RocoRos'
[1.526s] Level 1:colcon.colcon_core.package_discovery:discover_packages(recursive) using defaults
[1.526s] Level 1:colcon.colcon_core.package_discovery:discover_packages(ignore) discover
[1.526s] Level 1:colcon.colcon_core.package_discovery:discover_packages(ignore) using defaults
[1.526s] Level 1:colcon.colcon_core.package_discovery:discover_packages(path) discover
[1.526s] Level 1:colcon.colcon_core.package_discovery:discover_packages(path) using defaults
[1.612s] Level 1:colcon.colcon_core.package_discovery:discover_packages(prefix_path) check parameters
[1.613s] Level 1:colcon.colcon_core.package_discovery:discover_packages(prefix_path) discover
[1.626s] DEBUG:colcon.colcon_installed_package_information.package_discovery:Found 1 installed packages in /home/xplore/Desktop/AV_ws/BRoCo/install
[1.637s] DEBUG:colcon.colcon_installed_package_information.package_discovery:Found 379 installed packages in /opt/ros/foxy
[1.646s] Level 1:colcon.colcon_core.package_discovery:discover_packages(prefix_path) using defaults
[1.916s] Level 5:colcon.colcon_core.verb:set package 'RocoRos' build argument 'cmake_args' from command line to 'None'
[1.916s] Level 5:colcon.colcon_core.verb:set package 'RocoRos' build argument 'cmake_target' from command line to 'None'
[1.916s] Level 5:colcon.colcon_core.verb:set package 'RocoRos' build argument 'cmake_target_skip_unavailable' from command line to 'False'
[1.916s] Level 5:colcon.colcon_core.verb:set package 'RocoRos' build argument 'cmake_clean_cache' from command line to 'False'
[1.916s] Level 5:colcon.colcon_core.verb:set package 'RocoRos' build argument 'cmake_clean_first' from command line to 'False'
[1.916s] Level 5:colcon.colcon_core.verb:set package 'RocoRos' build argument 'cmake_force_configure' from command line to 'False'
[1.916s] Level 5:colcon.colcon_core.verb:set package 'RocoRos' build argument 'ament_cmake_args' from command line to 'None'
[1.917s] Level 5:colcon.colcon_core.verb:set package 'RocoRos' build argument 'catkin_cmake_args' from command line to 'None'
[1.917s] Level 5:colcon.colcon_core.verb:set package 'RocoRos' build argument 'catkin_skip_building_tests' from command line to 'False'
[1.917s] DEBUG:colcon.colcon_core.verb:Building package 'RocoRos' with the following arguments: {'ament_cmake_args': None, 'build_base': '/home/xplore/Desktop/AV_ws/BRoCo/build/RocoRos', 'catkin_cmake_args': None, 'catkin_skip_building_tests': False, 'cmake_args': None, 'cmake_clean_cache': False, 'cmake_clean_first': False, 'cmake_force_configure': False, 'cmake_target': None, 'cmake_target_skip_unavailable': False, 'install_base': '/home/xplore/Desktop/AV_ws/BRoCo/install/RocoRos', 'merge_install': False, 'path': '/home/xplore/Desktop/AV_ws/BRoCo/src/RocoRos', 'symlink_install': False, 'test_result_base': None}
[1.921s] INFO:colcon.colcon_core.executor:Executing jobs using 'parallel' executor
[1.944s] DEBUG:colcon.colcon_parallel_executor.executor.parallel:run_until_complete
[1.945s] INFO:colcon.colcon_ros.task.ament_cmake.build:Building ROS package in '/home/xplore/Desktop/AV_ws/BRoCo/src/RocoRos' with build type 'ament_cmake'
[1.946s] INFO:colcon.colcon_cmake.task.cmake.build:Building CMake package in '/home/xplore/Desktop/AV_ws/BRoCo/src/RocoRos'
[1.968s] INFO:colcon.colcon_core.plugin_system:Skipping extension 'colcon_core.shell.bat': Not used on non-Windows systems
[1.969s] INFO:colcon.colcon_core.shell:Skip shell extension 'powershell' for command environment: Not usable outside of PowerShell
[1.969s] DEBUG:colcon.colcon_core.shell:Skip shell extension 'dsv' for command environment
[2.044s] DEBUG:colcon.colcon_core.event_handler.log_command:Invoking command in '/home/xplore/Desktop/AV_ws/BRoCo/build/RocoRos': CMAKE_PREFIX_PATH=${CMAKE_PREFIX_PATH}:/opt/ros/foxy /usr/bin/cmake --build /home/xplore/Desktop/AV_ws/BRoCo/build/RocoRos -- -j8 -l8
[4.956s] DEBUG:colcon.colcon_core.event_handler.log_command:Invoked command in '/home/xplore/Desktop/AV_ws/BRoCo/build/RocoRos' returned '0': CMAKE_PREFIX_PATH=${CMAKE_PREFIX_PATH}:/opt/ros/foxy /usr/bin/cmake --build /home/xplore/Desktop/AV_ws/BRoCo/build/RocoRos -- -j8 -l8
[5.167s] DEBUG:colcon.colcon_core.event_handler.log_command:Invoking command in '/home/xplore/Desktop/AV_ws/BRoCo/build/RocoRos': CMAKE_PREFIX_PATH=${CMAKE_PREFIX_PATH}:/opt/ros/foxy /usr/bin/cmake --install /home/xplore/Desktop/AV_ws/BRoCo/build/RocoRos
[5.231s] Level 1:colcon.colcon_core.environment:create_environment_scripts_only(RocoRos)
[5.235s] DEBUG:colcon.colcon_core.event_handler.log_command:Invoked command in '/home/xplore/Desktop/AV_ws/BRoCo/build/RocoRos' returned '0': CMAKE_PREFIX_PATH=${CMAKE_PREFIX_PATH}:/opt/ros/foxy /usr/bin/cmake --install /home/xplore/Desktop/AV_ws/BRoCo/build/RocoRos
[5.267s] Level 1:colcon.colcon_core.environment:checking '/home/xplore/Desktop/AV_ws/BRoCo/install/RocoRos' for CMake module files
[5.269s] Level 1:colcon.colcon_core.environment:checking '/home/xplore/Desktop/AV_ws/BRoCo/install/RocoRos' for CMake config files
[5.270s] Level 1:colcon.colcon_core.shell:create_environment_hook('RocoRos', 'cmake_prefix_path')
[5.280s] INFO:colcon.colcon_core.shell:Creating environment hook '/home/xplore/Desktop/AV_ws/BRoCo/install/RocoRos/share/RocoRos/hook/cmake_prefix_path.ps1'
[5.284s] INFO:colcon.colcon_core.shell:Creating environment descriptor '/home/xplore/Desktop/AV_ws/BRoCo/install/RocoRos/share/RocoRos/hook/cmake_prefix_path.dsv'
[5.286s] INFO:colcon.colcon_core.shell:Creating environment hook '/home/xplore/Desktop/AV_ws/BRoCo/install/RocoRos/share/RocoRos/hook/cmake_prefix_path.sh'
[5.290s] Level 1:colcon.colcon_core.environment:checking '/home/xplore/Desktop/AV_ws/BRoCo/install/RocoRos/lib'
[5.291s] Level 1:colcon.colcon_core.environment:checking '/home/xplore/Desktop/AV_ws/BRoCo/install/RocoRos/bin'
[5.291s] Level 1:colcon.colcon_core.environment:checking '/home/xplore/Desktop/AV_ws/BRoCo/install/RocoRos/lib/pkgconfig/RocoRos.pc'
[5.292s] Level 1:colcon.colcon_core.environment:checking '/home/xplore/Desktop/AV_ws/BRoCo/install/RocoRos/lib/python3.8/site-packages'
[5.293s] Level 1:colcon.colcon_core.environment:checking '/home/xplore/Desktop/AV_ws/BRoCo/install/RocoRos/bin'
[5.302s] INFO:colcon.colcon_core.shell:Creating package script '/home/xplore/Desktop/AV_ws/BRoCo/install/RocoRos/share/RocoRos/package.ps1'
[5.305s] INFO:colcon.colcon_core.shell:Creating package descriptor '/home/xplore/Desktop/AV_ws/BRoCo/install/RocoRos/share/RocoRos/package.dsv'
[5.307s] INFO:colcon.colcon_core.shell:Creating package script '/home/xplore/Desktop/AV_ws/BRoCo/install/RocoRos/share/RocoRos/package.sh'
[5.311s] INFO:colcon.colcon_core.shell:Creating package script '/home/xplore/Desktop/AV_ws/BRoCo/install/RocoRos/share/RocoRos/package.bash'
[5.313s] INFO:colcon.colcon_core.shell:Creating package script '/home/xplore/Desktop/AV_ws/BRoCo/install/RocoRos/share/RocoRos/package.zsh'
[5.316s] Level 1:colcon.colcon_core.environment:create_file_with_runtime_dependencies(/home/xplore/Desktop/AV_ws/BRoCo/install/RocoRos/share/colcon-core/packages/RocoRos)
[5.511s] Level 1:colcon.colcon_core.environment:create_environment_scripts_only(RocoRos)
[5.538s] Level 1:colcon.colcon_core.environment:checking '/home/xplore/Desktop/AV_ws/BRoCo/install/RocoRos' for CMake module files
[5.541s] Level 1:colcon.colcon_core.environment:checking '/home/xplore/Desktop/AV_ws/BRoCo/install/RocoRos' for CMake config files
[5.543s] Level 1:colcon.colcon_core.shell:create_environment_hook('RocoRos', 'cmake_prefix_path')
[5.566s] INFO:colcon.colcon_core.shell:Creating environment hook '/home/xplore/Desktop/AV_ws/BRoCo/install/RocoRos/share/RocoRos/hook/cmake_prefix_path.ps1'
[5.568s] INFO:colcon.colcon_core.shell:Creating environment descriptor '/home/xplore/Desktop/AV_ws/BRoCo/install/RocoRos/share/RocoRos/hook/cmake_prefix_path.dsv'
[5.570s] INFO:colcon.colcon_core.shell:Creating environment hook '/home/xplore/Desktop/AV_ws/BRoCo/install/RocoRos/share/RocoRos/hook/cmake_prefix_path.sh'
[5.573s] Level 1:colcon.colcon_core.environment:checking '/home/xplore/Desktop/AV_ws/BRoCo/install/RocoRos/lib'
[5.573s] Level 1:colcon.colcon_core.environment:checking '/home/xplore/Desktop/AV_ws/BRoCo/install/RocoRos/bin'
[5.573s] Level 1:colcon.colcon_core.environment:checking '/home/xplore/Desktop/AV_ws/BRoCo/install/RocoRos/lib/pkgconfig/RocoRos.pc'
[5.575s] Level 1:colcon.colcon_core.environment:checking '/home/xplore/Desktop/AV_ws/BRoCo/install/RocoRos/lib/python3.8/site-packages'
[5.575s] Level 1:colcon.colcon_core.environment:checking '/home/xplore/Desktop/AV_ws/BRoCo/install/RocoRos/bin'
[5.587s] INFO:colcon.colcon_core.shell:Creating package script '/home/xplore/Desktop/AV_ws/BRoCo/install/RocoRos/share/RocoRos/package.ps1'
[5.589s] INFO:colcon.colcon_core.shell:Creating package descriptor '/home/xplore/Desktop/AV_ws/BRoCo/install/RocoRos/share/RocoRos/package.dsv'
[5.591s] INFO:colcon.colcon_core.shell:Creating package script '/home/xplore/Desktop/AV_ws/BRoCo/install/RocoRos/share/RocoRos/package.sh'
[5.594s] INFO:colcon.colcon_core.shell:Creating package script '/home/xplore/Desktop/AV_ws/BRoCo/install/RocoRos/share/RocoRos/package.bash'
[5.596s] INFO:colcon.colcon_core.shell:Creating package script '/home/xplore/Desktop/AV_ws/BRoCo/install/RocoRos/share/RocoRos/package.zsh'
[5.597s] Level 1:colcon.colcon_core.environment:create_file_with_runtime_dependencies(/home/xplore/Desktop/AV_ws/BRoCo/install/RocoRos/share/colcon-core/packages/RocoRos)
[5.599s] DEBUG:colcon.colcon_parallel_executor.executor.parallel:closing loop
[5.603s] DEBUG:colcon.colcon_parallel_executor.executor.parallel:loop closed
[5.608s] DEBUG:colcon.colcon_parallel_executor.executor.parallel:run_until_complete finished with '0'
[5.609s] DEBUG:colcon.colcon_core.event_reactor:joining thread
[5.637s] INFO:colcon.colcon_core.plugin_system:Skipping extension 'colcon_notification.desktop_notification.terminal_notifier': Not used on non-Darwin systems
[5.637s] INFO:colcon.colcon_core.plugin_system:Skipping extension 'colcon_notification.desktop_notification.win32': Not used on non-Windows systems
[5.638s] INFO:colcon.colcon_notification.desktop_notification:Sending desktop notification using 'notify2'
[5.704s] DEBUG:colcon.colcon_core.event_reactor:joined thread
[5.716s] INFO:colcon.colcon_core.shell:Creating prefix script '/home/xplore/Desktop/AV_ws/BRoCo/install/local_setup.ps1'
[5.719s] INFO:colcon.colcon_core.shell:Creating prefix util module '/home/xplore/Desktop/AV_ws/BRoCo/install/_local_setup_util_ps1.py'
[5.724s] INFO:colcon.colcon_core.shell:Creating prefix chain script '/home/xplore/Desktop/AV_ws/BRoCo/install/setup.ps1'
[5.731s] INFO:colcon.colcon_core.shell:Creating prefix script '/home/xplore/Desktop/AV_ws/BRoCo/install/local_setup.sh'
[5.733s] INFO:colcon.colcon_core.shell:Creating prefix util module '/home/xplore/Desktop/AV_ws/BRoCo/install/_local_setup_util_sh.py'
[5.735s] INFO:colcon.colcon_core.shell:Creating prefix chain script '/home/xplore/Desktop/AV_ws/BRoCo/install/setup.sh'
[5.743s] INFO:colcon.colcon_core.shell:Creating prefix script '/home/xplore/Desktop/AV_ws/BRoCo/install/local_setup.bash'
[5.745s] INFO:colcon.colcon_core.shell:Creating prefix chain script '/home/xplore/Desktop/AV_ws/BRoCo/install/setup.bash'
[5.751s] INFO:colcon.colcon_core.shell:Creating prefix script '/home/xplore/Desktop/AV_ws/BRoCo/install/local_setup.zsh'
[5.753s] INFO:colcon.colcon_core.shell:Creating prefix chain script '/home/xplore/Desktop/AV_ws/BRoCo/install/setup.zsh'
