[1.255s] DEBUG:colcon:Command line arguments: ['/usr/bin/colcon', 'build']
[1.255s] DEBUG:colcon:Parsed command line arguments: Namespace(allow_overriding=[], ament_cmake_args=None, base_paths=['.'], build_base='build', catkin_cmake_args=None, catkin_skip_building_tests=False, cmake_args=None, cmake_clean_cache=False, cmake_clean_first=False, cmake_force_configure=False, cmake_target=None, cmake_target_skip_unavailable=False, continue_on_error=False, event_handlers=None, executor='parallel', ignore_user_meta=False, install_base='install', log_base=None, log_level=None, main=<bound method BuildVerb.main of <colcon_core.verb.build.BuildVerb object at 0xffffb5a2cdc0>>, merge_install=False, metas=['./colcon.meta'], mixin=None, mixin_files=None, mixin_verb=('build',), packages_above=None, packages_above_and_dependencies=None, packages_above_depth=None, packages_end=None, packages_ignore=None, packages_ignore_regex=None, packages_select=None, packages_select_build_failed=False, packages_select_by_dep=None, packages_select_regex=None, packages_select_test_failures=False, packages_skip=None, packages_skip_build_finished=False, packages_skip_by_dep=None, packages_skip_regex=None, packages_skip_test_passed=False, packages_skip_up_to=None, packages_start=None, packages_up_to=None, packages_up_to_regex=None, parallel_workers=8, paths=None, symlink_install=False, test_result_base=None, verb_extension=<colcon_core.verb.build.BuildVerb object at 0xffffb5a2cdc0>, verb_name='build', verb_parser=<colcon_mixin.mixin.mixin_argument.MixinArgumentDecorator object at 0xffffb5a3c3d0>)
[1.377s] Level 1:colcon.colcon_core.package_discovery:discover_packages(colcon_meta) check parameters
[1.378s] Level 1:colcon.colcon_core.package_discovery:discover_packages(recursive) check parameters
[1.378s] Level 1:colcon.colcon_core.package_discovery:discover_packages(ignore) check parameters
[1.378s] Level 1:colcon.colcon_core.package_discovery:discover_packages(path) check parameters
[1.378s] Level 1:colcon.colcon_core.package_discovery:discover_packages(colcon_meta) discover
[1.379s] Level 1:colcon.colcon_core.package_discovery:discover_packages(recursive) discover
[1.379s] INFO:colcon.colcon_core.package_discovery:Crawling recursively for packages in '/home/xplore/Desktop/AV_ws/BRoCo'
[1.379s] Level 1:colcon.colcon_core.package_identification:_identify(.) by extensions ['ignore', 'ignore_ament_install']
[1.380s] Level 1:colcon.colcon_core.package_identification:_identify(.) by extension 'ignore'
[1.380s] Level 1:colcon.colcon_core.package_identification:_identify(.) by extension 'ignore_ament_install'
[1.381s] Level 1:colcon.colcon_core.package_identification:_identify(.) by extensions ['colcon_pkg']
[1.381s] Level 1:colcon.colcon_core.package_identification:_identify(.) by extension 'colcon_pkg'
[1.381s] Level 1:colcon.colcon_core.package_identification:_identify(.) by extensions ['colcon_meta']
[1.381s] Level 1:colcon.colcon_core.package_identification:_identify(.) by extension 'colcon_meta'
[1.381s] Level 1:colcon.colcon_core.package_identification:_identify(.) by extensions ['ros']
[1.381s] Level 1:colcon.colcon_core.package_identification:_identify(.) by extension 'ros'
[1.422s] Level 1:colcon.colcon_core.package_identification:_identify(.) by extensions ['cmake', 'python']
[1.422s] Level 1:colcon.colcon_core.package_identification:_identify(.) by extension 'cmake'
[1.422s] Level 1:colcon.colcon_core.package_identification:_identify(.) by extension 'python'
[1.423s] Level 1:colcon.colcon_core.package_identification:_identify(.) by extensions ['python_setup_py']
[1.423s] Level 1:colcon.colcon_core.package_identification:_identify(.) by extension 'python_setup_py'
[1.423s] Level 1:colcon.colcon_core.package_identification:_identify(build) by extensions ['ignore', 'ignore_ament_install']
[1.424s] Level 1:colcon.colcon_core.package_identification:_identify(build) by extension 'ignore'
[1.424s] Level 1:colcon.colcon_core.package_identification:_identify(build) ignored
[1.425s] Level 1:colcon.colcon_core.package_identification:_identify(install) by extensions ['ignore', 'ignore_ament_install']
[1.425s] Level 1:colcon.colcon_core.package_identification:_identify(install) by extension 'ignore'
[1.425s] Level 1:colcon.colcon_core.package_identification:_identify(install) ignored
[1.425s] Level 1:colcon.colcon_core.package_identification:_identify(log) by extensions ['ignore', 'ignore_ament_install']
[1.426s] Level 1:colcon.colcon_core.package_identification:_identify(log) by extension 'ignore'
[1.426s] Level 1:colcon.colcon_core.package_identification:_identify(log) ignored
[1.426s] Level 1:colcon.colcon_core.package_identification:_identify(src) by extensions ['ignore', 'ignore_ament_install']
[1.426s] Level 1:colcon.colcon_core.package_identification:_identify(src) by extension 'ignore'
[1.427s] Level 1:colcon.colcon_core.package_identification:_identify(src) by extension 'ignore_ament_install'
[1.427s] Level 1:colcon.colcon_core.package_identification:_identify(src) by extensions ['colcon_pkg']
[1.427s] Level 1:colcon.colcon_core.package_identification:_identify(src) by extension 'colcon_pkg'
[1.427s] Level 1:colcon.colcon_core.package_identification:_identify(src) by extensions ['colcon_meta']
[1.427s] Level 1:colcon.colcon_core.package_identification:_identify(src) by extension 'colcon_meta'
[1.427s] Level 1:colcon.colcon_core.package_identification:_identify(src) by extensions ['ros']
[1.428s] Level 1:colcon.colcon_core.package_identification:_identify(src) by extension 'ros'
[1.428s] Level 1:colcon.colcon_core.package_identification:_identify(src) by extensions ['cmake', 'python']
[1.428s] Level 1:colcon.colcon_core.package_identification:_identify(src) by extension 'cmake'
[1.428s] Level 1:colcon.colcon_core.package_identification:_identify(src) by extension 'python'
[1.428s] Level 1:colcon.colcon_core.package_identification:_identify(src) by extensions ['python_setup_py']
[1.428s] Level 1:colcon.colcon_core.package_identification:_identify(src) by extension 'python_setup_py'
[1.429s] Level 1:colcon.colcon_core.package_identification:_identify(src/RocoRos) by extensions ['ignore', 'ignore_ament_install']
[1.429s] Level 1:colcon.colcon_core.package_identification:_identify(src/RocoRos) by extension 'ignore'
[1.429s] Level 1:colcon.colcon_core.package_identification:_identify(src/RocoRos) by extension 'ignore_ament_install'
[1.429s] Level 1:colcon.colcon_core.package_identification:_identify(src/RocoRos) by extensions ['colcon_pkg']
[1.429s] Level 1:colcon.colcon_core.package_identification:_identify(src/RocoRos) by extension 'colcon_pkg'
[1.430s] Level 1:colcon.colcon_core.package_identification:_identify(src/RocoRos) by extensions ['colcon_meta']
[1.430s] Level 1:colcon.colcon_core.package_identification:_identify(src/RocoRos) by extension 'colcon_meta'
[1.430s] Level 1:colcon.colcon_core.package_identification:_identify(src/RocoRos) by extensions ['ros']
[1.430s] Level 1:colcon.colcon_core.package_identification:_identify(src/RocoRos) by extension 'ros'
[1.439s] DEBUG:colcon.colcon_core.package_identification:Package 'src/RocoRos' with type 'ros.ament_cmake' and name 'RocoRos'
[1.439s] Level 1:colcon.colcon_core.package_discovery:discover_packages(recursive) using defaults
[1.439s] Level 1:colcon.colcon_core.package_discovery:discover_packages(ignore) discover
[1.439s] Level 1:colcon.colcon_core.package_discovery:discover_packages(ignore) using defaults
[1.439s] Level 1:colcon.colcon_core.package_discovery:discover_packages(path) discover
[1.439s] Level 1:colcon.colcon_core.package_discovery:discover_packages(path) using defaults
[1.517s] Level 1:colcon.colcon_core.package_discovery:discover_packages(prefix_path) check parameters
[1.518s] Level 1:colcon.colcon_core.package_discovery:discover_packages(prefix_path) discover
[1.530s] DEBUG:colcon.colcon_installed_package_information.package_discovery:Found 1 installed packages in /home/xplore/Desktop/AV_ws/BRoCo/install
[1.541s] DEBUG:colcon.colcon_installed_package_information.package_discovery:Found 379 installed packages in /opt/ros/foxy
[1.549s] Level 1:colcon.colcon_core.package_discovery:discover_packages(prefix_path) using defaults
[1.816s] Level 5:colcon.colcon_core.verb:set package 'RocoRos' build argument 'cmake_args' from command line to 'None'
[1.816s] Level 5:colcon.colcon_core.verb:set package 'RocoRos' build argument 'cmake_target' from command line to 'None'
[1.816s] Level 5:colcon.colcon_core.verb:set package 'RocoRos' build argument 'cmake_target_skip_unavailable' from command line to 'False'
[1.816s] Level 5:colcon.colcon_core.verb:set package 'RocoRos' build argument 'cmake_clean_cache' from command line to 'False'
[1.816s] Level 5:colcon.colcon_core.verb:set package 'RocoRos' build argument 'cmake_clean_first' from command line to 'False'
[1.816s] Level 5:colcon.colcon_core.verb:set package 'RocoRos' build argument 'cmake_force_configure' from command line to 'False'
[1.817s] Level 5:colcon.colcon_core.verb:set package 'RocoRos' build argument 'ament_cmake_args' from command line to 'None'
[1.817s] Level 5:colcon.colcon_core.verb:set package 'RocoRos' build argument 'catkin_cmake_args' from command line to 'None'
[1.817s] Level 5:colcon.colcon_core.verb:set package 'RocoRos' build argument 'catkin_skip_building_tests' from command line to 'False'
[1.817s] DEBUG:colcon.colcon_core.verb:Building package 'RocoRos' with the following arguments: {'ament_cmake_args': None, 'build_base': '/home/xplore/Desktop/AV_ws/BRoCo/build/RocoRos', 'catkin_cmake_args': None, 'catkin_skip_building_tests': False, 'cmake_args': None, 'cmake_clean_cache': False, 'cmake_clean_first': False, 'cmake_force_configure': False, 'cmake_target': None, 'cmake_target_skip_unavailable': False, 'install_base': '/home/xplore/Desktop/AV_ws/BRoCo/install/RocoRos', 'merge_install': False, 'path': '/home/xplore/Desktop/AV_ws/BRoCo/src/RocoRos', 'symlink_install': False, 'test_result_base': None}
[1.821s] INFO:colcon.colcon_core.executor:Executing jobs using 'parallel' executor
[1.842s] DEBUG:colcon.colcon_parallel_executor.executor.parallel:run_until_complete
[1.842s] INFO:colcon.colcon_ros.task.ament_cmake.build:Building ROS package in '/home/xplore/Desktop/AV_ws/BRoCo/src/RocoRos' with build type 'ament_cmake'
[1.843s] INFO:colcon.colcon_cmake.task.cmake.build:Building CMake package in '/home/xplore/Desktop/AV_ws/BRoCo/src/RocoRos'
[1.866s] INFO:colcon.colcon_core.plugin_system:Skipping extension 'colcon_core.shell.bat': Not used on non-Windows systems
[1.867s] INFO:colcon.colcon_core.shell:Skip shell extension 'powershell' for command environment: Not usable outside of PowerShell
[1.867s] DEBUG:colcon.colcon_core.shell:Skip shell extension 'dsv' for command environment
[1.938s] DEBUG:colcon.colcon_core.event_handler.log_command:Invoking command in '/home/xplore/Desktop/AV_ws/BRoCo/build/RocoRos': CMAKE_PREFIX_PATH=${CMAKE_PREFIX_PATH}:/opt/ros/foxy /usr/bin/cmake --build /home/xplore/Desktop/AV_ws/BRoCo/build/RocoRos -- -j8 -l8
[4.762s] DEBUG:colcon.colcon_core.event_handler.log_command:Invoked command in '/home/xplore/Desktop/AV_ws/BRoCo/build/RocoRos' returned '0': CMAKE_PREFIX_PATH=${CMAKE_PREFIX_PATH}:/opt/ros/foxy /usr/bin/cmake --build /home/xplore/Desktop/AV_ws/BRoCo/build/RocoRos -- -j8 -l8
[4.972s] DEBUG:colcon.colcon_core.event_handler.log_command:Invoking command in '/home/xplore/Desktop/AV_ws/BRoCo/build/RocoRos': CMAKE_PREFIX_PATH=${CMAKE_PREFIX_PATH}:/opt/ros/foxy /usr/bin/cmake --install /home/xplore/Desktop/AV_ws/BRoCo/build/RocoRos
[5.030s] Level 1:colcon.colcon_core.environment:create_environment_scripts_only(RocoRos)
[5.041s] DEBUG:colcon.colcon_core.event_handler.log_command:Invoked command in '/home/xplore/Desktop/AV_ws/BRoCo/build/RocoRos' returned '0': CMAKE_PREFIX_PATH=${CMAKE_PREFIX_PATH}:/opt/ros/foxy /usr/bin/cmake --install /home/xplore/Desktop/AV_ws/BRoCo/build/RocoRos
[5.064s] Level 1:colcon.colcon_core.environment:checking '/home/xplore/Desktop/AV_ws/BRoCo/install/RocoRos' for CMake module files
[5.066s] Level 1:colcon.colcon_core.environment:checking '/home/xplore/Desktop/AV_ws/BRoCo/install/RocoRos' for CMake config files
[5.067s] Level 1:colcon.colcon_core.shell:create_environment_hook('RocoRos', 'cmake_prefix_path')
[5.076s] INFO:colcon.colcon_core.shell:Creating environment hook '/home/xplore/Desktop/AV_ws/BRoCo/install/RocoRos/share/RocoRos/hook/cmake_prefix_path.ps1'
[5.080s] INFO:colcon.colcon_core.shell:Creating environment descriptor '/home/xplore/Desktop/AV_ws/BRoCo/install/RocoRos/share/RocoRos/hook/cmake_prefix_path.dsv'
[5.081s] INFO:colcon.colcon_core.shell:Creating environment hook '/home/xplore/Desktop/AV_ws/BRoCo/install/RocoRos/share/RocoRos/hook/cmake_prefix_path.sh'
[5.085s] Level 1:colcon.colcon_core.environment:checking '/home/xplore/Desktop/AV_ws/BRoCo/install/RocoRos/lib'
[5.086s] Level 1:colcon.colcon_core.environment:checking '/home/xplore/Desktop/AV_ws/BRoCo/install/RocoRos/bin'
[5.086s] Level 1:colcon.colcon_core.environment:checking '/home/xplore/Desktop/AV_ws/BRoCo/install/RocoRos/lib/pkgconfig/RocoRos.pc'
[5.088s] Level 1:colcon.colcon_core.environment:checking '/home/xplore/Desktop/AV_ws/BRoCo/install/RocoRos/lib/python3.8/site-packages'
[5.088s] Level 1:colcon.colcon_core.environment:checking '/home/xplore/Desktop/AV_ws/BRoCo/install/RocoRos/bin'
[5.098s] INFO:colcon.colcon_core.shell:Creating package script '/home/xplore/Desktop/AV_ws/BRoCo/install/RocoRos/share/RocoRos/package.ps1'
[5.101s] INFO:colcon.colcon_core.shell:Creating package descriptor '/home/xplore/Desktop/AV_ws/BRoCo/install/RocoRos/share/RocoRos/package.dsv'
[5.104s] INFO:colcon.colcon_core.shell:Creating package script '/home/xplore/Desktop/AV_ws/BRoCo/install/RocoRos/share/RocoRos/package.sh'
[5.106s] INFO:colcon.colcon_core.shell:Creating package script '/home/xplore/Desktop/AV_ws/BRoCo/install/RocoRos/share/RocoRos/package.bash'
[5.109s] INFO:colcon.colcon_core.shell:Creating package script '/home/xplore/Desktop/AV_ws/BRoCo/install/RocoRos/share/RocoRos/package.zsh'
[5.112s] Level 1:colcon.colcon_core.environment:create_file_with_runtime_dependencies(/home/xplore/Desktop/AV_ws/BRoCo/install/RocoRos/share/colcon-core/packages/RocoRos)
[5.278s] Level 1:colcon.colcon_core.environment:create_environment_scripts_only(RocoRos)
[5.295s] Level 1:colcon.colcon_core.environment:checking '/home/xplore/Desktop/AV_ws/BRoCo/install/RocoRos' for CMake module files
[5.298s] Level 1:colcon.colcon_core.environment:checking '/home/xplore/Desktop/AV_ws/BRoCo/install/RocoRos' for CMake config files
[5.298s] Level 1:colcon.colcon_core.shell:create_environment_hook('RocoRos', 'cmake_prefix_path')
[5.307s] INFO:colcon.colcon_core.shell:Creating environment hook '/home/xplore/Desktop/AV_ws/BRoCo/install/RocoRos/share/RocoRos/hook/cmake_prefix_path.ps1'
[5.310s] INFO:colcon.colcon_core.shell:Creating environment descriptor '/home/xplore/Desktop/AV_ws/BRoCo/install/RocoRos/share/RocoRos/hook/cmake_prefix_path.dsv'
[5.312s] INFO:colcon.colcon_core.shell:Creating environment hook '/home/xplore/Desktop/AV_ws/BRoCo/install/RocoRos/share/RocoRos/hook/cmake_prefix_path.sh'
[5.315s] Level 1:colcon.colcon_core.environment:checking '/home/xplore/Desktop/AV_ws/BRoCo/install/RocoRos/lib'
[5.315s] Level 1:colcon.colcon_core.environment:checking '/home/xplore/Desktop/AV_ws/BRoCo/install/RocoRos/bin'
[5.315s] Level 1:colcon.colcon_core.environment:checking '/home/xplore/Desktop/AV_ws/BRoCo/install/RocoRos/lib/pkgconfig/RocoRos.pc'
[5.316s] Level 1:colcon.colcon_core.environment:checking '/home/xplore/Desktop/AV_ws/BRoCo/install/RocoRos/lib/python3.8/site-packages'
[5.317s] Level 1:colcon.colcon_core.environment:checking '/home/xplore/Desktop/AV_ws/BRoCo/install/RocoRos/bin'
[5.326s] INFO:colcon.colcon_core.shell:Creating package script '/home/xplore/Desktop/AV_ws/BRoCo/install/RocoRos/share/RocoRos/package.ps1'
[5.329s] INFO:colcon.colcon_core.shell:Creating package descriptor '/home/xplore/Desktop/AV_ws/BRoCo/install/RocoRos/share/RocoRos/package.dsv'
[5.331s] INFO:colcon.colcon_core.shell:Creating package script '/home/xplore/Desktop/AV_ws/BRoCo/install/RocoRos/share/RocoRos/package.sh'
[5.333s] INFO:colcon.colcon_core.shell:Creating package script '/home/xplore/Desktop/AV_ws/BRoCo/install/RocoRos/share/RocoRos/package.bash'
[5.334s] INFO:colcon.colcon_core.shell:Creating package script '/home/xplore/Desktop/AV_ws/BRoCo/install/RocoRos/share/RocoRos/package.zsh'
[5.336s] Level 1:colcon.colcon_core.environment:create_file_with_runtime_dependencies(/home/xplore/Desktop/AV_ws/BRoCo/install/RocoRos/share/colcon-core/packages/RocoRos)
[5.338s] DEBUG:colcon.colcon_parallel_executor.executor.parallel:closing loop
[5.340s] DEBUG:colcon.colcon_parallel_executor.executor.parallel:loop closed
[5.340s] DEBUG:colcon.colcon_parallel_executor.executor.parallel:run_until_complete finished with '0'
[5.341s] DEBUG:colcon.colcon_core.event_reactor:joining thread
[5.367s] INFO:colcon.colcon_core.plugin_system:Skipping extension 'colcon_notification.desktop_notification.terminal_notifier': Not used on non-Darwin systems
[5.367s] INFO:colcon.colcon_core.plugin_system:Skipping extension 'colcon_notification.desktop_notification.win32': Not used on non-Windows systems
[5.368s] INFO:colcon.colcon_notification.desktop_notification:Sending desktop notification using 'notify2'
[5.440s] DEBUG:colcon.colcon_core.event_reactor:joined thread
[5.450s] INFO:colcon.colcon_core.shell:Creating prefix script '/home/xplore/Desktop/AV_ws/BRoCo/install/local_setup.ps1'
[5.454s] INFO:colcon.colcon_core.shell:Creating prefix util module '/home/xplore/Desktop/AV_ws/BRoCo/install/_local_setup_util_ps1.py'
[5.459s] INFO:colcon.colcon_core.shell:Creating prefix chain script '/home/xplore/Desktop/AV_ws/BRoCo/install/setup.ps1'
[5.465s] INFO:colcon.colcon_core.shell:Creating prefix script '/home/xplore/Desktop/AV_ws/BRoCo/install/local_setup.sh'
[5.468s] INFO:colcon.colcon_core.shell:Creating prefix util module '/home/xplore/Desktop/AV_ws/BRoCo/install/_local_setup_util_sh.py'
[5.470s] INFO:colcon.colcon_core.shell:Creating prefix chain script '/home/xplore/Desktop/AV_ws/BRoCo/install/setup.sh'
[5.476s] INFO:colcon.colcon_core.shell:Creating prefix script '/home/xplore/Desktop/AV_ws/BRoCo/install/local_setup.bash'
[5.478s] INFO:colcon.colcon_core.shell:Creating prefix chain script '/home/xplore/Desktop/AV_ws/BRoCo/install/setup.bash'
[5.484s] INFO:colcon.colcon_core.shell:Creating prefix script '/home/xplore/Desktop/AV_ws/BRoCo/install/local_setup.zsh'
[5.486s] INFO:colcon.colcon_core.shell:Creating prefix chain script '/home/xplore/Desktop/AV_ws/BRoCo/install/setup.zsh'
