[35m[1mScanning dependencies of target cringe[0m
[ 14%] [32mBuilding CXX object CMakeFiles/cringe.dir/src/MessageBus.cpp.o[0m
[01m[K/home/xplore/Desktop/AV_ws/BRoCo/src/RocoRos/src/MessageBus.cpp:[m[K In member function ‘[01m[Kvoid MessageBus::receive(uint8_t, uint8_t*, uint32_t)[m[K’:
[01m[K/home/xplore/Desktop/AV_ws/BRoCo/src/RocoRos/src/MessageBus.cpp:249:21:[m[K [01;35m[Kwarning: [m[Kformat ‘[01m[K%d[m[K’ expects argument of type ‘[01m[Kint[m[K’, but argument 2 has type ‘[01m[Ksize_t[m[K’ {aka ‘[01m[Klong unsigned int[m[K’} [[01;35m[K-Wformat=[m[K]
  249 |    printf("Buffer: [01;35m[K%d[m[K\r\n", [32m[Kindexable_buffer->index[m[K);
      |                    [01;35m[K~^[m[K       [32m[K~~~~~~~~~~~~~~~~~~~~~~~[m[K
      |                     [01;35m[K|[m[K                         [32m[K|[m[K
      |                     [01;35m[Kint[m[K                       [32m[Ksize_t {aka long unsigned int}[m[K
      |                    [32m[K%ld[m[K
[01m[K/home/xplore/Desktop/AV_ws/BRoCo/src/RocoRos/src/MessageBus.cpp:259:17:[m[K [01;35m[Kwarning: [m[Kformat ‘[01m[K%d[m[K’ expects argument of type ‘[01m[Kint[m[K’, but argument 2 has type ‘[01m[Ksize_t[m[K’ {aka ‘[01m[Klong unsigned int[m[K’} [[01;35m[K-Wformat=[m[K]
  259 |    printf("Got [01;35m[K%d[m[K out of %d\r\n", [32m[Kcopy_length[m[K, remaining_size);
      |                [01;35m[K~^[m[K                 [32m[K~~~~~~~~~~~[m[K
      |                 [01;35m[K|[m[K                 [32m[K|[m[K
      |                 [01;35m[Kint[m[K               [32m[Ksize_t {aka long unsigned int}[m[K
      |                [32m[K%ld[m[K
[01m[K/home/xplore/Desktop/AV_ws/BRoCo/src/RocoRos/src/MessageBus.cpp:259:27:[m[K [01;35m[Kwarning: [m[Kformat ‘[01m[K%d[m[K’ expects argument of type ‘[01m[Kint[m[K’, but argument 3 has type ‘[01m[Ksize_t[m[K’ {aka ‘[01m[Klong unsigned int[m[K’} [[01;35m[K-Wformat=[m[K]
  259 |    printf("Got %d out of [01;35m[K%d[m[K\r\n", copy_length, [32m[Kremaining_size[m[K);
      |                          [01;35m[K~^[m[K                    [32m[K~~~~~~~~~~~~~~[m[K
      |                           [01;35m[K|[m[K                    [32m[K|[m[K
      |                           [01;35m[Kint[m[K                  [32m[Ksize_t {aka long unsigned int}[m[K
      |                          [32m[K%ld[m[K
/home/xplore/Desktop/AV_ws/BRoCo/src/RocoRos/src/MessageBus.cpp: In instantiation of ‘[01m[Kbool MessageBus::define(uint8_t) [with T = DataPacket; uint8_t = unsigned char][m[K’:
[01m[K/home/xplore/Desktop/AV_ws/BRoCo/src/RocoRos/src/../include/RocoRos/Protocol/ProtocolRegisters.h:88:1:[m[K   required from here
[01m[K/home/xplore/Desktop/AV_ws/BRoCo/src/RocoRos/src/MessageBus.cpp:58:23:[m[K [01;35m[Kwarning: [m[Kformat ‘[01m[K%d[m[K’ expects argument of type ‘[01m[Kint[m[K’, but argument 2 has type ‘[01m[Ksize_t[m[K’ {aka ‘[01m[Klong unsigned int[m[K’} [[01;35m[K-Wformat=[m[K]
   58 |    printf("hash is : [01;35m[K%d[m[K", [32m[Khash[m[K);
      |                      [01;35m[K~^[m[K   [32m[K~~~~[m[K
      |                       [01;35m[K|[m[K   [32m[K|[m[K
      |                       [01;35m[Kint[m[K [32m[Ksize_t {aka long unsigned int}[m[K
      |                      [32m[K%ld[m[K
[01m[K/home/xplore/Desktop/AV_ws/BRoCo/src/RocoRos/src/MessageBus.cpp:64:24:[m[K [01;35m[Kwarning: [m[Kformat ‘[01m[K%d[m[K’ expects argument of type ‘[01m[Kint[m[K’, but argument 2 has type ‘[01m[Ksize_t[m[K’ {aka ‘[01m[Klong unsigned int[m[K’} [[01;35m[K-Wformat=[m[K]
   64 |    printf("hash2 is : [01;35m[K%d[m[K", [32m[Khash[m[K);
      |                       [01;35m[K~^[m[K   [32m[K~~~~[m[K
      |                        [01;35m[K|[m[K   [32m[K|[m[K
      |                        [01;35m[Kint[m[K [32m[Ksize_t {aka long unsigned int}[m[K
      |                       [32m[K%ld[m[K
[01m[K/home/xplore/Desktop/AV_ws/BRoCo/src/RocoRos/src/MessageBus.cpp:71:25:[m[K [01;35m[Kwarning: [m[Kformat ‘[01m[K%d[m[K’ expects argument of type ‘[01m[Kint[m[K’, but argument 2 has type ‘[01m[Ksize_t[m[K’ {aka ‘[01m[Klong unsigned int[m[K’} [[01;35m[K-Wformat=[m[K]
   71 |     printf("hash3 is : [01;35m[K%d[m[K", [32m[Khash[m[K);
      |                        [01;35m[K~^[m[K   [32m[K~~~~[m[K
      |                         [01;35m[K|[m[K   [32m[K|[m[K
      |                         [01;35m[Kint[m[K [32m[Ksize_t {aka long unsigned int}[m[K
      |                        [32m[K%ld[m[K
/home/xplore/Desktop/AV_ws/BRoCo/src/RocoRos/src/MessageBus.cpp: In instantiation of ‘[01m[Kbool MessageBus::define(uint8_t) [with T = PingPacket; uint8_t = unsigned char][m[K’:
[01m[K/home/xplore/Desktop/AV_ws/BRoCo/src/RocoRos/src/../include/RocoRos/Protocol/ProtocolRegisters.h:89:1:[m[K   required from here
[01m[K/home/xplore/Desktop/AV_ws/BRoCo/src/RocoRos/src/MessageBus.cpp:58:23:[m[K [01;35m[Kwarning: [m[Kformat ‘[01m[K%d[m[K’ expects argument of type ‘[01m[Kint[m[K’, but argument 2 has type ‘[01m[Ksize_t[m[K’ {aka ‘[01m[Klong unsigned int[m[K’} [[01;35m[K-Wformat=[m[K]
   58 |    printf("hash is : [01;35m[K%d[m[K", [32m[Khash[m[K);
      |                      [01;35m[K~^[m[K   [32m[K~~~~[m[K
      |                       [01;35m[K|[m[K   [32m[K|[m[K
      |                       [01;35m[Kint[m[K [32m[Ksize_t {aka long unsigned int}[m[K
      |                      [32m[K%ld[m[K
[01m[K/home/xplore/Desktop/AV_ws/BRoCo/src/RocoRos/src/MessageBus.cpp:64:24:[m[K [01;35m[Kwarning: [m[Kformat ‘[01m[K%d[m[K’ expects argument of type ‘[01m[Kint[m[K’, but argument 2 has type ‘[01m[Ksize_t[m[K’ {aka ‘[01m[Klong unsigned int[m[K’} [[01;35m[K-Wformat=[m[K]
   64 |    printf("hash2 is : [01;35m[K%d[m[K", [32m[Khash[m[K);
      |                       [01;35m[K~^[m[K   [32m[K~~~~[m[K
      |                        [01;35m[K|[m[K   [32m[K|[m[K
      |                        [01;35m[Kint[m[K [32m[Ksize_t {aka long unsigned int}[m[K
      |                       [32m[K%ld[m[K
[01m[K/home/xplore/Desktop/AV_ws/BRoCo/src/RocoRos/src/MessageBus.cpp:71:25:[m[K [01;35m[Kwarning: [m[Kformat ‘[01m[K%d[m[K’ expects argument of type ‘[01m[Kint[m[K’, but argument 2 has type ‘[01m[Ksize_t[m[K’ {aka ‘[01m[Klong unsigned int[m[K’} [[01;35m[K-Wformat=[m[K]
   71 |     printf("hash3 is : [01;35m[K%d[m[K", [32m[Khash[m[K);
      |                        [01;35m[K~^[m[K   [32m[K~~~~[m[K
      |                         [01;35m[K|[m[K   [32m[K|[m[K
      |                         [01;35m[Kint[m[K [32m[Ksize_t {aka long unsigned int}[m[K
      |                        [32m[K%ld[m[K
/home/xplore/Desktop/AV_ws/BRoCo/src/RocoRos/src/MessageBus.cpp: In instantiation of ‘[01m[Kbool MessageBus::define(uint8_t) [with T = ErrorPacket; uint8_t = unsigned char][m[K’:
[01m[K/home/xplore/Desktop/AV_ws/BRoCo/src/RocoRos/src/../include/RocoRos/Protocol/ProtocolRegisters.h:90:1:[m[K   required from here
[01m[K/home/xplore/Desktop/AV_ws/BRoCo/src/RocoRos/src/MessageBus.cpp:58:23:[m[K [01;35m[Kwarning: [m[Kformat ‘[01m[K%d[m[K’ expects argument of type ‘[01m[Kint[m[K’, but argument 2 has type ‘[01m[Ksize_t[m[K’ {aka ‘[01m[Klong unsigned int[m[K’} [[01;35m[K-Wformat=[m[K]
   58 |    printf("hash is : [01;35m[K%d[m[K", [32m[Khash[m[K);
      |                      [01;35m[K~^[m[K   [32m[K~~~~[m[K
      |                       [01;35m[K|[m[K   [32m[K|[m[K
      |                       [01;35m[Kint[m[K [32m[Ksize_t {aka long unsigned int}[m[K
      |                      [32m[K%ld[m[K
[01m[K/home/xplore/Desktop/AV_ws/BRoCo/src/RocoRos/src/MessageBus.cpp:64:24:[m[K [01;35m[Kwarning: [m[Kformat ‘[01m[K%d[m[K’ expects argument of type ‘[01m[Kint[m[K’, but argument 2 has type ‘[01m[Ksize_t[m[K’ {aka ‘[01m[Klong unsigned int[m[K’} [[01;35m[K-Wformat=[m[K]
   64 |    printf("hash2 is : [01;35m[K%d[m[K", [32m[Khash[m[K);
      |                       [01;35m[K~^[m[K   [32m[K~~~~[m[K
      |                        [01;35m[K|[m[K   [32m[K|[m[K
      |                        [01;35m[Kint[m[K [32m[Ksize_t {aka long unsigned int}[m[K
      |                       [32m[K%ld[m[K
[01m[K/home/xplore/Desktop/AV_ws/BRoCo/src/RocoRos/src/MessageBus.cpp:71:25:[m[K [01;35m[Kwarning: [m[Kformat ‘[01m[K%d[m[K’ expects argument of type ‘[01m[Kint[m[K’, but argument 2 has type ‘[01m[Ksize_t[m[K’ {aka ‘[01m[Klong unsigned int[m[K’} [[01;35m[K-Wformat=[m[K]
   71 |     printf("hash3 is : [01;35m[K%d[m[K", [32m[Khash[m[K);
      |                        [01;35m[K~^[m[K   [32m[K~~~~[m[K
      |                         [01;35m[K|[m[K   [32m[K|[m[K
      |                         [01;35m[Kint[m[K [32m[Ksize_t {aka long unsigned int}[m[K
      |                        [32m[K%ld[m[K
/home/xplore/Desktop/AV_ws/BRoCo/src/RocoRos/src/MessageBus.cpp: In instantiation of ‘[01m[Kbool MessageBus::define(uint8_t) [with T = RequestPacket; uint8_t = unsigned char][m[K’:
[01m[K/home/xplore/Desktop/AV_ws/BRoCo/src/RocoRos/src/../include/RocoRos/Protocol/ProtocolRegisters.h:91:1:[m[K   required from here
[01m[K/home/xplore/Desktop/AV_ws/BRoCo/src/RocoRos/src/MessageBus.cpp:58:23:[m[K [01;35m[Kwarning: [m[Kformat ‘[01m[K%d[m[K’ expects argument of type ‘[01m[Kint[m[K’, but argument 2 has type ‘[01m[Ksize_t[m[K’ {aka ‘[01m[Klong unsigned int[m[K’} [[01;35m[K-Wformat=[m[K]
   58 |    printf("hash is : [01;35m[K%d[m[K", [32m[Khash[m[K);
      |                      [01;35m[K~^[m[K   [32m[K~~~~[m[K
      |                       [01;35m[K|[m[K   [32m[K|[m[K
      |                       [01;35m[Kint[m[K [32m[Ksize_t {aka long unsigned int}[m[K
      |                      [32m[K%ld[m[K
[01m[K/home/xplore/Desktop/AV_ws/BRoCo/src/RocoRos/src/MessageBus.cpp:64:24:[m[K [01;35m[Kwarning: [m[Kformat ‘[01m[K%d[m[K’ expects argument of type ‘[01m[Kint[m[K’, but argument 2 has type ‘[01m[Ksize_t[m[K’ {aka ‘[01m[Klong unsigned int[m[K’} [[01;35m[K-Wformat=[m[K]
   64 |    printf("hash2 is : [01;35m[K%d[m[K", [32m[Khash[m[K);
      |                       [01;35m[K~^[m[K   [32m[K~~~~[m[K
      |                        [01;35m[K|[m[K   [32m[K|[m[K
      |                        [01;35m[Kint[m[K [32m[Ksize_t {aka long unsigned int}[m[K
      |                       [32m[K%ld[m[K
[01m[K/home/xplore/Desktop/AV_ws/BRoCo/src/RocoRos/src/MessageBus.cpp:71:25:[m[K [01;35m[Kwarning: [m[Kformat ‘[01m[K%d[m[K’ expects argument of type ‘[01m[Kint[m[K’, but argument 2 has type ‘[01m[Ksize_t[m[K’ {aka ‘[01m[Klong unsigned int[m[K’} [[01;35m[K-Wformat=[m[K]
   71 |     printf("hash3 is : [01;35m[K%d[m[K", [32m[Khash[m[K);
      |                        [01;35m[K~^[m[K   [32m[K~~~~[m[K
      |                         [01;35m[K|[m[K   [32m[K|[m[K
      |                         [01;35m[Kint[m[K [32m[Ksize_t {aka long unsigned int}[m[K
      |                        [32m[K%ld[m[K
/home/xplore/Desktop/AV_ws/BRoCo/src/RocoRos/src/MessageBus.cpp: In instantiation of ‘[01m[Kbool MessageBus::define(uint8_t) [with T = ResponsePacket; uint8_t = unsigned char][m[K’:
[01m[K/home/xplore/Desktop/AV_ws/BRoCo/src/RocoRos/src/../include/RocoRos/Protocol/ProtocolRegisters.h:92:1:[m[K   required from here
[01m[K/home/xplore/Desktop/AV_ws/BRoCo/src/RocoRos/src/MessageBus.cpp:58:23:[m[K [01;35m[Kwarning: [m[Kformat ‘[01m[K%d[m[K’ expects argument of type ‘[01m[Kint[m[K’, but argument 2 has type ‘[01m[Ksize_t[m[K’ {aka ‘[01m[Klong unsigned int[m[K’} [[01;35m[K-Wformat=[m[K]
   58 |    printf("hash is : [01;35m[K%d[m[K", [32m[Khash[m[K);
      |                      [01;35m[K~^[m[K   [32m[K~~~~[m[K
      |                       [01;35m[K|[m[K   [32m[K|[m[K
      |                       [01;35m[Kint[m[K [32m[Ksize_t {aka long unsigned int}[m[K
      |                      [32m[K%ld[m[K
[01m[K/home/xplore/Desktop/AV_ws/BRoCo/src/RocoRos/src/MessageBus.cpp:64:24:[m[K [01;35m[Kwarning: [m[Kformat ‘[01m[K%d[m[K’ expects argument of type ‘[01m[Kint[m[K’, but argument 2 has type ‘[01m[Ksize_t[m[K’ {aka ‘[01m[Klong unsigned int[m[K’} [[01;35m[K-Wformat=[m[K]
   64 |    printf("hash2 is : [01;35m[K%d[m[K", [32m[Khash[m[K);
      |                       [01;35m[K~^[m[K   [32m[K~~~~[m[K
      |                        [01;35m[K|[m[K   [32m[K|[m[K
      |                        [01;35m[Kint[m[K [32m[Ksize_t {aka long unsigned int}[m[K
      |                       [32m[K%ld[m[K
[01m[K/home/xplore/Desktop/AV_ws/BRoCo/src/RocoRos/src/MessageBus.cpp:71:25:[m[K [01;35m[Kwarning: [m[Kformat ‘[01m[K%d[m[K’ expects argument of type ‘[01m[Kint[m[K’, but argument 2 has type ‘[01m[Ksize_t[m[K’ {aka ‘[01m[Klong unsigned int[m[K’} [[01;35m[K-Wformat=[m[K]
   71 |     printf("hash3 is : [01;35m[K%d[m[K", [32m[Khash[m[K);
      |                        [01;35m[K~^[m[K   [32m[K~~~~[m[K
      |                         [01;35m[K|[m[K   [32m[K|[m[K
      |                         [01;35m[Kint[m[K [32m[Ksize_t {aka long unsigned int}[m[K
      |                        [32m[K%ld[m[K
/home/xplore/Desktop/AV_ws/BRoCo/src/RocoRos/src/MessageBus.cpp: In instantiation of ‘[01m[Kbool MessageBus::define(uint8_t) [with T = ProgressPacket; uint8_t = unsigned char][m[K’:
[01m[K/home/xplore/Desktop/AV_ws/BRoCo/src/RocoRos/src/../include/RocoRos/Protocol/ProtocolRegisters.h:93:1:[m[K   required from here
[01m[K/home/xplore/Desktop/AV_ws/BRoCo/src/RocoRos/src/MessageBus.cpp:58:23:[m[K [01;35m[Kwarning: [m[Kformat ‘[01m[K%d[m[K’ expects argument of type ‘[01m[Kint[m[K’, but argument 2 has type ‘[01m[Ksize_t[m[K’ {aka ‘[01m[Klong unsigned int[m[K’} [[01;35m[K-Wformat=[m[K]
   58 |    printf("hash is : [01;35m[K%d[m[K", [32m[Khash[m[K);
      |                      [01;35m[K~^[m[K   [32m[K~~~~[m[K
      |                       [01;35m[K|[m[K   [32m[K|[m[K
      |                       [01;35m[Kint[m[K [32m[Ksize_t {aka long unsigned int}[m[K
      |                      [32m[K%ld[m[K
[01m[K/home/xplore/Desktop/AV_ws/BRoCo/src/RocoRos/src/MessageBus.cpp:64:24:[m[K [01;35m[Kwarning: [m[Kformat ‘[01m[K%d[m[K’ expects argument of type ‘[01m[Kint[m[K’, but argument 2 has type ‘[01m[Ksize_t[m[K’ {aka ‘[01m[Klong unsigned int[m[K’} [[01;35m[K-Wformat=[m[K]
   64 |    printf("hash2 is : [01;35m[K%d[m[K", [32m[Khash[m[K);
      |                       [01;35m[K~^[m[K   [32m[K~~~~[m[K
      |                        [01;35m[K|[m[K   [32m[K|[m[K
      |                        [01;35m[Kint[m[K [32m[Ksize_t {aka long unsigned int}[m[K
      |                       [32m[K%ld[m[K
[01m[K/home/xplore/Desktop/AV_ws/BRoCo/src/RocoRos/src/MessageBus.cpp:71:25:[m[K [01;35m[Kwarning: [m[Kformat ‘[01m[K%d[m[K’ expects argument of type ‘[01m[Kint[m[K’, but argument 2 has type ‘[01m[Ksize_t[m[K’ {aka ‘[01m[Klong unsigned int[m[K’} [[01;35m[K-Wformat=[m[K]
   71 |     printf("hash3 is : [01;35m[K%d[m[K", [32m[Khash[m[K);
      |                        [01;35m[K~^[m[K   [32m[K~~~~[m[K
      |                         [01;35m[K|[m[K   [32m[K|[m[K
      |                         [01;35m[Kint[m[K [32m[Ksize_t {aka long unsigned int}[m[K
      |                        [32m[K%ld[m[K
/home/xplore/Desktop/AV_ws/BRoCo/src/RocoRos/src/MessageBus.cpp: In instantiation of ‘[01m[Kbool MessageBus::define(uint8_t) [with T = DummySystem_DummyPacket; uint8_t = unsigned char][m[K’:
[01m[K/home/xplore/Desktop/AV_ws/BRoCo/src/RocoRos/src/../include/RocoRos/Protocol/ProtocolRegisters.h:94:1:[m[K   required from here
[01m[K/home/xplore/Desktop/AV_ws/BRoCo/src/RocoRos/src/MessageBus.cpp:58:23:[m[K [01;35m[Kwarning: [m[Kformat ‘[01m[K%d[m[K’ expects argument of type ‘[01m[Kint[m[K’, but argument 2 has type ‘[01m[Ksize_t[m[K’ {aka ‘[01m[Klong unsigned int[m[K’} [[01;35m[K-Wformat=[m[K]
   58 |    printf("hash is : [01;35m[K%d[m[K", [32m[Khash[m[K);
      |                      [01;35m[K~^[m[K   [32m[K~~~~[m[K
      |                       [01;35m[K|[m[K   [32m[K|[m[K
      |                       [01;35m[Kint[m[K [32m[Ksize_t {aka long unsigned int}[m[K
      |                      [32m[K%ld[m[K
[01m[K/home/xplore/Desktop/AV_ws/BRoCo/src/RocoRos/src/MessageBus.cpp:64:24:[m[K [01;35m[Kwarning: [m[Kformat ‘[01m[K%d[m[K’ expects argument of type ‘[01m[Kint[m[K’, but argument 2 has type ‘[01m[Ksize_t[m[K’ {aka ‘[01m[Klong unsigned int[m[K’} [[01;35m[K-Wformat=[m[K]
   64 |    printf("hash2 is : [01;35m[K%d[m[K", [32m[Khash[m[K);
      |                       [01;35m[K~^[m[K   [32m[K~~~~[m[K
      |                        [01;35m[K|[m[K   [32m[K|[m[K
      |                        [01;35m[Kint[m[K [32m[Ksize_t {aka long unsigned int}[m[K
      |                       [32m[K%ld[m[K
[01m[K/home/xplore/Desktop/AV_ws/BRoCo/src/RocoRos/src/MessageBus.cpp:71:25:[m[K [01;35m[Kwarning: [m[Kformat ‘[01m[K%d[m[K’ expects argument of type ‘[01m[Kint[m[K’, but argument 2 has type ‘[01m[Ksize_t[m[K’ {aka ‘[01m[Klong unsigned int[m[K’} [[01;35m[K-Wformat=[m[K]
   71 |     printf("hash3 is : [01;35m[K%d[m[K", [32m[Khash[m[K);
      |                        [01;35m[K~^[m[K   [32m[K~~~~[m[K
      |                         [01;35m[K|[m[K   [32m[K|[m[K
      |                         [01;35m[Kint[m[K [32m[Ksize_t {aka long unsigned int}[m[K
      |                        [32m[K%ld[m[K
In file included from [01m[K/home/xplore/Desktop/AV_ws/BRoCo/src/RocoRos/src/../include/RocoRos/Protocol/Protocol23.h:13[m[K,
                 from [01m[K/home/xplore/Desktop/AV_ws/BRoCo/src/RocoRos/src/../include/RocoRos/Protocol/Protocol.h:31[m[K,
                 from [01m[K/home/xplore/Desktop/AV_ws/BRoCo/src/RocoRos/src/../include/RocoRos/Protocol/ProtocolRegisters.h:13[m[K,
                 from [01m[K/home/xplore/Desktop/AV_ws/BRoCo/src/RocoRos/src/MessageBus.cpp:25[m[K:
[01m[K/home/xplore/Desktop/AV_ws/BRoCo/src/RocoRos/src/../include/RocoRos/Protocol/ProtocolMacros.h:[m[K At global scope:
[01m[K/home/xplore/Desktop/AV_ws/BRoCo/src/RocoRos/src/../include/RocoRos/Protocol/ProtocolMacros.h:10:17:[m[K [01;35m[Kwarning: [m[K‘[01m[Kuint16_t __gen_crc16(const uint8_t*, uint16_t)[m[K’ defined but not used [[01;35m[K-Wunused-function[m[K]
   10 | static uint16_t [01;35m[K__gen_crc16[m[K(const uint8_t *data, uint16_t size) {
      |                 [01;35m[K^~~~~~~~~~~[m[K
[ 28%] [32m[1mLinking CXX executable cringe[0m
[100%] Built target cringe
-- Install configuration: ""
-- Installing: /home/xplore/Desktop/AV_ws/BRoCo/install/RocoRos/lib/RocoRos/cringe
-- Set runtime path of "/home/xplore/Desktop/AV_ws/BRoCo/install/RocoRos/lib/RocoRos/cringe" to ""
-- Up-to-date: /home/xplore/Desktop/AV_ws/BRoCo/install/RocoRos/share/ament_index/resource_index/package_run_dependencies/RocoRos
-- Up-to-date: /home/xplore/Desktop/AV_ws/BRoCo/install/RocoRos/share/ament_index/resource_index/parent_prefix_path/RocoRos
-- Up-to-date: /home/xplore/Desktop/AV_ws/BRoCo/install/RocoRos/share/RocoRos/environment/ament_prefix_path.sh
-- Up-to-date: /home/xplore/Desktop/AV_ws/BRoCo/install/RocoRos/share/RocoRos/environment/ament_prefix_path.dsv
-- Up-to-date: /home/xplore/Desktop/AV_ws/BRoCo/install/RocoRos/share/RocoRos/environment/path.sh
-- Up-to-date: /home/xplore/Desktop/AV_ws/BRoCo/install/RocoRos/share/RocoRos/environment/path.dsv
-- Up-to-date: /home/xplore/Desktop/AV_ws/BRoCo/install/RocoRos/share/RocoRos/local_setup.bash
-- Up-to-date: /home/xplore/Desktop/AV_ws/BRoCo/install/RocoRos/share/RocoRos/local_setup.sh
-- Up-to-date: /home/xplore/Desktop/AV_ws/BRoCo/install/RocoRos/share/RocoRos/local_setup.zsh
-- Up-to-date: /home/xplore/Desktop/AV_ws/BRoCo/install/RocoRos/share/RocoRos/local_setup.dsv
-- Installing: /home/xplore/Desktop/AV_ws/BRoCo/install/RocoRos/share/RocoRos/package.dsv
-- Up-to-date: /home/xplore/Desktop/AV_ws/BRoCo/install/RocoRos/share/ament_index/resource_index/packages/RocoRos
-- Up-to-date: /home/xplore/Desktop/AV_ws/BRoCo/install/RocoRos/share/RocoRos/cmake/RocoRosConfig.cmake
-- Up-to-date: /home/xplore/Desktop/AV_ws/BRoCo/install/RocoRos/share/RocoRos/cmake/RocoRosConfig-version.cmake
-- Up-to-date: /home/xplore/Desktop/AV_ws/BRoCo/install/RocoRos/share/RocoRos/package.xml
