[0.095s] Invoking command in '/home/xplore/Desktop/AV_ws/BRoCo/build/RocoRos': CMAKE_PREFIX_PATH=${CMAKE_PREFIX_PATH}:/opt/ros/foxy /usr/bin/cmake --build /home/xplore/Desktop/AV_ws/BRoCo/build/RocoRos -- -j8 -l8
[0.267s] [35m[1mScanning dependencies of target cringe[0m
[0.345s] [ 14%] [32mBuilding CXX object CMakeFiles/cringe.dir/src/MessageBus.cpp.o[0m
[0.956s] [01m[K/home/xplore/Desktop/AV_ws/BRoCo/src/RocoRos/src/MessageBus.cpp:[m[K In member function ‘[01m[Kvoid MessageBus::receive(uint8_t, uint8_t*, uint32_t)[m[K’:
[0.957s] [01m[K/home/xplore/Desktop/AV_ws/BRoCo/src/RocoRos/src/MessageBus.cpp:249:21:[m[K [01;35m[Kwarning: [m[Kformat ‘[01m[K%d[m[K’ expects argument of type ‘[01m[Kint[m[K’, but argument 2 has type ‘[01m[Ksize_t[m[K’ {aka ‘[01m[Klong unsigned int[m[K’} [[01;35m[K-Wformat=[m[K]
[0.957s]   249 |    printf("Buffer: [01;35m[K%d[m[K\r\n", [32m[Kindexable_buffer->index[m[K);
[0.957s]       |                    [01;35m[K~^[m[K       [32m[K~~~~~~~~~~~~~~~~~~~~~~~[m[K
[0.958s]       |                     [01;35m[K|[m[K                         [32m[K|[m[K
[0.958s]       |                     [01;35m[Kint[m[K                       [32m[Ksize_t {aka long unsigned int}[m[K
[0.958s]       |                    [32m[K%ld[m[K
[0.959s] [01m[K/home/xplore/Desktop/AV_ws/BRoCo/src/RocoRos/src/MessageBus.cpp:259:17:[m[K [01;35m[Kwarning: [m[Kformat ‘[01m[K%d[m[K’ expects argument of type ‘[01m[Kint[m[K’, but argument 2 has type ‘[01m[Ksize_t[m[K’ {aka ‘[01m[Klong unsigned int[m[K’} [[01;35m[K-Wformat=[m[K]
[0.959s]   259 |    printf("Got [01;35m[K%d[m[K out of %d\r\n", [32m[Kcopy_length[m[K, remaining_size);
[0.959s]       |                [01;35m[K~^[m[K                 [32m[K~~~~~~~~~~~[m[K
[0.960s]       |                 [01;35m[K|[m[K                 [32m[K|[m[K
[0.960s]       |                 [01;35m[Kint[m[K               [32m[Ksize_t {aka long unsigned int}[m[K
[0.960s]       |                [32m[K%ld[m[K
[0.961s] [01m[K/home/xplore/Desktop/AV_ws/BRoCo/src/RocoRos/src/MessageBus.cpp:259:27:[m[K [01;35m[Kwarning: [m[Kformat ‘[01m[K%d[m[K’ expects argument of type ‘[01m[Kint[m[K’, but argument 3 has type ‘[01m[Ksize_t[m[K’ {aka ‘[01m[Klong unsigned int[m[K’} [[01;35m[K-Wformat=[m[K]
[0.961s]   259 |    printf("Got %d out of [01;35m[K%d[m[K\r\n", copy_length, [32m[Kremaining_size[m[K);
[0.961s]       |                          [01;35m[K~^[m[K                    [32m[K~~~~~~~~~~~~~~[m[K
[0.961s]       |                           [01;35m[K|[m[K                    [32m[K|[m[K
[0.962s]       |                           [01;35m[Kint[m[K                  [32m[Ksize_t {aka long unsigned int}[m[K
[0.962s]       |                          [32m[K%ld[m[K
[1.002s] /home/xplore/Desktop/AV_ws/BRoCo/src/RocoRos/src/MessageBus.cpp: In instantiation of ‘[01m[Kbool MessageBus::define(uint8_t) [with T = DataPacket; uint8_t = unsigned char][m[K’:
[1.002s] [01m[K/home/xplore/Desktop/AV_ws/BRoCo/src/RocoRos/src/../include/RocoRos/Protocol/ProtocolRegisters.h:88:1:[m[K   required from here
[1.003s] [01m[K/home/xplore/Desktop/AV_ws/BRoCo/src/RocoRos/src/MessageBus.cpp:58:23:[m[K [01;35m[Kwarning: [m[Kformat ‘[01m[K%d[m[K’ expects argument of type ‘[01m[Kint[m[K’, but argument 2 has type ‘[01m[Ksize_t[m[K’ {aka ‘[01m[Klong unsigned int[m[K’} [[01;35m[K-Wformat=[m[K]
[1.003s]    58 |    printf("hash is : [01;35m[K%d[m[K", [32m[Khash[m[K);
[1.003s]       |                      [01;35m[K~^[m[K   [32m[K~~~~[m[K
[1.004s]       |                       [01;35m[K|[m[K   [32m[K|[m[K
[1.004s]       |                       [01;35m[Kint[m[K [32m[Ksize_t {aka long unsigned int}[m[K
[1.005s]       |                      [32m[K%ld[m[K
[1.006s] [01m[K/home/xplore/Desktop/AV_ws/BRoCo/src/RocoRos/src/MessageBus.cpp:64:24:[m[K [01;35m[Kwarning: [m[Kformat ‘[01m[K%d[m[K’ expects argument of type ‘[01m[Kint[m[K’, but argument 2 has type ‘[01m[Ksize_t[m[K’ {aka ‘[01m[Klong unsigned int[m[K’} [[01;35m[K-Wformat=[m[K]
[1.006s]    64 |    printf("hash2 is : [01;35m[K%d[m[K", [32m[Khash[m[K);
[1.007s]       |                       [01;35m[K~^[m[K   [32m[K~~~~[m[K
[1.007s]       |                        [01;35m[K|[m[K   [32m[K|[m[K
[1.007s]       |                        [01;35m[Kint[m[K [32m[Ksize_t {aka long unsigned int}[m[K
[1.008s]       |                       [32m[K%ld[m[K
[1.008s] [01m[K/home/xplore/Desktop/AV_ws/BRoCo/src/RocoRos/src/MessageBus.cpp:71:25:[m[K [01;35m[Kwarning: [m[Kformat ‘[01m[K%d[m[K’ expects argument of type ‘[01m[Kint[m[K’, but argument 2 has type ‘[01m[Ksize_t[m[K’ {aka ‘[01m[Klong unsigned int[m[K’} [[01;35m[K-Wformat=[m[K]
[1.008s]    71 |     printf("hash3 is : [01;35m[K%d[m[K", [32m[Khash[m[K);
[1.008s]       |                        [01;35m[K~^[m[K   [32m[K~~~~[m[K
[1.009s]       |                         [01;35m[K|[m[K   [32m[K|[m[K
[1.009s]       |                         [01;35m[Kint[m[K [32m[Ksize_t {aka long unsigned int}[m[K
[1.009s]       |                        [32m[K%ld[m[K
[1.011s] /home/xplore/Desktop/AV_ws/BRoCo/src/RocoRos/src/MessageBus.cpp: In instantiation of ‘[01m[Kbool MessageBus::define(uint8_t) [with T = PingPacket; uint8_t = unsigned char][m[K’:
[1.011s] [01m[K/home/xplore/Desktop/AV_ws/BRoCo/src/RocoRos/src/../include/RocoRos/Protocol/ProtocolRegisters.h:89:1:[m[K   required from here
[1.012s] [01m[K/home/xplore/Desktop/AV_ws/BRoCo/src/RocoRos/src/MessageBus.cpp:58:23:[m[K [01;35m[Kwarning: [m[Kformat ‘[01m[K%d[m[K’ expects argument of type ‘[01m[Kint[m[K’, but argument 2 has type ‘[01m[Ksize_t[m[K’ {aka ‘[01m[Klong unsigned int[m[K’} [[01;35m[K-Wformat=[m[K]
[1.012s]    58 |    printf("hash is : [01;35m[K%d[m[K", [32m[Khash[m[K);
[1.012s]       |                      [01;35m[K~^[m[K   [32m[K~~~~[m[K
[1.013s]       |                       [01;35m[K|[m[K   [32m[K|[m[K
[1.013s]       |                       [01;35m[Kint[m[K [32m[Ksize_t {aka long unsigned int}[m[K
[1.013s]       |                      [32m[K%ld[m[K
[1.013s] [01m[K/home/xplore/Desktop/AV_ws/BRoCo/src/RocoRos/src/MessageBus.cpp:64:24:[m[K [01;35m[Kwarning: [m[Kformat ‘[01m[K%d[m[K’ expects argument of type ‘[01m[Kint[m[K’, but argument 2 has type ‘[01m[Ksize_t[m[K’ {aka ‘[01m[Klong unsigned int[m[K’} [[01;35m[K-Wformat=[m[K]
[1.014s]    64 |    printf("hash2 is : [01;35m[K%d[m[K", [32m[Khash[m[K);
[1.014s]       |                       [01;35m[K~^[m[K   [32m[K~~~~[m[K
[1.014s]       |                        [01;35m[K|[m[K   [32m[K|[m[K
[1.015s]       |                        [01;35m[Kint[m[K [32m[Ksize_t {aka long unsigned int}[m[K
[1.015s]       |                       [32m[K%ld[m[K
[1.015s] [01m[K/home/xplore/Desktop/AV_ws/BRoCo/src/RocoRos/src/MessageBus.cpp:71:25:[m[K [01;35m[Kwarning: [m[Kformat ‘[01m[K%d[m[K’ expects argument of type ‘[01m[Kint[m[K’, but argument 2 has type ‘[01m[Ksize_t[m[K’ {aka ‘[01m[Klong unsigned int[m[K’} [[01;35m[K-Wformat=[m[K]
[1.015s]    71 |     printf("hash3 is : [01;35m[K%d[m[K", [32m[Khash[m[K);
[1.016s]       |                        [01;35m[K~^[m[K   [32m[K~~~~[m[K
[1.016s]       |                         [01;35m[K|[m[K   [32m[K|[m[K
[1.016s]       |                         [01;35m[Kint[m[K [32m[Ksize_t {aka long unsigned int}[m[K
[1.016s]       |                        [32m[K%ld[m[K
[1.020s] /home/xplore/Desktop/AV_ws/BRoCo/src/RocoRos/src/MessageBus.cpp: In instantiation of ‘[01m[Kbool MessageBus::define(uint8_t) [with T = ErrorPacket; uint8_t = unsigned char][m[K’:
[1.020s] [01m[K/home/xplore/Desktop/AV_ws/BRoCo/src/RocoRos/src/../include/RocoRos/Protocol/ProtocolRegisters.h:90:1:[m[K   required from here
[1.021s] [01m[K/home/xplore/Desktop/AV_ws/BRoCo/src/RocoRos/src/MessageBus.cpp:58:23:[m[K [01;35m[Kwarning: [m[Kformat ‘[01m[K%d[m[K’ expects argument of type ‘[01m[Kint[m[K’, but argument 2 has type ‘[01m[Ksize_t[m[K’ {aka ‘[01m[Klong unsigned int[m[K’} [[01;35m[K-Wformat=[m[K]
[1.021s]    58 |    printf("hash is : [01;35m[K%d[m[K", [32m[Khash[m[K);
[1.021s]       |                      [01;35m[K~^[m[K   [32m[K~~~~[m[K
[1.021s]       |                       [01;35m[K|[m[K   [32m[K|[m[K
[1.022s]       |                       [01;35m[Kint[m[K [32m[Ksize_t {aka long unsigned int}[m[K
[1.022s]       |                      [32m[K%ld[m[K
[1.022s] [01m[K/home/xplore/Desktop/AV_ws/BRoCo/src/RocoRos/src/MessageBus.cpp:64:24:[m[K [01;35m[Kwarning: [m[Kformat ‘[01m[K%d[m[K’ expects argument of type ‘[01m[Kint[m[K’, but argument 2 has type ‘[01m[Ksize_t[m[K’ {aka ‘[01m[Klong unsigned int[m[K’} [[01;35m[K-Wformat=[m[K]
[1.023s]    64 |    printf("hash2 is : [01;35m[K%d[m[K", [32m[Khash[m[K);
[1.023s]       |                       [01;35m[K~^[m[K   [32m[K~~~~[m[K
[1.023s]       |                        [01;35m[K|[m[K   [32m[K|[m[K
[1.023s]       |                        [01;35m[Kint[m[K [32m[Ksize_t {aka long unsigned int}[m[K
[1.024s]       |                       [32m[K%ld[m[K
[1.024s] [01m[K/home/xplore/Desktop/AV_ws/BRoCo/src/RocoRos/src/MessageBus.cpp:71:25:[m[K [01;35m[Kwarning: [m[Kformat ‘[01m[K%d[m[K’ expects argument of type ‘[01m[Kint[m[K’, but argument 2 has type ‘[01m[Ksize_t[m[K’ {aka ‘[01m[Klong unsigned int[m[K’} [[01;35m[K-Wformat=[m[K]
[1.024s]    71 |     printf("hash3 is : [01;35m[K%d[m[K", [32m[Khash[m[K);
[1.024s]       |                        [01;35m[K~^[m[K   [32m[K~~~~[m[K
[1.025s]       |                         [01;35m[K|[m[K   [32m[K|[m[K
[1.025s]       |                         [01;35m[Kint[m[K [32m[Ksize_t {aka long unsigned int}[m[K
[1.026s]       |                        [32m[K%ld[m[K
[1.031s] /home/xplore/Desktop/AV_ws/BRoCo/src/RocoRos/src/MessageBus.cpp: In instantiation of ‘[01m[Kbool MessageBus::define(uint8_t) [with T = RequestPacket; uint8_t = unsigned char][m[K’:
[1.031s] [01m[K/home/xplore/Desktop/AV_ws/BRoCo/src/RocoRos/src/../include/RocoRos/Protocol/ProtocolRegisters.h:91:1:[m[K   required from here
[1.032s] [01m[K/home/xplore/Desktop/AV_ws/BRoCo/src/RocoRos/src/MessageBus.cpp:58:23:[m[K [01;35m[Kwarning: [m[Kformat ‘[01m[K%d[m[K’ expects argument of type ‘[01m[Kint[m[K’, but argument 2 has type ‘[01m[Ksize_t[m[K’ {aka ‘[01m[Klong unsigned int[m[K’} [[01;35m[K-Wformat=[m[K]
[1.032s]    58 |    printf("hash is : [01;35m[K%d[m[K", [32m[Khash[m[K);
[1.032s]       |                      [01;35m[K~^[m[K   [32m[K~~~~[m[K
[1.033s]       |                       [01;35m[K|[m[K   [32m[K|[m[K
[1.033s]       |                       [01;35m[Kint[m[K [32m[Ksize_t {aka long unsigned int}[m[K
[1.033s]       |                      [32m[K%ld[m[K
[1.034s] [01m[K/home/xplore/Desktop/AV_ws/BRoCo/src/RocoRos/src/MessageBus.cpp:64:24:[m[K [01;35m[Kwarning: [m[Kformat ‘[01m[K%d[m[K’ expects argument of type ‘[01m[Kint[m[K’, but argument 2 has type ‘[01m[Ksize_t[m[K’ {aka ‘[01m[Klong unsigned int[m[K’} [[01;35m[K-Wformat=[m[K]
[1.034s]    64 |    printf("hash2 is : [01;35m[K%d[m[K", [32m[Khash[m[K);
[1.034s]       |                       [01;35m[K~^[m[K   [32m[K~~~~[m[K
[1.034s]       |                        [01;35m[K|[m[K   [32m[K|[m[K
[1.035s]       |                        [01;35m[Kint[m[K [32m[Ksize_t {aka long unsigned int}[m[K
[1.035s]       |                       [32m[K%ld[m[K
[1.035s] [01m[K/home/xplore/Desktop/AV_ws/BRoCo/src/RocoRos/src/MessageBus.cpp:71:25:[m[K [01;35m[Kwarning: [m[Kformat ‘[01m[K%d[m[K’ expects argument of type ‘[01m[Kint[m[K’, but argument 2 has type ‘[01m[Ksize_t[m[K’ {aka ‘[01m[Klong unsigned int[m[K’} [[01;35m[K-Wformat=[m[K]
[1.036s]    71 |     printf("hash3 is : [01;35m[K%d[m[K", [32m[Khash[m[K);
[1.036s]       |                        [01;35m[K~^[m[K   [32m[K~~~~[m[K
[1.036s]       |                         [01;35m[K|[m[K   [32m[K|[m[K
[1.036s]       |                         [01;35m[Kint[m[K [32m[Ksize_t {aka long unsigned int}[m[K
[1.037s]       |                        [32m[K%ld[m[K
[1.042s] /home/xplore/Desktop/AV_ws/BRoCo/src/RocoRos/src/MessageBus.cpp: In instantiation of ‘[01m[Kbool MessageBus::define(uint8_t) [with T = ResponsePacket; uint8_t = unsigned char][m[K’:
[1.043s] [01m[K/home/xplore/Desktop/AV_ws/BRoCo/src/RocoRos/src/../include/RocoRos/Protocol/ProtocolRegisters.h:92:1:[m[K   required from here
[1.045s] [01m[K/home/xplore/Desktop/AV_ws/BRoCo/src/RocoRos/src/MessageBus.cpp:58:23:[m[K [01;35m[Kwarning: [m[Kformat ‘[01m[K%d[m[K’ expects argument of type ‘[01m[Kint[m[K’, but argument 2 has type ‘[01m[Ksize_t[m[K’ {aka ‘[01m[Klong unsigned int[m[K’} [[01;35m[K-Wformat=[m[K]
[1.045s]    58 |    printf("hash is : [01;35m[K%d[m[K", [32m[Khash[m[K);
[1.046s]       |                      [01;35m[K~^[m[K   [32m[K~~~~[m[K
[1.046s]       |                       [01;35m[K|[m[K   [32m[K|[m[K
[1.046s]       |                       [01;35m[Kint[m[K [32m[Ksize_t {aka long unsigned int}[m[K
[1.046s]       |                      [32m[K%ld[m[K
[1.047s] [01m[K/home/xplore/Desktop/AV_ws/BRoCo/src/RocoRos/src/MessageBus.cpp:64:24:[m[K [01;35m[Kwarning: [m[Kformat ‘[01m[K%d[m[K’ expects argument of type ‘[01m[Kint[m[K’, but argument 2 has type ‘[01m[Ksize_t[m[K’ {aka ‘[01m[Klong unsigned int[m[K’} [[01;35m[K-Wformat=[m[K]
[1.047s]    64 |    printf("hash2 is : [01;35m[K%d[m[K", [32m[Khash[m[K);
[1.047s]       |                       [01;35m[K~^[m[K   [32m[K~~~~[m[K
[1.048s]       |                        [01;35m[K|[m[K   [32m[K|[m[K
[1.048s]       |                        [01;35m[Kint[m[K [32m[Ksize_t {aka long unsigned int}[m[K
[1.048s]       |                       [32m[K%ld[m[K
[1.048s] [01m[K/home/xplore/Desktop/AV_ws/BRoCo/src/RocoRos/src/MessageBus.cpp:71:25:[m[K [01;35m[Kwarning: [m[Kformat ‘[01m[K%d[m[K’ expects argument of type ‘[01m[Kint[m[K’, but argument 2 has type ‘[01m[Ksize_t[m[K’ {aka ‘[01m[Klong unsigned int[m[K’} [[01;35m[K-Wformat=[m[K]
[1.049s]    71 |     printf("hash3 is : [01;35m[K%d[m[K", [32m[Khash[m[K);
[1.049s]       |                        [01;35m[K~^[m[K   [32m[K~~~~[m[K
[1.049s]       |                         [01;35m[K|[m[K   [32m[K|[m[K
[1.049s]       |                         [01;35m[Kint[m[K [32m[Ksize_t {aka long unsigned int}[m[K
[1.050s]       |                        [32m[K%ld[m[K
[1.053s] /home/xplore/Desktop/AV_ws/BRoCo/src/RocoRos/src/MessageBus.cpp: In instantiation of ‘[01m[Kbool MessageBus::define(uint8_t) [with T = ProgressPacket; uint8_t = unsigned char][m[K’:
[1.053s] [01m[K/home/xplore/Desktop/AV_ws/BRoCo/src/RocoRos/src/../include/RocoRos/Protocol/ProtocolRegisters.h:93:1:[m[K   required from here
[1.054s] [01m[K/home/xplore/Desktop/AV_ws/BRoCo/src/RocoRos/src/MessageBus.cpp:58:23:[m[K [01;35m[Kwarning: [m[Kformat ‘[01m[K%d[m[K’ expects argument of type ‘[01m[Kint[m[K’, but argument 2 has type ‘[01m[Ksize_t[m[K’ {aka ‘[01m[Klong unsigned int[m[K’} [[01;35m[K-Wformat=[m[K]
[1.054s]    58 |    printf("hash is : [01;35m[K%d[m[K", [32m[Khash[m[K);
[1.054s]       |                      [01;35m[K~^[m[K   [32m[K~~~~[m[K
[1.055s]       |                       [01;35m[K|[m[K   [32m[K|[m[K
[1.055s]       |                       [01;35m[Kint[m[K [32m[Ksize_t {aka long unsigned int}[m[K
[1.055s]       |                      [32m[K%ld[m[K
[1.056s] [01m[K/home/xplore/Desktop/AV_ws/BRoCo/src/RocoRos/src/MessageBus.cpp:64:24:[m[K [01;35m[Kwarning: [m[Kformat ‘[01m[K%d[m[K’ expects argument of type ‘[01m[Kint[m[K’, but argument 2 has type ‘[01m[Ksize_t[m[K’ {aka ‘[01m[Klong unsigned int[m[K’} [[01;35m[K-Wformat=[m[K]
[1.056s]    64 |    printf("hash2 is : [01;35m[K%d[m[K", [32m[Khash[m[K);
[1.056s]       |                       [01;35m[K~^[m[K   [32m[K~~~~[m[K
[1.056s]       |                        [01;35m[K|[m[K   [32m[K|[m[K
[1.057s]       |                        [01;35m[Kint[m[K [32m[Ksize_t {aka long unsigned int}[m[K
[1.057s]       |                       [32m[K%ld[m[K
[1.057s] [01m[K/home/xplore/Desktop/AV_ws/BRoCo/src/RocoRos/src/MessageBus.cpp:71:25:[m[K [01;35m[Kwarning: [m[Kformat ‘[01m[K%d[m[K’ expects argument of type ‘[01m[Kint[m[K’, but argument 2 has type ‘[01m[Ksize_t[m[K’ {aka ‘[01m[Klong unsigned int[m[K’} [[01;35m[K-Wformat=[m[K]
[1.057s]    71 |     printf("hash3 is : [01;35m[K%d[m[K", [32m[Khash[m[K);
[1.058s]       |                        [01;35m[K~^[m[K   [32m[K~~~~[m[K
[1.058s]       |                         [01;35m[K|[m[K   [32m[K|[m[K
[1.058s]       |                         [01;35m[Kint[m[K [32m[Ksize_t {aka long unsigned int}[m[K
[1.059s]       |                        [32m[K%ld[m[K
[1.063s] /home/xplore/Desktop/AV_ws/BRoCo/src/RocoRos/src/MessageBus.cpp: In instantiation of ‘[01m[Kbool MessageBus::define(uint8_t) [with T = DummySystem_DummyPacket; uint8_t = unsigned char][m[K’:
[1.063s] [01m[K/home/xplore/Desktop/AV_ws/BRoCo/src/RocoRos/src/../include/RocoRos/Protocol/ProtocolRegisters.h:94:1:[m[K   required from here
[1.063s] [01m[K/home/xplore/Desktop/AV_ws/BRoCo/src/RocoRos/src/MessageBus.cpp:58:23:[m[K [01;35m[Kwarning: [m[Kformat ‘[01m[K%d[m[K’ expects argument of type ‘[01m[Kint[m[K’, but argument 2 has type ‘[01m[Ksize_t[m[K’ {aka ‘[01m[Klong unsigned int[m[K’} [[01;35m[K-Wformat=[m[K]
[1.064s]    58 |    printf("hash is : [01;35m[K%d[m[K", [32m[Khash[m[K);
[1.064s]       |                      [01;35m[K~^[m[K   [32m[K~~~~[m[K
[1.064s]       |                       [01;35m[K|[m[K   [32m[K|[m[K
[1.064s]       |                       [01;35m[Kint[m[K [32m[Ksize_t {aka long unsigned int}[m[K
[1.065s]       |                      [32m[K%ld[m[K
[1.065s] [01m[K/home/xplore/Desktop/AV_ws/BRoCo/src/RocoRos/src/MessageBus.cpp:64:24:[m[K [01;35m[Kwarning: [m[Kformat ‘[01m[K%d[m[K’ expects argument of type ‘[01m[Kint[m[K’, but argument 2 has type ‘[01m[Ksize_t[m[K’ {aka ‘[01m[Klong unsigned int[m[K’} [[01;35m[K-Wformat=[m[K]
[1.065s]    64 |    printf("hash2 is : [01;35m[K%d[m[K", [32m[Khash[m[K);
[1.065s]       |                       [01;35m[K~^[m[K   [32m[K~~~~[m[K
[1.066s]       |                        [01;35m[K|[m[K   [32m[K|[m[K
[1.066s]       |                        [01;35m[Kint[m[K [32m[Ksize_t {aka long unsigned int}[m[K
[1.066s]       |                       [32m[K%ld[m[K
[1.067s] [01m[K/home/xplore/Desktop/AV_ws/BRoCo/src/RocoRos/src/MessageBus.cpp:71:25:[m[K [01;35m[Kwarning: [m[Kformat ‘[01m[K%d[m[K’ expects argument of type ‘[01m[Kint[m[K’, but argument 2 has type ‘[01m[Ksize_t[m[K’ {aka ‘[01m[Klong unsigned int[m[K’} [[01;35m[K-Wformat=[m[K]
[1.067s]    71 |     printf("hash3 is : [01;35m[K%d[m[K", [32m[Khash[m[K);
[1.067s]       |                        [01;35m[K~^[m[K   [32m[K~~~~[m[K
[1.067s]       |                         [01;35m[K|[m[K   [32m[K|[m[K
[1.068s]       |                         [01;35m[Kint[m[K [32m[Ksize_t {aka long unsigned int}[m[K
[1.068s]       |                        [32m[K%ld[m[K
[1.299s] In file included from [01m[K/home/xplore/Desktop/AV_ws/BRoCo/src/RocoRos/src/../include/RocoRos/Protocol/Protocol23.h:13[m[K,
[1.300s]                  from [01m[K/home/xplore/Desktop/AV_ws/BRoCo/src/RocoRos/src/../include/RocoRos/Protocol/Protocol.h:31[m[K,
[1.300s]                  from [01m[K/home/xplore/Desktop/AV_ws/BRoCo/src/RocoRos/src/../include/RocoRos/Protocol/ProtocolRegisters.h:13[m[K,
[1.300s]                  from [01m[K/home/xplore/Desktop/AV_ws/BRoCo/src/RocoRos/src/MessageBus.cpp:25[m[K:
[1.301s] [01m[K/home/xplore/Desktop/AV_ws/BRoCo/src/RocoRos/src/../include/RocoRos/Protocol/ProtocolMacros.h:[m[K At global scope:
[1.301s] [01m[K/home/xplore/Desktop/AV_ws/BRoCo/src/RocoRos/src/../include/RocoRos/Protocol/ProtocolMacros.h:10:17:[m[K [01;35m[Kwarning: [m[K‘[01m[Kuint16_t __gen_crc16(const uint8_t*, uint16_t)[m[K’ defined but not used [[01;35m[K-Wunused-function[m[K]
[1.301s]    10 | static uint16_t [01;35m[K__gen_crc16[m[K(const uint8_t *data, uint16_t size) {
[1.301s]       |                 [01;35m[K^~~~~~~~~~~[m[K
[2.071s] [ 28%] [32m[1mLinking CXX executable cringe[0m
[2.957s] [100%] Built target cringe
[3.008s] Invoked command in '/home/xplore/Desktop/AV_ws/BRoCo/build/RocoRos' returned '0': CMAKE_PREFIX_PATH=${CMAKE_PREFIX_PATH}:/opt/ros/foxy /usr/bin/cmake --build /home/xplore/Desktop/AV_ws/BRoCo/build/RocoRos -- -j8 -l8
[3.219s] Invoking command in '/home/xplore/Desktop/AV_ws/BRoCo/build/RocoRos': CMAKE_PREFIX_PATH=${CMAKE_PREFIX_PATH}:/opt/ros/foxy /usr/bin/cmake --install /home/xplore/Desktop/AV_ws/BRoCo/build/RocoRos
[3.255s] -- Install configuration: ""
[3.256s] -- Installing: /home/xplore/Desktop/AV_ws/BRoCo/install/RocoRos/lib/RocoRos/cringe
[3.273s] -- Set runtime path of "/home/xplore/Desktop/AV_ws/BRoCo/install/RocoRos/lib/RocoRos/cringe" to ""
[3.274s] -- Up-to-date: /home/xplore/Desktop/AV_ws/BRoCo/install/RocoRos/share/ament_index/resource_index/package_run_dependencies/RocoRos
[3.275s] -- Up-to-date: /home/xplore/Desktop/AV_ws/BRoCo/install/RocoRos/share/ament_index/resource_index/parent_prefix_path/RocoRos
[3.275s] -- Up-to-date: /home/xplore/Desktop/AV_ws/BRoCo/install/RocoRos/share/RocoRos/environment/ament_prefix_path.sh
[3.275s] -- Up-to-date: /home/xplore/Desktop/AV_ws/BRoCo/install/RocoRos/share/RocoRos/environment/ament_prefix_path.dsv
[3.277s] -- Up-to-date: /home/xplore/Desktop/AV_ws/BRoCo/install/RocoRos/share/RocoRos/environment/path.sh
[3.277s] -- Up-to-date: /home/xplore/Desktop/AV_ws/BRoCo/install/RocoRos/share/RocoRos/environment/path.dsv
[3.278s] -- Up-to-date: /home/xplore/Desktop/AV_ws/BRoCo/install/RocoRos/share/RocoRos/local_setup.bash
[3.278s] -- Up-to-date: /home/xplore/Desktop/AV_ws/BRoCo/install/RocoRos/share/RocoRos/local_setup.sh
[3.278s] -- Up-to-date: /home/xplore/Desktop/AV_ws/BRoCo/install/RocoRos/share/RocoRos/local_setup.zsh
[3.279s] -- Up-to-date: /home/xplore/Desktop/AV_ws/BRoCo/install/RocoRos/share/RocoRos/local_setup.dsv
[3.279s] -- Installing: /home/xplore/Desktop/AV_ws/BRoCo/install/RocoRos/share/RocoRos/package.dsv
[3.279s] -- Up-to-date: /home/xplore/Desktop/AV_ws/BRoCo/install/RocoRos/share/ament_index/resource_index/packages/RocoRos
[3.279s] -- Up-to-date: /home/xplore/Desktop/AV_ws/BRoCo/install/RocoRos/share/RocoRos/cmake/RocoRosConfig.cmake
[3.280s] -- Up-to-date: /home/xplore/Desktop/AV_ws/BRoCo/install/RocoRos/share/RocoRos/cmake/RocoRosConfig-version.cmake
[3.280s] -- Up-to-date: /home/xplore/Desktop/AV_ws/BRoCo/install/RocoRos/share/RocoRos/package.xml
[3.287s] Invoked command in '/home/xplore/Desktop/AV_ws/BRoCo/build/RocoRos' returned '0': CMAKE_PREFIX_PATH=${CMAKE_PREFIX_PATH}:/opt/ros/foxy /usr/bin/cmake --install /home/xplore/Desktop/AV_ws/BRoCo/build/RocoRos
