[0.088s] Invoking command in '/home/xplore/Desktop/AV_ws/BRoCo/build/RocoRos': CMAKE_PREFIX_PATH=${CMAKE_PREFIX_PATH}:/opt/ros/foxy /usr/bin/cmake --build /home/xplore/Desktop/AV_ws/BRoCo/build/RocoRos -- -j8 -l8
[0.270s] [35m[1mScanning dependencies of target cringe[0m
[0.419s] [ 14%] [32mBuilding CXX object CMakeFiles/cringe.dir/src/RocoRos.cpp.o[0m
[1.674s] In file included from [01m[K/home/xplore/Desktop/AV_ws/BRoCo/src/RocoRos/src/../include/RocoRos/RoCo.h:15[m[K,
[1.675s]                  from [01m[K/home/xplore/Desktop/AV_ws/BRoCo/src/RocoRos/src/RocoRos.cpp:13[m[K:
[1.675s] [01m[K/home/xplore/Desktop/AV_ws/BRoCo/src/RocoRos/src/../include/RocoRos/MessageBus.h:51:45:[m[K [01;35m[Kwarning: [m[Kmissing initializer for member ‘[01m[KPacketDefinition::size[m[K’ [[01;35m[K-Wmissing-field-initializers[m[K]
[1.675s]    51 |  PacketDefinition definitions_by_id[64] = {0[01;35m[K}[m[K;
[1.676s]       |                                             [01;35m[K^[m[K
[1.676s] [01m[K/home/xplore/Desktop/AV_ws/BRoCo/src/RocoRos/src/../include/RocoRos/MessageBus.h:51:45:[m[K [01;35m[Kwarning: [m[Kmissing initializer for member ‘[01m[KPacketDefinition::hash[m[K’ [[01;35m[K-Wmissing-field-initializers[m[K]
[5.046s] In file included from [01m[K/home/xplore/Desktop/AV_ws/BRoCo/src/RocoRos/src/RocoRos.cpp:15[m[K:
[5.047s] [01m[K/home/xplore/Desktop/AV_ws/BRoCo/src/RocoRos/src/../include/RocoRos/handlers_cs.h:[m[K In function ‘[01m[Kvoid handle_IMU(uint8_t, IMU_Packet*, void*)[m[K’:
[5.047s] [01m[K/home/xplore/Desktop/AV_ws/BRoCo/src/RocoRos/src/../include/RocoRos/handlers_cs.h:142:25:[m[K [01;35m[Kwarning: [m[Kunused parameter ‘[01m[Ksender_id[m[K’ [[01;35m[K-Wunused-parameter[m[K]
[5.048s]   142 | void handle_IMU([01;35m[Kuint8_t sender_id[m[K, IMU_Packet* packet, void* ros_publisher)
[5.048s]       |                 [01;35m[K~~~~~~~~^~~~~~~~~[m[K
[5.113s] [01m[K/home/xplore/Desktop/AV_ws/BRoCo/src/RocoRos/src/../include/RocoRos/handlers_cs.h:[m[K In function ‘[01m[Kvoid handle_dummy(uint8_t, DummySystem_DummyPacket*, void*)[m[K’:
[5.114s] [01m[K/home/xplore/Desktop/AV_ws/BRoCo/src/RocoRos/src/../include/RocoRos/handlers_cs.h:172:27:[m[K [01;35m[Kwarning: [m[Kunused parameter ‘[01m[Ksender_id[m[K’ [[01;35m[K-Wunused-parameter[m[K]
[5.114s]   172 | void handle_dummy([01;35m[Kuint8_t sender_id[m[K, DummySystem_DummyPacket* packet, void* ros_publisher)
[5.114s]       |                   [01;35m[K~~~~~~~~^~~~~~~~~[m[K
[10.058s] In file included from [01m[K/home/xplore/Desktop/AV_ws/BRoCo/src/RocoRos/src/../include/RocoRos/Protocol/Protocol23.h:13[m[K,
[10.059s]                  from [01m[K/home/xplore/Desktop/AV_ws/BRoCo/src/RocoRos/src/../include/RocoRos/Protocol/Protocol.h:31[m[K,
[10.059s]                  from [01m[K/home/xplore/Desktop/AV_ws/BRoCo/src/RocoRos/src/../include/RocoRos/RoCo.h:12[m[K,
[10.059s]                  from [01m[K/home/xplore/Desktop/AV_ws/BRoCo/src/RocoRos/src/RocoRos.cpp:13[m[K:
[10.060s] [01m[K/home/xplore/Desktop/AV_ws/BRoCo/src/RocoRos/src/../include/RocoRos/Protocol/ProtocolMacros.h:[m[K At global scope:
[10.060s] [01m[K/home/xplore/Desktop/AV_ws/BRoCo/src/RocoRos/src/../include/RocoRos/Protocol/ProtocolMacros.h:10:17:[m[K [01;35m[Kwarning: [m[K‘[01m[Kuint16_t __gen_crc16(const uint8_t*, uint16_t)[m[K’ defined but not used [[01;35m[K-Wunused-function[m[K]
[10.060s]    10 | static uint16_t [01;35m[K__gen_crc16[m[K(const uint8_t *data, uint16_t size) {
[10.061s]       |                 [01;35m[K^~~~~~~~~~~[m[K
[17.252s] [ 28%] [32m[1mLinking CXX executable cringe[0m
[18.257s] [100%] Built target cringe
[18.301s] Invoked command in '/home/xplore/Desktop/AV_ws/BRoCo/build/RocoRos' returned '0': CMAKE_PREFIX_PATH=${CMAKE_PREFIX_PATH}:/opt/ros/foxy /usr/bin/cmake --build /home/xplore/Desktop/AV_ws/BRoCo/build/RocoRos -- -j8 -l8
[18.499s] Invoking command in '/home/xplore/Desktop/AV_ws/BRoCo/build/RocoRos': CMAKE_PREFIX_PATH=${CMAKE_PREFIX_PATH}:/opt/ros/foxy /usr/bin/cmake --install /home/xplore/Desktop/AV_ws/BRoCo/build/RocoRos
[18.529s] -- Install configuration: ""
[18.530s] -- Installing: /home/xplore/Desktop/AV_ws/BRoCo/install/RocoRos/lib/RocoRos/cringe
[18.550s] -- Set runtime path of "/home/xplore/Desktop/AV_ws/BRoCo/install/RocoRos/lib/RocoRos/cringe" to ""
[18.550s] -- Up-to-date: /home/xplore/Desktop/AV_ws/BRoCo/install/RocoRos/share/ament_index/resource_index/package_run_dependencies/RocoRos
[18.551s] -- Up-to-date: /home/xplore/Desktop/AV_ws/BRoCo/install/RocoRos/share/ament_index/resource_index/parent_prefix_path/RocoRos
[18.551s] -- Up-to-date: /home/xplore/Desktop/AV_ws/BRoCo/install/RocoRos/share/RocoRos/environment/ament_prefix_path.sh
[18.552s] -- Up-to-date: /home/xplore/Desktop/AV_ws/BRoCo/install/RocoRos/share/RocoRos/environment/ament_prefix_path.dsv
[18.552s] -- Up-to-date: /home/xplore/Desktop/AV_ws/BRoCo/install/RocoRos/share/RocoRos/environment/path.sh
[18.553s] -- Up-to-date: /home/xplore/Desktop/AV_ws/BRoCo/install/RocoRos/share/RocoRos/environment/path.dsv
[18.553s] -- Up-to-date: /home/xplore/Desktop/AV_ws/BRoCo/install/RocoRos/share/RocoRos/local_setup.bash
[18.553s] -- Up-to-date: /home/xplore/Desktop/AV_ws/BRoCo/install/RocoRos/share/RocoRos/local_setup.sh
[18.554s] -- Up-to-date: /home/xplore/Desktop/AV_ws/BRoCo/install/RocoRos/share/RocoRos/local_setup.zsh
[18.554s] -- Up-to-date: /home/xplore/Desktop/AV_ws/BRoCo/install/RocoRos/share/RocoRos/local_setup.dsv
[18.555s] -- Installing: /home/xplore/Desktop/AV_ws/BRoCo/install/RocoRos/share/RocoRos/package.dsv
[18.555s] -- Up-to-date: /home/xplore/Desktop/AV_ws/BRoCo/install/RocoRos/share/ament_index/resource_index/packages/RocoRos
[18.555s] -- Up-to-date: /home/xplore/Desktop/AV_ws/BRoCo/install/RocoRos/share/RocoRos/cmake/RocoRosConfig.cmake
[18.556s] -- Up-to-date: /home/xplore/Desktop/AV_ws/BRoCo/install/RocoRos/share/RocoRos/cmake/RocoRosConfig-version.cmake
[18.556s] -- Up-to-date: /home/xplore/Desktop/AV_ws/BRoCo/install/RocoRos/share/RocoRos/package.xml
[18.565s] Invoked command in '/home/xplore/Desktop/AV_ws/BRoCo/build/RocoRos' returned '0': CMAKE_PREFIX_PATH=${CMAKE_PREFIX_PATH}:/opt/ros/foxy /usr/bin/cmake --install /home/xplore/Desktop/AV_ws/BRoCo/build/RocoRos
