[0.084s] Invoking command in '/home/xplore/Desktop/AV_ws/BRoCo/build/RocoRos': CMAKE_PREFIX_PATH=${CMAKE_PREFIX_PATH}:/opt/ros/foxy /usr/bin/cmake --build /home/xplore/Desktop/AV_ws/BRoCo/build/RocoRos -- -j8 -l8
[0.273s] [35m[1mScanning dependencies of target cringe[0m
[0.349s] [ 14%] [32mBuilding CXX object CMakeFiles/cringe.dir/src/CanSocketDriver.cpp.o[0m
[1.455s] [01m[K/home/xplore/Desktop/AV_ws/BRoCo/src/RocoRos/src/CanSocketDriver.cpp:[m[K In member function ‘[01m[Kvoid CanSocketDriver::TxFrameConfig(uint32_t, int, uint8_t*)[m[K’:
[1.455s] [01m[K/home/xplore/Desktop/AV_ws/BRoCo/src/RocoRos/src/CanSocketDriver.cpp:93:58:[m[K [01;35m[Kwarning: [m[Kunused parameter ‘[01m[Klen[m[K’ [[01;35m[K-Wunused-parameter[m[K]
[1.456s]    93 | void CanSocketDriver::TxFrameConfig(uint32_t can_id, [01;35m[Kint len[m[K, uint8_t buffer[64])
[1.456s]       |                                                      [01;35m[K~~~~^~~[m[K
[1.456s] [01m[K/home/xplore/Desktop/AV_ws/BRoCo/src/RocoRos/src/CanSocketDriver.cpp:93:71:[m[K [01;35m[Kwarning: [m[Kunused parameter ‘[01m[Kbuffer[m[K’ [[01;35m[K-Wunused-parameter[m[K]
[1.457s]    93 | void CanSocketDriver::TxFrameConfig(uint32_t can_id, int len, [01;35m[Kuint8_t buffer[64][m[K)
[1.457s]       |                                                               [01;35m[K~~~~~~~~^~~~~~~~~~[m[K
[1.457s] [01m[K/home/xplore/Desktop/AV_ws/BRoCo/src/RocoRos/src/CanSocketDriver.cpp:[m[K In member function ‘[01m[Kvirtual void CanSocketDriver::transmit(uint8_t*, uint32_t)[m[K’:
[1.458s] [01m[K/home/xplore/Desktop/AV_ws/BRoCo/src/RocoRos/src/CanSocketDriver.cpp:106:26:[m[K [01;35m[Kwarning: [m[Kcomparison of integer expressions of different signedness: ‘[01m[Kint[m[K’ and ‘[01m[Kuint32_t[m[K’ {aka ‘[01m[Kunsigned int[m[K’} [[01;35m[K-Wsign-compare[m[K]
[1.458s]   106 |         for(int i = 0; [01;35m[Ki < length[m[K; ++i){
[1.458s]       |                        [01;35m[K~~^~~~~~~~[m[K
[1.458s] [01m[K/home/xplore/Desktop/AV_ws/BRoCo/src/RocoRos/src/CanSocketDriver.cpp:103:11:[m[K [01;35m[Kwarning: [m[Kvariable ‘[01m[Kresult[m[K’ set but not used [[01;35m[K-Wunused-but-set-variable[m[K]
[1.459s]   103 |   int32_t [01;35m[Kresult[m[K;
[1.459s]       |           [01;35m[K^~~~~~[m[K
[1.889s] [ 28%] [32m[1mLinking CXX executable cringe[0m
[2.747s] [100%] Built target cringe
[2.793s] Invoked command in '/home/xplore/Desktop/AV_ws/BRoCo/build/RocoRos' returned '0': CMAKE_PREFIX_PATH=${CMAKE_PREFIX_PATH}:/opt/ros/foxy /usr/bin/cmake --build /home/xplore/Desktop/AV_ws/BRoCo/build/RocoRos -- -j8 -l8
[2.998s] Invoking command in '/home/xplore/Desktop/AV_ws/BRoCo/build/RocoRos': CMAKE_PREFIX_PATH=${CMAKE_PREFIX_PATH}:/opt/ros/foxy /usr/bin/cmake --install /home/xplore/Desktop/AV_ws/BRoCo/build/RocoRos
[3.032s] -- Install configuration: ""
[3.033s] -- Installing: /home/xplore/Desktop/AV_ws/BRoCo/install/RocoRos/lib/RocoRos/cringe
[3.049s] -- Set runtime path of "/home/xplore/Desktop/AV_ws/BRoCo/install/RocoRos/lib/RocoRos/cringe" to ""
[3.050s] -- Up-to-date: /home/xplore/Desktop/AV_ws/BRoCo/install/RocoRos/share/ament_index/resource_index/package_run_dependencies/RocoRos
[3.051s] -- Up-to-date: /home/xplore/Desktop/AV_ws/BRoCo/install/RocoRos/share/ament_index/resource_index/parent_prefix_path/RocoRos
[3.051s] -- Up-to-date: /home/xplore/Desktop/AV_ws/BRoCo/install/RocoRos/share/RocoRos/environment/ament_prefix_path.sh
[3.052s] -- Up-to-date: /home/xplore/Desktop/AV_ws/BRoCo/install/RocoRos/share/RocoRos/environment/ament_prefix_path.dsv
[3.052s] -- Up-to-date: /home/xplore/Desktop/AV_ws/BRoCo/install/RocoRos/share/RocoRos/environment/path.sh
[3.053s] -- Up-to-date: /home/xplore/Desktop/AV_ws/BRoCo/install/RocoRos/share/RocoRos/environment/path.dsv
[3.053s] -- Up-to-date: /home/xplore/Desktop/AV_ws/BRoCo/install/RocoRos/share/RocoRos/local_setup.bash
[3.053s] -- Up-to-date: /home/xplore/Desktop/AV_ws/BRoCo/install/RocoRos/share/RocoRos/local_setup.sh
[3.054s] -- Up-to-date: /home/xplore/Desktop/AV_ws/BRoCo/install/RocoRos/share/RocoRos/local_setup.zsh
[3.054s] -- Up-to-date: /home/xplore/Desktop/AV_ws/BRoCo/install/RocoRos/share/RocoRos/local_setup.dsv
[3.054s] -- Installing: /home/xplore/Desktop/AV_ws/BRoCo/install/RocoRos/share/RocoRos/package.dsv
[3.055s] -- Up-to-date: /home/xplore/Desktop/AV_ws/BRoCo/install/RocoRos/share/ament_index/resource_index/packages/RocoRos
[3.055s] -- Up-to-date: /home/xplore/Desktop/AV_ws/BRoCo/install/RocoRos/share/RocoRos/cmake/RocoRosConfig.cmake
[3.055s] -- Up-to-date: /home/xplore/Desktop/AV_ws/BRoCo/install/RocoRos/share/RocoRos/cmake/RocoRosConfig-version.cmake
[3.056s] -- Up-to-date: /home/xplore/Desktop/AV_ws/BRoCo/install/RocoRos/share/RocoRos/package.xml
[3.063s] Invoked command in '/home/xplore/Desktop/AV_ws/BRoCo/build/RocoRos' returned '0': CMAKE_PREFIX_PATH=${CMAKE_PREFIX_PATH}:/opt/ros/foxy /usr/bin/cmake --install /home/xplore/Desktop/AV_ws/BRoCo/build/RocoRos
